#-----------------------------------------------------------
# Webtalk v2017.4 (64-bit)
# SW Build 2086221 on Fri Dec 15 20:55:39 MST 2017
# 
# Start of session at: Tue Jan  3 22:42:56 2023
# Process ID: 27940
# Current directory: D:/Alinx/Alinx7010/Self_learning/ov5640_mnist/ov5640_mnist.sdk/webtalk
# Command line: wbtcv.exe -mode batch -source sdk_webtalk.tcl
# Log file: D:/Alinx/Alinx7010/Self_learning/ov5640_mnist/ov5640_mnist.sdk/webtalk/webtalk.log
# Journal file: D:/Alinx/Alinx7010/Self_learning/ov5640_mnist/ov5640_mnist.sdk/webtalk\webtalk.jou
#-----------------------------------------------------------
source sdk_webtalk.tcl
# webtalk_init -webtalk_dir D:\\Alinx\\Alinx7010\\Self_learning\\ov5640_mnist\\ov5640_mnist.sdk\\webtalk
# webtalk_register_client -client project
# webtalk_add_data -client project -key date_generated -value "2023-01-03 22:42:54" -context "software_version_and_target_device"
# webtalk_add_data -client project -key product_version -value "SDK v2017.4" -context "software_version_and_target_device"
# webtalk_add_data -client project -key build_version -value "2017.4" -context "software_version_and_target_device"
# webtalk_add_data -client project -key os_platform -value "amd64" -context "software_version_and_target_device"
# webtalk_add_data -client project -key registration_id -value "" -context "software_version_and_target_device"
# webtalk_add_data -client project -key tool_flow -value "SDK" -context "software_version_and_target_device"
# webtalk_add_data -client project -key beta -value "false" -context "software_version_and_target_device"
# webtalk_add_data -client project -key route_design -value "NA" -context "software_version_and_target_device"
# webtalk_add_data -client project -key target_family -value "NA" -context "software_version_and_target_device"
# webtalk_add_data -client project -key target_device -value "NA" -context "software_version_and_target_device"
# webtalk_add_data -client project -key target_package -value "NA" -context "software_version_and_target_device"
# webtalk_add_data -client project -key target_speed -value "NA" -context "software_version_and_target_device"
# webtalk_add_data -client project -key random_id -value "5jg3hha1t6cj71oouinn1cbcc8" -context "software_version_and_target_device"
# webtalk_add_data -client project -key project_id -value "2017.4_351" -context "software_version_and_target_device"
# webtalk_add_data -client project -key project_iteration -value "351" -context "software_version_and_target_device"
# webtalk_add_data -client project -key os_name -value "Microsoft Windows 8 or later , 64-bit" -context "user_environment"
# webtalk_add_data -client project -key os_release -value "major release  (build 9200)" -context "user_environment"
# webtalk_add_data -client project -key cpu_name -value "Intel(R) Core(TM) i9-10900K CPU @ 3.70GHz" -context "user_environment"
# webtalk_add_data -client project -key cpu_speed -value "3696 MHz" -context "user_environment"
# webtalk_add_data -client project -key total_processors -value "1" -context "user_environment"
# webtalk_add_data -client project -key system_ram -value "34.060 GB" -context "user_environment"
# webtalk_register_client -client sdk
# webtalk_add_data -client sdk -key uid -value "1672743825175" -context "sdk\\\\hardware/1672743825175"
# webtalk_add_data -client sdk -key isZynq -value "true" -context "sdk\\\\hardware/1672743825175"
# webtalk_add_data -client sdk -key isZynqMP -value "false" -context "sdk\\\\hardware/1672743825175"
# webtalk_add_data -client sdk -key Processors -value "2" -context "sdk\\\\hardware/1672743825175"
# webtalk_add_data -client sdk -key VivadoVersion -value "2017.4" -context "sdk\\\\hardware/1672743825175"
# webtalk_add_data -client sdk -key Arch -value "zynq" -context "sdk\\\\hardware/1672743825175"
# webtalk_add_data -client sdk -key Device -value "7z010" -context "sdk\\\\hardware/1672743825175"
# webtalk_add_data -client sdk -key IsHandoff -value "true" -context "sdk\\\\hardware/1672743825175"
# webtalk_add_data -client sdk -key os -value "NA" -context "sdk\\\\hardware/1672743825175"
# webtalk_add_data -client sdk -key apptemplate -value "NA" -context "sdk\\\\hardware/1672743825175"
# webtalk_add_data -client sdk -key RecordType -value "HWCreation" -context "sdk\\\\hardware/1672743825175"
# webtalk_add_data -client sdk -key uid -value "NA" -context "sdk\\\\bsp/1672756974285"
# webtalk_add_data -client sdk -key RecordType -value "ToolUsage" -context "sdk\\\\bsp/1672756974285"
# webtalk_add_data -client sdk -key BootgenCount -value "0" -context "sdk\\\\bsp/1672756974285"
# webtalk_add_data -client sdk -key DebugCount -value "1" -context "sdk\\\\bsp/1672756974285"
# webtalk_add_data -client sdk -key PerfCount -value "0" -context "sdk\\\\bsp/1672756974285"
# webtalk_add_data -client sdk -key FlashCount -value "0" -context "sdk\\\\bsp/1672756974285"
# webtalk_add_data -client sdk -key CrossTriggCount -value "0" -context "sdk\\\\bsp/1672756974285"
# webtalk_add_data -client sdk -key QemuDebugCount -value "0" -context "sdk\\\\bsp/1672756974285"
# webtalk_transmit -clientid 3168034813 -regid "" -xml D:\\Alinx\\Alinx7010\\Self_learning\\ov5640_mnist\\ov5640_mnist.sdk\\webtalk\\usage_statistics_ext_sdk.xml -html D:\\Alinx\\Alinx7010\\Self_learning\\ov5640_mnist\\ov5640_mnist.sdk\\webtalk\\usage_statistics_ext_sdk.html -wdm D:\\Alinx\\Alinx7010\\Self_learning\\ov5640_mnist\\ov5640_mnist.sdk\\webtalk\\sdk_webtalk.wdm -intro "<H3>SDK Usage Report</H3><BR>"
# webtalk_terminate
INFO: [Common 17-206] Exiting Webtalk at Tue Jan  3 22:42:56 2023...
