Vivado Simulator 2017.4
Copyright 1986-1999, 2001-2016 Xilinx, Inc. All Rights Reserved.
Running: D:/Vivado2017.4/Vivado/2017.4/bin/unwrapped/win64.o/xelab.exe -wto 4c422901e6fe4e08bc8f36ef8df0012c --incr --debug typical --relax --mt 2 -L blk_mem_gen_v8_4_1 -L xil_defaultlib -L xbip_utils_v3_0_8 -L axi_utils_v2_0_4 -L xbip_pipe_v3_0_4 -L xbip_dsp48_wrapper_v3_0_4 -L xbip_dsp48_addsub_v3_0_4 -L xbip_dsp48_multadd_v3_0_4 -L xbip_bram18k_v3_0_4 -L mult_gen_v12_0_13 -L floating_point_v7_1_5 -L xilinx_vip -L unisims_ver -L unimacro_ver -L secureip -L xpm --snapshot mnist_process_tb_behav xil_defaultlib.mnist_process_tb xil_defaultlib.glbl -log elaborate.log 
Using 2 slave threads.
Starting static elaboration
WARNING: [VRFC 10-1374] size mismatch in mixed language port association, vhdl port s_axis_a_tvalid [D:/Alinx/Alinx7010/Self_learning/ov5640_mnist_parallel/ov5640_mnist_parallel.srcs/sources_1/new/batch_normalization.v:87]
WARNING: [VRFC 10-278] actual bit length 11 differs from formal bit length 10 for port addra [D:/Alinx/Alinx7010/Self_learning/ov5640_mnist_parallel/ov5640_mnist_parallel.srcs/sim_1/new/mnist_process_tb.v:129]
WARNING: [VRFC 10-278] actual bit length 11 differs from formal bit length 7 for port addra [D:/Alinx/Alinx7010/Self_learning/ov5640_mnist_parallel/ov5640_mnist_parallel.srcs/sources_1/new/mnist_process.v:302]
WARNING: [VRFC 10-278] actual bit length 4 differs from formal bit length 3 for port addra [D:/Alinx/Alinx7010/Self_learning/ov5640_mnist_parallel/ov5640_mnist_parallel.srcs/sources_1/new/mnist_process.v:303]
WARNING: [VRFC 10-278] actual bit length 2 differs from formal bit length 1 for port addra [D:/Alinx/Alinx7010/Self_learning/ov5640_mnist_parallel/ov5640_mnist_parallel.srcs/sources_1/new/mnist_process.v:306]
WARNING: [VRFC 10-278] actual bit length 32 differs from formal bit length 11 for port addra [D:/Alinx/Alinx7010/Self_learning/ov5640_mnist_parallel/ov5640_mnist_parallel.srcs/sources_1/new/mnist_process.v:307]
WARNING: [VRFC 10-278] actual bit length 6 differs from formal bit length 5 for port addra [D:/Alinx/Alinx7010/Self_learning/ov5640_mnist_parallel/ov5640_mnist_parallel.srcs/sources_1/imports/new/convlayer.v:129]
WARNING: [VRFC 10-278] actual bit length 6 differs from formal bit length 5 for port addrb [D:/Alinx/Alinx7010/Self_learning/ov5640_mnist_parallel/ov5640_mnist_parallel.srcs/sources_1/imports/new/convlayer.v:130]
WARNING: [VRFC 10-278] actual bit length 16 differs from formal bit length 5 for port addra [D:/Alinx/Alinx7010/Self_learning/ov5640_mnist_parallel/ov5640_mnist_parallel.srcs/sources_1/imports/pooling/max_pooling.v:91]
WARNING: [VRFC 10-278] actual bit length 16 differs from formal bit length 13 for port addra [D:/Alinx/Alinx7010/Self_learning/ov5640_mnist_parallel/ov5640_mnist_parallel.srcs/sources_1/new/sigmoid.v:48]
WARNING: [VRFC 10-278] actual bit length 32 differs from formal bit length 4 for port upper_number [D:/Alinx/Alinx7010/Self_learning/ov5640_mnist_parallel/ov5640_mnist_parallel.srcs/sources_1/new/out_select.v:47]
WARNING: [VRFC 10-278] actual bit length 32 differs from formal bit length 4 for port current_number [D:/Alinx/Alinx7010/Self_learning/ov5640_mnist_parallel/ov5640_mnist_parallel.srcs/sources_1/new/out_select.v:48]
WARNING: [VRFC 10-278] actual bit length 16 differs from formal bit length 8 for port addrb [D:/Alinx/Alinx7010/Self_learning/ov5640_mnist_parallel/ov5640_mnist_parallel.srcs/sources_1/new/mnist_process.v:310]
WARNING: [VRFC 10-278] actual bit length 8 differs from formal bit length 5 for port addra [D:/Alinx/Alinx7010/Self_learning/ov5640_mnist_parallel/ov5640_mnist_parallel.srcs/sources_1/new/mnist_process.v:400]
WARNING: [VRFC 10-1783] select index 30 into current_contents is out of bounds [/wrk/2017.4/nightly/2017_12_15_2086221/packages/customer/vivado/data/ip/xilinx/blk_mem_gen_v8_4/simulation/blk_mem_gen_v8_4.v:2419]
WARNING: [VRFC 10-1783] select index 62 into current_contents is out of bounds [/wrk/2017.4/nightly/2017_12_15_2086221/packages/customer/vivado/data/ip/xilinx/blk_mem_gen_v8_4/simulation/blk_mem_gen_v8_4.v:2420]
WARNING: [VRFC 10-1783] select index -2 into ram_select_s is out of bounds [D:/Alinx/Alinx7010/Self_learning/ov5640_mnist_parallel/ov5640_mnist_parallel.srcs/sources_1/imports/pooling/pooling_ctrl.v:106]
WARNING: [VRFC 10-1783] select index 4 into ram_select_s is out of bounds [D:/Alinx/Alinx7010/Self_learning/ov5640_mnist_parallel/ov5640_mnist_parallel.srcs/sources_1/imports/pooling/pooling_ctrl.v:104]
WARNING: [VRFC 10-1783] select index -1 into number is out of bounds [D:/Alinx/Alinx7010/Self_learning/ov5640_mnist_parallel/ov5640_mnist_parallel.srcs/sources_1/new/out_select.v:47]
Completed static elaboration
Starting simulation data flow analysis
Completed simulation data flow analysis
Time Resolution for simulation is 1ps
Compiling package std.standard
Compiling package std.textio
Compiling package ieee.std_logic_1164
Compiling package ieee.numeric_std
Compiling package floating_point_v7_1_5.floating_point_v7_1_5_viv_comp
Compiling package xbip_utils_v3_0_8.xbip_utils_v3_0_8_pkg
Compiling package axi_utils_v2_0_4.axi_utils_v2_0_4_pkg
Compiling package floating_point_v7_1_5.floating_point_v7_1_5_consts
Compiling package ieee.math_real
Compiling package floating_point_v7_1_5.floating_point_v7_1_5_exp_table_...
Compiling package mult_gen_v12_0_13.mult_gen_v12_0_13_pkg
Compiling package ieee.std_logic_arith
Compiling package ieee.std_logic_signed
Compiling package floating_point_v7_1_5.floating_point_v7_1_5_pkg
Compiling package floating_point_v7_1_5.flt_utils
Compiling package floating_point_v7_1_5.vt2mutils
Compiling package floating_point_v7_1_5.vt2mcomps
Compiling package unisim.vcomponents
Compiling package xbip_pipe_v3_0_4.xbip_pipe_v3_0_4_viv_comp
Compiling package ieee.vital_timing
Compiling package ieee.vital_primitives
Compiling package unisim.vpkg
Compiling module blk_mem_gen_v8_4_1.blk_mem_gen_v8_4_1_output_stage(...
Compiling module blk_mem_gen_v8_4_1.blk_mem_gen_v8_4_1_softecc_outpu...
Compiling module blk_mem_gen_v8_4_1.blk_mem_gen_v8_4_1_mem_module(C_...
Compiling module blk_mem_gen_v8_4_1.blk_mem_gen_v8_4_1(C_FAMILY="zyn...
Compiling module xil_defaultlib.test_imgrom
Compiling module blk_mem_gen_v8_4_1.blk_mem_gen_v8_4_1_output_stage(...
Compiling module blk_mem_gen_v8_4_1.blk_mem_gen_v8_4_1_softecc_outpu...
Compiling module blk_mem_gen_v8_4_1.blk_mem_gen_v8_4_1_mem_module(C_...
Compiling module blk_mem_gen_v8_4_1.blk_mem_gen_v8_4_1(C_FAMILY="zyn...
Compiling module xil_defaultlib.W1_blkmem
Compiling module blk_mem_gen_v8_4_1.blk_mem_gen_v8_4_1_output_stage(...
Compiling module blk_mem_gen_v8_4_1.blk_mem_gen_v8_4_1_softecc_outpu...
Compiling module blk_mem_gen_v8_4_1.blk_mem_gen_v8_4_1_mem_module(C_...
Compiling module blk_mem_gen_v8_4_1.blk_mem_gen_v8_4_1(C_FAMILY="zyn...
Compiling module xil_defaultlib.b1_blkmem
Compiling module blk_mem_gen_v8_4_1.blk_mem_gen_v8_4_1_output_stage(...
Compiling module blk_mem_gen_v8_4_1.blk_mem_gen_v8_4_1_softecc_outpu...
Compiling module blk_mem_gen_v8_4_1.blk_mem_gen_v8_4_1_mem_module(C_...
Compiling module blk_mem_gen_v8_4_1.blk_mem_gen_v8_4_1(C_FAMILY="zyn...
Compiling module xil_defaultlib.W2_blkmem
Compiling module blk_mem_gen_v8_4_1.blk_mem_gen_v8_4_1_output_stage(...
Compiling module blk_mem_gen_v8_4_1.blk_mem_gen_v8_4_1_softecc_outpu...
Compiling module blk_mem_gen_v8_4_1.blk_mem_gen_v8_4_1_mem_module(C_...
Compiling module blk_mem_gen_v8_4_1.blk_mem_gen_v8_4_1(C_FAMILY="zyn...
Compiling module xil_defaultlib.b2_blkmem
Compiling module blk_mem_gen_v8_4_1.blk_mem_gen_v8_4_1_output_stage(...
Compiling module blk_mem_gen_v8_4_1.blk_mem_gen_v8_4_1_softecc_outpu...
Compiling module blk_mem_gen_v8_4_1.blk_mem_gen_v8_4_1_mem_module(C_...
Compiling module blk_mem_gen_v8_4_1.blk_mem_gen_v8_4_1(C_FAMILY="zyn...
Compiling module xil_defaultlib.BN_blkmem
Compiling module blk_mem_gen_v8_4_1.blk_mem_gen_v8_4_1_mem_module(C_...
Compiling module blk_mem_gen_v8_4_1.blk_mem_gen_v8_4_1(C_FAMILY="zyn...
Compiling module xil_defaultlib.fcnnW_blkmem
Compiling module blk_mem_gen_v8_4_1.blk_mem_gen_v8_4_1_output_stage(...
Compiling module blk_mem_gen_v8_4_1.blk_mem_gen_v8_4_1_softecc_outpu...
Compiling module blk_mem_gen_v8_4_1.blk_mem_gen_v8_4_1_mem_module(C_...
Compiling module blk_mem_gen_v8_4_1.blk_mem_gen_v8_4_1(C_FAMILY="zyn...
Compiling module xil_defaultlib.fcnnW_buffer
Compiling module blk_mem_gen_v8_4_1.blk_mem_gen_v8_4_1_mem_module(C_...
Compiling module blk_mem_gen_v8_4_1.blk_mem_gen_v8_4_1(C_FAMILY="zyn...
Compiling module xil_defaultlib.fcnnb_blkmem
Compiling module blk_mem_gen_v8_4_1.blk_mem_gen_v8_4_1_output_stage(...
Compiling module blk_mem_gen_v8_4_1.blk_mem_gen_v8_4_1_softecc_outpu...
Compiling module blk_mem_gen_v8_4_1.blk_mem_gen_v8_4_1_mem_module(C_...
Compiling module blk_mem_gen_v8_4_1.blk_mem_gen_v8_4_1(C_FAMILY="zyn...
Compiling module xil_defaultlib.conv_ram
Compiling module xil_defaultlib.single_convcore_default
Compiling module xil_defaultlib.convlayer_default
Compiling module xil_defaultlib.pooling_ctrl(LENGTH_PIC=24,WIDTH...
Compiling module blk_mem_gen_v8_4_1.blk_mem_gen_v8_4_1_mem_module(C_...
Compiling module blk_mem_gen_v8_4_1.blk_mem_gen_v8_4_1(C_FAMILY="zyn...
Compiling module xil_defaultlib.pooling_ram
Compiling module xil_defaultlib.max2to1
Compiling module xil_defaultlib.max_pooling_1serial_default
Compiling module xil_defaultlib.max_pooling_1serial(NUM=1)
Compiling module xil_defaultlib.max_pooling_1serial(NUM=2)
Compiling module xil_defaultlib.max_pooling_1serial(NUM=3)
Compiling module xil_defaultlib.max_pooling_1serial(NUM=4)
Compiling module xil_defaultlib.max_pooling_1serial(NUM=5)
Compiling module xil_defaultlib.max_pooling_1serial(NUM=6)
Compiling module xil_defaultlib.max_pooling_1serial(NUM=7)
Compiling module xil_defaultlib.max_pooling_core_default
Compiling module xil_defaultlib.max_pooling(LENGTH_PIC=24,WIDTH_...
Compiling module xil_defaultlib.convlayer(IMAGEL=12,IMAGEW=12,CH...
Compiling module xil_defaultlib.pooling_ctrl(LENGTH_PIC=8,WIDTH_...
Compiling module xil_defaultlib.max_pooling_core(CHANNEL=10)
Compiling module xil_defaultlib.max_pooling(CHANNEL=10,LENGTH_PI...
Compiling module blk_mem_gen_v8_4_1.blk_mem_gen_v8_4_1_mem_module(C_...
Compiling module blk_mem_gen_v8_4_1.blk_mem_gen_v8_4_1(C_FAMILY="zyn...
Compiling module xil_defaultlib.classify_ram
Compiling architecture xilinx of entity axi_utils_v2_0_4.axi_slave_2to1 [\axi_slave_2to1(c_a_tdata_width=...]
Compiling architecture muxcy_v of entity unisim.MUXCY [muxcy_default]
Compiling architecture xorcy_v of entity unisim.XORCY [xorcy_default]
Compiling architecture synth of entity xbip_pipe_v3_0_4.xbip_pipe_v3_0_4_viv [\xbip_pipe_v3_0_4_viv(c_has_ce=1...]
Compiling architecture rtl of entity floating_point_v7_1_5.delay [\delay(length=0)\]
Compiling architecture synth of entity xbip_pipe_v3_0_4.xbip_pipe_v3_0_4_viv [\xbip_pipe_v3_0_4_viv(c_has_ce=1...]
Compiling architecture rtl of entity floating_point_v7_1_5.delay [\delay(width=47,length=0)\]
Compiling architecture synth of entity xbip_pipe_v3_0_4.xbip_pipe_v3_0_4_viv [\xbip_pipe_v3_0_4_viv(c_latency=...]
Compiling architecture rtl of entity floating_point_v7_1_5.delay [\delay(width=48)\]
Compiling architecture struct of entity floating_point_v7_1_5.carry_chain [\carry_chain(c_xdevicefamily="zy...]
Compiling architecture synth of entity xbip_pipe_v3_0_4.xbip_pipe_v3_0_4_viv [\xbip_pipe_v3_0_4_viv(c_latency=...]
Compiling architecture rtl of entity floating_point_v7_1_5.delay [\delay(width=16,fast_input=true)...]
Compiling architecture synth of entity xbip_pipe_v3_0_4.xbip_pipe_v3_0_4_viv [\xbip_pipe_v3_0_4_viv(c_latency=...]
Compiling architecture rtl of entity floating_point_v7_1_5.delay [\delay(width=32)\]
Compiling architecture rtl of entity floating_point_v7_1_5.norm_zero_det [\norm_zero_det(data_width=23,nor...]
Compiling architecture synth of entity xbip_pipe_v3_0_4.xbip_pipe_v3_0_4_viv [\xbip_pipe_v3_0_4_viv(c_has_ce=1...]
Compiling architecture rtl of entity floating_point_v7_1_5.delay [\delay(width=4,length=0,fast_inp...]
Compiling architecture struct of entity floating_point_v7_1_5.carry_chain [\carry_chain(c_xdevicefamily="zy...]
Compiling architecture synth of entity xbip_pipe_v3_0_4.xbip_pipe_v3_0_4_viv [\xbip_pipe_v3_0_4_viv(c_latency=...]
Compiling architecture rtl of entity floating_point_v7_1_5.delay [\delay(width=8,fast_input=true)\]
Compiling architecture rtl of entity floating_point_v7_1_5.mux4 [\mux4(c_xdevicefamily="zynq",wid...]
Compiling architecture synth of entity xbip_pipe_v3_0_4.xbip_pipe_v3_0_4_viv [\xbip_pipe_v3_0_4_viv(c_latency=...]
Compiling architecture rtl of entity floating_point_v7_1_5.delay [\delay(width=4,fast_input=true)\]
Compiling architecture rtl of entity floating_point_v7_1_5.mux4 [\mux4(c_xdevicefamily="zynq",wid...]
Compiling architecture synth of entity xbip_pipe_v3_0_4.xbip_pipe_v3_0_4_viv [\xbip_pipe_v3_0_4_viv(c_latency=...]
Compiling architecture rtl of entity floating_point_v7_1_5.delay [\delay(width=2,length=3)\]
Compiling architecture synth of entity xbip_pipe_v3_0_4.xbip_pipe_v3_0_4_viv [\xbip_pipe_v3_0_4_viv(c_latency=...]
Compiling architecture rtl of entity floating_point_v7_1_5.delay [\delay(width=2,fast_input=true)\]
Compiling architecture rtl of entity floating_point_v7_1_5.mux4 [\mux4(c_xdevicefamily="zynq",wid...]
Compiling architecture synth of entity xbip_pipe_v3_0_4.xbip_pipe_v3_0_4_viv [\xbip_pipe_v3_0_4_viv(c_latency=...]
Compiling architecture rtl of entity floating_point_v7_1_5.delay [\delay(fast_input=true)\]
Compiling architecture rtl of entity floating_point_v7_1_5.mux4 [\mux4(c_xdevicefamily="zynq",wid...]
Compiling architecture synth of entity xbip_pipe_v3_0_4.xbip_pipe_v3_0_4_viv [\xbip_pipe_v3_0_4_viv(c_latency=...]
Compiling architecture rtl of entity floating_point_v7_1_5.delay [\delay(width=2,length=2)\]
Compiling architecture synth of entity xbip_pipe_v3_0_4.xbip_pipe_v3_0_4_viv [\xbip_pipe_v3_0_4_viv(c_latency=...]
Compiling architecture rtl of entity floating_point_v7_1_5.delay [\delay(width=2)\]
Compiling architecture fdre_v of entity unisim.FDRE [fdre_default]
Compiling architecture fde_v of entity unisim.FDE [fde_default]
Compiling architecture synth of entity xbip_pipe_v3_0_4.xbip_pipe_v3_0_4_viv [\xbip_pipe_v3_0_4_viv(c_has_ce=1...]
Compiling architecture rtl of entity floating_point_v7_1_5.delay [\delay(width=8,length=0,fast_inp...]
Compiling architecture struct of entity floating_point_v7_1_5.carry_chain [\carry_chain(c_xdevicefamily="zy...]
Compiling architecture synth of entity xbip_pipe_v3_0_4.xbip_pipe_v3_0_4_viv [\xbip_pipe_v3_0_4_viv(c_latency=...]
Compiling architecture rtl of entity floating_point_v7_1_5.delay [delay_default]
Compiling architecture rtl of entity floating_point_v7_1_5.lead_zero_encode [\lead_zero_encode(c_xdevicefamil...]
Compiling architecture rtl of entity floating_point_v7_1_5.shift_msb_first [\shift_msb_first(a_width=48,resu...]
Compiling architecture synth of entity xbip_pipe_v3_0_4.xbip_pipe_v3_0_4_viv [\xbip_pipe_v3_0_4_viv(c_latency=...]
Compiling architecture rtl of entity floating_point_v7_1_5.delay [\delay(width=8)\]
Compiling architecture synth of entity xbip_pipe_v3_0_4.xbip_pipe_v3_0_4_viv [\xbip_pipe_v3_0_4_viv(c_has_ce=1...]
Compiling architecture rtl of entity floating_point_v7_1_5.delay [\delay(width=8,length=0)\]
Compiling architecture synth of entity xbip_pipe_v3_0_4.xbip_pipe_v3_0_4_viv [\xbip_pipe_v3_0_4_viv(c_has_ce=1...]
Compiling architecture rtl of entity floating_point_v7_1_5.delay [\delay(width=11,length=0)\]
Compiling architecture synth of entity xbip_pipe_v3_0_4.xbip_pipe_v3_0_4_viv [\xbip_pipe_v3_0_4_viv(c_latency=...]
Compiling architecture rtl of entity floating_point_v7_1_5.delay [\delay(width=12)\]
Compiling architecture struct of entity floating_point_v7_1_5.carry_chain [\carry_chain(c_xdevicefamily="zy...]
Compiling architecture synth of entity xbip_pipe_v3_0_4.xbip_pipe_v3_0_4_viv [\xbip_pipe_v3_0_4_viv(c_latency=...]
Compiling architecture rtl of entity floating_point_v7_1_5.delay [\delay(width=11)\]
Compiling architecture struct of entity floating_point_v7_1_5.carry_chain [\carry_chain(c_xdevicefamily="zy...]
Compiling architecture synth of entity xbip_pipe_v3_0_4.xbip_pipe_v3_0_4_viv [\xbip_pipe_v3_0_4_viv(c_has_ce=1...]
Compiling architecture rtl of entity floating_point_v7_1_5.delay [\delay(width=14,length=0)\]
Compiling architecture synth of entity xbip_pipe_v3_0_4.xbip_pipe_v3_0_4_viv [\xbip_pipe_v3_0_4_viv(c_has_ce=1...]
Compiling architecture rtl of entity floating_point_v7_1_5.delay [\delay(width=25,length=0)\]
Compiling architecture synth of entity xbip_pipe_v3_0_4.xbip_pipe_v3_0_4_viv [\xbip_pipe_v3_0_4_viv(c_has_ce=1...]
Compiling architecture rtl of entity floating_point_v7_1_5.delay [\delay(width=3,length=0)\]
Compiling architecture synth of entity xbip_pipe_v3_0_4.xbip_pipe_v3_0_4_viv [\xbip_pipe_v3_0_4_viv(c_has_ce=1...]
Compiling architecture rtl of entity floating_point_v7_1_5.delay [\delay(width=2,length=0)\]
Compiling architecture synth of entity xbip_pipe_v3_0_4.xbip_pipe_v3_0_4_viv [\xbip_pipe_v3_0_4_viv(c_has_ce=1...]
Compiling architecture rtl of entity floating_point_v7_1_5.delay [\delay(width=2,length=0,fast_inp...]
Compiling architecture struct of entity floating_point_v7_1_5.carry_chain [\carry_chain(c_xdevicefamily="zy...]
Compiling architecture rtl of entity floating_point_v7_1_5.flt_round_bit [\flt_round_bit(c_xdevicefamily="...]
Compiling architecture rtl of entity floating_point_v7_1_5.renorm_and_round_logic [\renorm_and_round_logic(c_xdevic...]
Compiling architecture synth of entity xbip_pipe_v3_0_4.xbip_pipe_v3_0_4_viv [\xbip_pipe_v3_0_4_viv(c_latency=...]
Compiling architecture rtl of entity floating_point_v7_1_5.delay [\delay(length=6)\]
Compiling architecture synth of entity xbip_pipe_v3_0_4.xbip_pipe_v3_0_4_viv [\xbip_pipe_v3_0_4_viv(c_latency=...]
Compiling architecture rtl of entity floating_point_v7_1_5.delay [\delay(length=3)\]
Compiling architecture synth of entity floating_point_v7_1_5.fix_to_flt_conv_exp [\fix_to_flt_conv_exp(c_xdevicefa...]
Compiling architecture synth of entity floating_point_v7_1_5.flt_dec_op [\flt_dec_op(c_xdevicefamily="zyn...]
Compiling architecture struct of entity floating_point_v7_1_5.fix_to_flt_conv [\fix_to_flt_conv(c_xdevicefamily...]
Compiling architecture synth of entity xbip_pipe_v3_0_4.xbip_pipe_v3_0_4_viv [\xbip_pipe_v3_0_4_viv(c_latency=...]
Compiling architecture synth of entity xbip_pipe_v3_0_4.xbip_pipe_v3_0_4_viv [\xbip_pipe_v3_0_4_viv(c_has_ce=1...]
Compiling architecture rtl of entity floating_point_v7_1_5.delay [\delay(width=32,length=0)\]
Compiling architecture xilinx of entity floating_point_v7_1_5.floating_point_v7_1_5_viv [\floating_point_v7_1_5_viv(c_xde...]
Compiling architecture xilinx of entity floating_point_v7_1_5.floating_point_v7_1_5 [\floating_point_v7_1_5(c_xdevice...]
Compiling architecture fix_float_arch of entity xil_defaultlib.fix_float [fix_float_default]
Compiling architecture xilinx of entity axi_utils_v2_0_4.axi_slave_2to1 [\axi_slave_2to1(c_a_tdata_width=...]
Compiling architecture synth of entity xbip_pipe_v3_0_4.xbip_pipe_v3_0_4_viv [\xbip_pipe_v3_0_4_viv(c_latency=...]
Compiling architecture rtl of entity floating_point_v7_1_5.delay [\delay(width=23)\]
Compiling architecture synth of entity xbip_pipe_v3_0_4.xbip_pipe_v3_0_4_viv [\xbip_pipe_v3_0_4_viv(c_has_ce=1...]
Compiling architecture rtl of entity floating_point_v7_1_5.delay [\delay(width=24,length=0)\]
Compiling architecture synth of entity xbip_pipe_v3_0_4.xbip_pipe_v3_0_4_viv [\xbip_pipe_v3_0_4_viv(c_latency=...]
Compiling architecture rtl of entity floating_point_v7_1_5.delay [\delay(width=25,fast_input=true)...]
Compiling architecture struct of entity floating_point_v7_1_5.carry_chain [\carry_chain(c_xdevicefamily="zy...]
Compiling architecture synth of entity floating_point_v7_1_5.flt_div_mant_addsub [\flt_div_mant_addsub(c_xdevicefa...]
Compiling architecture synth of entity xbip_pipe_v3_0_4.xbip_pipe_v3_0_4_viv [\xbip_pipe_v3_0_4_viv(c_latency=...]
Compiling architecture rtl of entity floating_point_v7_1_5.delay [\delay(width=26)\]
Compiling architecture synth of entity xbip_pipe_v3_0_4.xbip_pipe_v3_0_4_viv [\xbip_pipe_v3_0_4_viv(c_has_ce=1...]
Compiling architecture rtl of entity floating_point_v7_1_5.delay [\delay(width=26,length=0)\]
Compiling architecture virtex of entity floating_point_v7_1_5.flt_div_mant [\flt_div_mant(c_xdevicefamily="z...]
Compiling architecture synth of entity xbip_pipe_v3_0_4.xbip_pipe_v3_0_4_viv [\xbip_pipe_v3_0_4_viv(c_latency=...]
Compiling architecture rtl of entity floating_point_v7_1_5.delay [\delay(width=10,length=2,fast_in...]
Compiling architecture rtl of entity floating_point_v7_1_5.special_detect [\special_detect(c_xdevicefamily=...]
Compiling architecture synth of entity xbip_pipe_v3_0_4.xbip_pipe_v3_0_4_viv [\xbip_pipe_v3_0_4_viv(c_latency=...]
Compiling architecture rtl of entity floating_point_v7_1_5.delay [\delay(length=25,fast_input=true...]
Compiling architecture synth of entity xbip_pipe_v3_0_4.xbip_pipe_v3_0_4_viv [\xbip_pipe_v3_0_4_viv(c_latency=...]
Compiling architecture rtl of entity floating_point_v7_1_5.delay [\delay(width=2,length=2,fast_inp...]
Compiling architecture synth of entity xbip_pipe_v3_0_4.xbip_pipe_v3_0_4_viv [\xbip_pipe_v3_0_4_viv(c_latency=...]
Compiling architecture rtl of entity floating_point_v7_1_5.delay [\delay(length=2,fast_input=true)...]
Compiling architecture synth of entity xbip_pipe_v3_0_4.xbip_pipe_v3_0_4_viv [\xbip_pipe_v3_0_4_viv(c_latency=...]
Compiling architecture rtl of entity floating_point_v7_1_5.delay [\delay(length=26,fast_input=true...]
Compiling architecture synth of entity xbip_pipe_v3_0_4.xbip_pipe_v3_0_4_viv [\xbip_pipe_v3_0_4_viv(c_latency=...]
Compiling architecture rtl of entity floating_point_v7_1_5.delay [\delay(width=8,length=24)\]
Compiling architecture synth of entity xbip_pipe_v3_0_4.xbip_pipe_v3_0_4_viv [\xbip_pipe_v3_0_4_viv(c_latency=...]
Compiling architecture rtl of entity floating_point_v7_1_5.delay [\delay(length=24,fast_input=true...]
Compiling architecture synth of entity xbip_pipe_v3_0_4.xbip_pipe_v3_0_4_viv [\xbip_pipe_v3_0_4_viv(c_latency=...]
Compiling architecture rtl of entity floating_point_v7_1_5.delay [\delay(width=3,length=23,fast_in...]
Compiling architecture synth of entity xbip_pipe_v3_0_4.xbip_pipe_v3_0_4_viv [\xbip_pipe_v3_0_4_viv(c_latency=...]
Compiling architecture rtl of entity floating_point_v7_1_5.delay [\delay(width=4,length=24,fast_in...]
Compiling architecture synth of entity xbip_pipe_v3_0_4.xbip_pipe_v3_0_4_viv [\xbip_pipe_v3_0_4_viv(c_latency=...]
Compiling architecture rtl of entity floating_point_v7_1_5.delay [\delay(length=23,fast_input=true...]
Compiling architecture synth of entity xbip_pipe_v3_0_4.xbip_pipe_v3_0_4_viv [\xbip_pipe_v3_0_4_viv(c_latency=...]
Compiling architecture rtl of entity floating_point_v7_1_5.delay [\delay(width=14)\]
Compiling architecture rtl of entity floating_point_v7_1_5.flt_div_exp [\flt_div_exp(c_xdevicefamily="no...]
Compiling architecture synth of entity xbip_pipe_v3_0_4.xbip_pipe_v3_0_4_viv [\xbip_pipe_v3_0_4_viv(c_latency=...]
Compiling architecture rtl of entity floating_point_v7_1_5.delay [\delay(width=12,fast_input=true)...]
Compiling architecture struct of entity floating_point_v7_1_5.carry_chain [\carry_chain(c_xdevicefamily="zy...]
Compiling architecture struct of entity floating_point_v7_1_5.carry_chain [\carry_chain(c_xdevicefamily="zy...]
Compiling architecture struct of entity floating_point_v7_1_5.carry_chain [\carry_chain(c_xdevicefamily="zy...]
Compiling architecture synth of entity xbip_pipe_v3_0_4.xbip_pipe_v3_0_4_viv [\xbip_pipe_v3_0_4_viv(c_has_ce=1...]
Compiling architecture rtl of entity floating_point_v7_1_5.delay [\delay(width=25,length=0,fast_in...]
Compiling architecture rtl of entity floating_point_v7_1_5.renorm_and_round_logic [\renorm_and_round_logic(c_xdevic...]
Compiling architecture synth of entity floating_point_v7_1_5.flt_dec_op_lat [\flt_dec_op_lat(c_xdevicefamily=...]
Compiling architecture virtex of entity floating_point_v7_1_5.flt_div [\flt_div(c_xdevicefamily="zynq",...]
Compiling architecture synth of entity xbip_pipe_v3_0_4.xbip_pipe_v3_0_4_viv [\xbip_pipe_v3_0_4_viv(c_latency=...]
Compiling architecture xilinx of entity floating_point_v7_1_5.floating_point_v7_1_5_viv [\floating_point_v7_1_5_viv(c_xde...]
Compiling architecture xilinx of entity floating_point_v7_1_5.floating_point_v7_1_5 [\floating_point_v7_1_5(c_xdevice...]
Compiling architecture float_div_arch of entity xil_defaultlib.float_div [float_div_default]
Compiling architecture synth of entity xbip_pipe_v3_0_4.xbip_pipe_v3_0_4_viv [\xbip_pipe_v3_0_4_viv(c_has_ce=1...]
Compiling architecture rtl of entity floating_point_v7_1_5.delay [\delay(width=4,length=0)\]
Compiling architecture struct of entity floating_point_v7_1_5.carry_chain [\carry_chain(c_xdevicefamily="ki...]
Compiling architecture synth of entity floating_point_v7_1_5.compare_eq_im [\compare_eq_im(c_xdevicefamily="...]
Compiling architecture rtl of entity floating_point_v7_1_5.special_detect [\special_detect(a_fw=24)(1,7)\]
Compiling architecture synth of entity xbip_pipe_v3_0_4.xbip_pipe_v3_0_4_viv [\xbip_pipe_v3_0_4_viv(c_latency=...]
Compiling architecture rtl of entity floating_point_v7_1_5.delay [\delay(width=10)\]
Compiling architecture rtl of entity floating_point_v7_1_5.delay_s [\delay_s(width=10)\]
Compiling architecture synth of entity xbip_pipe_v3_0_4.xbip_pipe_v3_0_4_viv [\xbip_pipe_v3_0_4_viv(c_latency=...]
Compiling architecture rtl of entity floating_point_v7_1_5.delay [\delay(width=2,length=4,fast_inp...]
Compiling architecture synth of entity xbip_pipe_v3_0_4.xbip_pipe_v3_0_4_viv [\xbip_pipe_v3_0_4_viv(c_latency=...]
Compiling architecture rtl of entity floating_point_v7_1_5.delay [\delay(length=4,fast_input=true)...]
Compiling architecture synth of entity xbip_pipe_v3_0_4.xbip_pipe_v3_0_4_viv [\xbip_pipe_v3_0_4_viv(c_latency=...]
Compiling architecture rtl of entity floating_point_v7_1_5.delay [\delay(width=16)\]
Compiling architecture muxf7_v of entity unisim.MUXF7 [muxf7_default]
Compiling architecture muxf8_v of entity unisim.MUXF8 [muxf8_default]
Compiling architecture synth of entity xbip_pipe_v3_0_4.xbip_pipe_v3_0_4_viv [\xbip_pipe_v3_0_4_viv(c_has_ce=1...]
Compiling architecture rtl of entity floating_point_v7_1_5.delay [\delay(width=6,length=0)\]
Compiling architecture struct of entity floating_point_v7_1_5.carry_chain [\carry_chain(c_xdevicefamily="zy...]
Compiling architecture synth of entity floating_point_v7_1_5.compare_eq_im [\compare_eq_im(c_xdevicefamily="...]
Compiling architecture rtl of entity floating_point_v7_1_5.zero_det_sel [\zero_det_sel(c_xdevicefamily="z...]
Compiling architecture rtl of entity floating_point_v7_1_5.shift_msb_first [\shift_msb_first(a_width=24,resu...]
Compiling architecture synth of entity xbip_pipe_v3_0_4.xbip_pipe_v3_0_4_viv [\xbip_pipe_v3_0_4_viv(c_has_ce=1...]
Compiling architecture rtl of entity floating_point_v7_1_5.delay [\delay(width=48,length=0)\]
Compiling architecture synth of entity xbip_pipe_v3_0_4.xbip_pipe_v3_0_4_viv [\xbip_pipe_v3_0_4_viv(c_has_ce=1...]
Compiling architecture rtl of entity floating_point_v7_1_5.delay [\delay(width=49,length=0)\]
Compiling architecture synth of entity xbip_pipe_v3_0_4.xbip_pipe_v3_0_4_viv [\xbip_pipe_v3_0_4_viv(c_latency=...]
Compiling architecture rtl of entity floating_point_v7_1_5.delay [\delay(width=50)\]
Compiling architecture struct of entity floating_point_v7_1_5.carry_chain [\carry_chain(c_xdevicefamily="zy...]
Compiling architecture synth of entity floating_point_v7_1_5.flt_to_fix_conv [\flt_to_fix_conv(c_xdevicefamily...]
Compiling architecture synth of entity xbip_pipe_v3_0_4.xbip_pipe_v3_0_4_viv [\xbip_pipe_v3_0_4_viv(c_latency=...]
Compiling architecture xilinx of entity floating_point_v7_1_5.floating_point_v7_1_5_viv [\floating_point_v7_1_5_viv(c_xde...]
Compiling architecture xilinx of entity floating_point_v7_1_5.floating_point_v7_1_5 [\floating_point_v7_1_5(c_xdevice...]
Compiling architecture float_fix_arch of entity xil_defaultlib.float_fix [float_fix_default]
Compiling module xil_defaultlib.batch_normalization(SIZE_FCNN=16...
Compiling module blk_mem_gen_v8_4_1.blk_mem_gen_v8_4_1_output_stage(...
Compiling module blk_mem_gen_v8_4_1.blk_mem_gen_v8_4_1_softecc_outpu...
Compiling module blk_mem_gen_v8_4_1.blk_mem_gen_v8_4_1_mem_module(C_...
Compiling module blk_mem_gen_v8_4_1.blk_mem_gen_v8_4_1(C_FAMILY="zyn...
Compiling module xil_defaultlib.sigmoid_blkmem
Compiling module xil_defaultlib.sigmoid
Compiling module xil_defaultlib.out_select_cell
Compiling module xil_defaultlib.out_select_default
Compiling module xil_defaultlib.mnist_process_default
Compiling module xil_defaultlib.mnist_process_tb
Compiling module xil_defaultlib.glbl
Built simulation snapshot mnist_process_tb_behav
