#
# A fatal error has been detected by the Java Runtime Environment:
#
#  EXCEPTION_ACCESS_VIOLATION (0xc0000005) at pc=0x0000000419930522, pid=24836, tid=0x0000000000004be8
#
# JRE version: Java(TM) SE Runtime Environment (8.0_112-b15) (build 1.8.0_112-b15)
# Java VM: Java HotSpot(TM) 64-Bit Server VM (25.112-b15 mixed mode windows-amd64 compressed oops)
# Problematic frame:
# C  0x0000000419930522
#
# Failed to write core dump. Minidumps are not enabled by default on client versions of Windows
#
# If you would like to submit a bug report, please visit:
#   http://bugreport.java.com/bugreport/crash.jsp
# The crash happened outside the Java Virtual Machine in native code.
# See problematic frame for where to report the bug.
#

---------------  T H R E A D  ---------------

Current thread (0x000001d1232a1000):  JavaThread "AWT-EventQueue-0" [_thread_in_native, id=19432, stack(0x00000071c1b00000,0x00000071c2000000)]

siginfo: ExceptionCode=0xc0000005, ExceptionInformation=0x0000000000000008 0x0000000419930522

Registers:
RAX=0x00007ff89ad3bb98, RBX=0x0000000000000000, RCX=0x000001d3b1e10bc0, RDX=0x0000000000000000
RSP=0x00000071c1ffccf8, RBP=0x00000071c1ffce50, RSI=0x000001d1511aa7d0, RDI=0x00000071c1ffce38
R8 =0x00007ff89adfbbc0, R9 =0x0000000000000000, R10=0x0000000000000002, R11=0x00000071c1ffccd0
R12=0x0000000000000000, R13=0x0000000000000000, R14=0x000001d3b1e10bc0, R15=0x000000061c06a000
RIP=0x0000000419930522, EFLAGS=0x0000000000010246

Top of Stack: (sp=0x00000071c1ffccf8)
0x00000071c1ffccf8:   00007ff8619a6afe 000001d139563220
0x00000071c1ffcd08:   000001d139563220 000001d1511aa7d0
0x00000071c1ffcd18:   000001d1511aa7d0 0000000000000000
0x00000071c1ffcd28:   000001d10aaddd00 0000000000000001
0x00000071c1ffcd38:   0000000000000005 f120000000000000
0x00000071c1ffcd48:   0000000000010000 fffffffffffffffe
0x00000071c1ffcd58:   00000071c1ffce38 0000000001950005
0x00000071c1ffcd68:   0000000000000090 000001d14fb3d660
0x00000071c1ffcd78:   0000d91928b065ab 0000000000000001
0x00000071c1ffcd88:   0000d91928b064eb 0000000000000000
0x00000071c1ffcd98:   00000071c1ffd068 0000000000000000
0x00000071c1ffcda8:   000001d13a215360 000000061c06a000
0x00000071c1ffcdb8:   00000071c1ffced0 000001d139563220
0x00000071c1ffcdc8:   00007ff861a12a26 0000000001950005
0x00000071c1ffcdd8:   0000000000000000 0000000000000000
0x00000071c1ffcde8:   0000000000000030 00000071c1ffce50 

Instructions: (pc=0x0000000419930522)
0x0000000419930502:   
[error occurred during error reporting (printing registers, top of stack, instructions near pc), id 0xc0000005]

Register to memory mapping:

RAX=0x00007ff89ad3bb98 is an unknown value
RBX=0x0000000000000000 is an unknown value
RCX=0x000001d3b1e10bc0 is an unknown value
RDX=0x0000000000000000 is an unknown value
RSP=0x00000071c1ffccf8 is pointing into the stack for thread: 0x000001d1232a1000
RBP=0x00000071c1ffce50 is pointing into the stack for thread: 0x000001d1232a1000
RSI=0x000001d1511aa7d0 is an unknown value
RDI=0x00000071c1ffce38 is pointing into the stack for thread: 0x000001d1232a1000
R8 =0x00007ff89adfbbc0 is an unknown value
R9 =0x0000000000000000 is an unknown value
R10=0x0000000000000002 is an unknown value
R11=0x00000071c1ffccd0 is pointing into the stack for thread: 0x000001d1232a1000
R12=0x0000000000000000 is an unknown value
R13=0x0000000000000000 is an unknown value
R14=0x000001d3b1e10bc0 is an unknown value
R15=0x000000061c06a000 is an unknown value


Stack: [0x00000071c1b00000,0x00000071c2000000],  sp=0x00000071c1ffccf8,  free space=5107k
Native frames: (J=compiled Java code, j=interpreted, Vv=VM code, C=native code)
C  0x0000000419930522

Java frames: (J=compiled Java code, j=interpreted, Vv=VM code)
J 26617  ui.views.waveform.waveformi.WVExecutive_getTooltipTextDelayed(J)Ljava/lang/String; (0 bytes) @ 0x000001d10bbcbdc1 [0x000001d10bbcbd80+0x41]
J 26755 C1 ui.views.waveform.b.a.bF(Ljava/awt/event/MouseEvent;)V (135 bytes) @ 0x000001d10a5bbc6c [0x000001d10a5bb5a0+0x6cc]
J 26606 C1 ui.views.waveform.b.a.mouseMoved(Ljava/awt/event/MouseEvent;)V (32 bytes) @ 0x000001d10bbce17c [0x000001d10bbcdc00+0x57c]
J 16556 C2 java.awt.AWTEventMulticaster.mouseMoved(Ljava/awt/event/MouseEvent;)V (27 bytes) @ 0x000001d109ec9f54 [0x000001d109ec9ea0+0xb4]
J 16556 C2 java.awt.AWTEventMulticaster.mouseMoved(Ljava/awt/event/MouseEvent;)V (27 bytes) @ 0x000001d109ec9f14 [0x000001d109ec9ea0+0x74]
J 19677 C2 javax.swing.JComponent.processMouseMotionEvent(Ljava/awt/event/MouseEvent;)V (46 bytes) @ 0x000001d10bdaeaf0 [0x000001d10bdaea40+0xb0]
J 26598 C1 ui.frmwork.c.i.processMouseMotionEvent(Ljava/awt/event/MouseEvent;)V (131 bytes) @ 0x000001d10cc58a24 [0x000001d10cc57b20+0xf04]
J 11813 C2 java.awt.Container.processEvent(Ljava/awt/AWTEvent;)V (22 bytes) @ 0x000001d10a638054 [0x000001d10a637ee0+0x174]
J 30600 C2 java.awt.Component.dispatchEventImpl(Ljava/awt/AWTEvent;)V (883 bytes) @ 0x000001d10d53316c [0x000001d10d5324a0+0xccc]
J 27855 C2 java.awt.Container.dispatchEventImpl(Ljava/awt/AWTEvent;)V (129 bytes) @ 0x000001d10cdce580 [0x000001d10cdce520+0x60]
J 27646 C2 java.awt.LightweightDispatcher.retargetMouseEvent(Ljava/awt/Component;ILjava/awt/event/MouseEvent;)V (350 bytes) @ 0x000001d10cbbf318 [0x000001d10cbbefa0+0x378]
J 27654 C2 java.awt.LightweightDispatcher.processMouseEvent(Ljava/awt/event/MouseEvent;)Z (286 bytes) @ 0x000001d10b6bd64c [0x000001d10b6bd260+0x3ec]
J 27855 C2 java.awt.Container.dispatchEventImpl(Ljava/awt/AWTEvent;)V (129 bytes) @ 0x000001d10cdce994 [0x000001d10cdce520+0x474]
J 16728 C2 java.awt.Window.dispatchEventImpl(Ljava/awt/AWTEvent;)V (23 bytes) @ 0x000001d109f7dc4c [0x000001d109f7dc00+0x4c]
J 16060 C2 java.awt.EventQueue$3.run()Ljava/lang/Void; (60 bytes) @ 0x000001d10b27a08c [0x000001d10b279ca0+0x3ec]
J 16081 C2 java.awt.EventQueue$3.run()Ljava/lang/Object; (5 bytes) @ 0x000001d10aa031d4 [0x000001d10aa031a0+0x34]
v  ~StubRoutines::call_stub
J 1858  java.security.AccessController.doPrivileged(Ljava/security/PrivilegedAction;Ljava/security/AccessControlContext;)Ljava/lang/Object; (0 bytes) @ 0x000001d10896eaa6 [0x000001d10896ea40+0x66]
J 23210 C2 java.security.ProtectionDomain$JavaSecurityAccessImpl.doIntersectionPrivilege(Ljava/security/PrivilegedAction;Ljava/security/AccessControlContext;Ljava/security/AccessControlContext;)Ljava/lang/Object; (22 bytes) @ 0x000001d10a32ad88 [0x000001d10a32ac40+0x148]
J 15867 C2 java.awt.EventQueue$4.run()Ljava/lang/Object; (5 bytes) @ 0x000001d109f40514 [0x000001d109f40480+0x94]
v  ~StubRoutines::call_stub
J 1858  java.security.AccessController.doPrivileged(Ljava/security/PrivilegedAction;Ljava/security/AccessControlContext;)Ljava/lang/Object; (0 bytes) @ 0x000001d10896eaa6 [0x000001d10896ea40+0x66]
J 11158 C2 ui.frmwork.b.d.dispatchEvent(Ljava/awt/AWTEvent;)V (45 bytes) @ 0x000001d108fd33a0 [0x000001d108fd2f20+0x480]
J 27508 C2 java.awt.EventDispatchThread.pumpOneEventForFilters(I)V (295 bytes) @ 0x000001d10b343ca4 [0x000001d10b343460+0x844]
J 14896% C2 java.awt.EventDispatchThread.pumpEventsForFilter(ILjava/awt/Conditional;Ljava/awt/EventFilter;)V (47 bytes) @ 0x000001d10955b4c0 [0x000001d10955b3c0+0x100]
j  java.awt.EventDispatchThread.pumpEventsForHierarchy(ILjava/awt/Conditional;Ljava/awt/Component;)V+11
j  java.awt.EventDispatchThread.pumpEvents(ILjava/awt/Conditional;)V+4
j  java.awt.EventDispatchThread.pumpEvents(Ljava/awt/Conditional;)V+3
j  java.awt.EventDispatchThread.run()V+9
v  ~StubRoutines::call_stub

---------------  P R O C E S S  ---------------

Java Threads: ( => current thread )
  0x000001d12685c000 JavaThread "Relaunch Simulation" [_thread_in_native, id=18848, stack(0x00000071c5f00000,0x00000071c6400000)]
  0x000001d12685f000 JavaThread "Thread-23983" [_thread_in_native, id=21856, stack(0x00000071c5300000,0x00000071c5400000)]
  0x000001d126865000 JavaThread "Thread-23982" [_thread_in_native, id=21348, stack(0x00000071c5400000,0x00000071c5500000)]
  0x000001d126864800 JavaThread "Thread-23960" [_thread_in_native, id=17744, stack(0x00000071c5400000,0x00000071c5500000)]
  0x000001d126861800 JavaThread "Thread-23918" [_thread_in_native, id=7856, stack(0x00000071c5300000,0x00000071c5400000)]
  0x000001d126863000 JavaThread "Thread-23917" [_thread_in_native, id=15204, stack(0x00000071c6500000,0x00000071c6600000)]
  0x000001d12685d000 JavaThread "Thread-23792" [_thread_in_native, id=17192, stack(0x00000071c5400000,0x00000071c5500000)]
  0x000001d12685d800 JavaThread "Thread-23791" [_thread_in_native, id=24160, stack(0x00000071c5300000,0x00000071c5400000)]
  0x000001d126862000 JavaThread "Thread-22939" [_thread_in_native, id=17428, stack(0x00000071c5200000,0x00000071c5300000)]
  0x000001d126860800 JavaThread "Thread-22938" [_thread_in_native, id=25336, stack(0x00000071c5100000,0x00000071c5200000)]
  0x000001d12685b800 JavaThread "Thread-22859" [_thread_in_native, id=14912, stack(0x00000071c5200000,0x00000071c5300000)]
  0x000001d1295a9000 JavaThread "Thread-22858" [_thread_in_native, id=25360, stack(0x00000071c5100000,0x00000071c5200000)]
  0x000001d1295ae000 JavaThread "Thread-12699" [_thread_in_native, id=19184, stack(0x00000071c5200000,0x00000071c5300000)]
  0x000001d12a9dd000 JavaThread "Thread-12466" [_thread_in_native, id=18632, stack(0x00000071c5200000,0x00000071c5300000)]
  0x000001d1295af000 JavaThread "Thread-12465" [_thread_in_native, id=24400, stack(0x00000071c5100000,0x00000071c5200000)]
  0x000001d12a9db800 JavaThread "SyntheticaAnimation 50" daemon [_thread_blocked, id=2608, stack(0x00000071c6e00000,0x00000071c7300000)]
  0x000001d12a9dc000 JavaThread "Thread-12234" [_thread_in_native, id=11344, stack(0x00000071c5100000,0x00000071c5200000)]
  0x000001d12a9dd800 JavaThread "Thread-12233" [_thread_in_native, id=17688, stack(0x00000071c5200000,0x00000071c5300000)]
  0x000001d12a9e1800 JavaThread "Thread-12202" [_thread_in_native, id=12572, stack(0x00000071c5200000,0x00000071c5300000)]
  0x000001d12a9e2000 JavaThread "Thread-12171" [_thread_in_native, id=1904, stack(0x00000071c5200000,0x00000071c5300000)]
  0x000001d12a9e0000 JavaThread "Thread-12170" [_thread_in_native, id=8040, stack(0x00000071c5100000,0x00000071c5200000)]
  0x000001d12a9df000 JavaThread "Thread-12085" [_thread_in_native, id=3020, stack(0x00000071c5200000,0x00000071c5300000)]
  0x000001d12a9de800 JavaThread "Thread-12084" [_thread_in_native, id=20124, stack(0x00000071c5100000,0x00000071c5200000)]
  0x000001d127f94000 JavaThread "Thread-12012" [_thread_in_native, id=17816, stack(0x00000071c6600000,0x00000071c6700000)]
  0x000001d128f73000 JavaThread "Thread-12011" [_thread_in_native, id=17272, stack(0x00000071c6500000,0x00000071c6600000)]
  0x000001d127ff5000 JavaThread "Thread-11984" [_thread_in_native, id=14328, stack(0x00000071c6600000,0x00000071c6700000)]
  0x000001d1295ab000 JavaThread "Thread-11983" [_thread_in_native, id=20340, stack(0x00000071c6500000,0x00000071c6600000)]
  0x000001d127f95800 JavaThread "Thread-9626" [_thread_in_native, id=18372, stack(0x00000071c6500000,0x00000071c6600000)]
  0x000001d127f95000 JavaThread "Thread-9625" [_thread_in_native, id=18636, stack(0x00000071c6400000,0x00000071c6500000)]
  0x000001d12801e800 JavaThread "Thread-9563" [_thread_in_native, id=20420, stack(0x00000071c6500000,0x00000071c6600000)]
  0x000001d127f99800 JavaThread "Thread-9562" [_thread_in_native, id=9084, stack(0x00000071c6400000,0x00000071c6500000)]
  0x000001d127f98800 JavaThread "Thread-8020" [_thread_in_native, id=22792, stack(0x00000071c6f00000,0x00000071c7000000)]
  0x000001d127f98000 JavaThread "Thread-8019" [_thread_in_native, id=2684, stack(0x00000071c6e00000,0x00000071c6f00000)]
  0x000001d124c99800 JavaThread "Thread-7862" [_thread_in_native, id=16420, stack(0x00000071c6500000,0x00000071c6600000)]
  0x000001d125423000 JavaThread "Thread-7861" [_thread_in_native, id=3912, stack(0x00000071c6400000,0x00000071c6500000)]
  0x000001d127ffb000 JavaThread "Thread-7803" [_thread_in_native, id=4668, stack(0x00000071c6500000,0x00000071c6600000)]
  0x000001d12801d000 JavaThread "Thread-7802" [_thread_in_native, id=25040, stack(0x00000071c6400000,0x00000071c6500000)]
  0x000001d127ff2000 JavaThread "Thread-7378" [_thread_in_native, id=1780, stack(0x00000071bb200000,0x00000071bb300000)]
  0x000001d127ff9000 JavaThread "Thread-7377" [_thread_in_native, id=19332, stack(0x00000071bb100000,0x00000071bb200000)]
  0x000001d127ffa800 JavaThread "Thread-7347" [_thread_in_native, id=12816, stack(0x00000071bb200000,0x00000071bb300000)]
  0x000001d127ffc000 JavaThread "Thread-7346" [_thread_in_native, id=22544, stack(0x00000071bb100000,0x00000071bb200000)]
  0x000001d127ff9800 JavaThread "Thread-7251" [_thread_in_native, id=19276, stack(0x00000071bb100000,0x00000071bb200000)]
  0x000001d127ff3000 JavaThread "Thread-7250" [_thread_in_native, id=17604, stack(0x00000071bb200000,0x00000071bb300000)]
  0x000001d127ff8000 JavaThread "Thread-7176" [_thread_in_native, id=9208, stack(0x00000071bb200000,0x00000071bb300000)]
  0x000001d127ff4800 JavaThread "Thread-7175" [_thread_in_native, id=25592, stack(0x00000071bb100000,0x00000071bb200000)]
  0x000001d127ff7800 JavaThread "Thread-7126" [_thread_in_native, id=23676, stack(0x00000071bb100000,0x00000071bb200000)]
  0x000001d127ff3800 JavaThread "Thread-7125" [_thread_in_native, id=1964, stack(0x00000071bb200000,0x00000071bb300000)]
  0x000001d127ff1800 JavaThread "Thread-7104" [_thread_in_native, id=24264, stack(0x00000071bb200000,0x00000071bb300000)]
  0x000001d127ff6000 JavaThread "Thread-7103" [_thread_in_native, id=23356, stack(0x00000071bb100000,0x00000071bb200000)]
  0x000001d127ff6800 JavaThread "Thread-7048" [_thread_in_native, id=24324, stack(0x00000071bb200000,0x00000071bb300000)]
  0x000001d127ff0800 JavaThread "Thread-7047" [_thread_in_native, id=4536, stack(0x00000071bb100000,0x00000071bb200000)]
  0x000001d12542f000 JavaThread "Thread-6978" [_thread_in_native, id=10640, stack(0x00000071bb200000,0x00000071bb300000)]
  0x000001d125422000 JavaThread "Thread-6977" [_thread_in_native, id=23852, stack(0x00000071bb100000,0x00000071bb200000)]
  0x000001d128020000 JavaThread "Thread-6855" [_thread_in_native, id=16228, stack(0x00000071c3400000,0x00000071c3500000)]
  0x000001d12542e000 JavaThread "Thread-6839" [_thread_in_native, id=8016, stack(0x00000071bb200000,0x00000071bb300000)]
  0x000001d125425000 JavaThread "Thread-6838" [_thread_in_native, id=21560, stack(0x00000071bb100000,0x00000071bb200000)]
  0x000001d125424800 JavaThread "Thread-6721" [_thread_in_native, id=19104, stack(0x00000071bb200000,0x00000071bb300000)]
  0x000001d12542a800 JavaThread "Thread-6720" [_thread_in_native, id=22096, stack(0x00000071bb100000,0x00000071bb200000)]
  0x000001d128023000 JavaThread "Thread-6708" [_thread_in_native, id=25244, stack(0x00000071bb100000,0x00000071bb200000)]
  0x000001d128023800 JavaThread "Thread-6707" [_thread_in_native, id=24924, stack(0x00000071bb200000,0x00000071bb300000)]
  0x000001d12801f000 JavaThread "Thread-6642" [_thread_in_native, id=19140, stack(0x00000071bb100000,0x00000071bb200000)]
  0x000001d12801a000 JavaThread "Thread-6641" [_thread_in_native, id=480, stack(0x00000071bb200000,0x00000071bb300000)]
  0x000001d128017800 JavaThread "Thread-6422" [_thread_in_native, id=5652, stack(0x00000071bb200000,0x00000071bb300000)]
  0x000001d128016000 JavaThread "Thread-6421" [_thread_in_native, id=4284, stack(0x00000071bb100000,0x00000071bb200000)]
  0x000001d128018800 JavaThread "Thread-2922" [_thread_in_native, id=1628, stack(0x00000071bb200000,0x00000071bb300000)]
  0x000001d12801c000 JavaThread "Thread-2921" [_thread_in_native, id=2976, stack(0x00000071bb100000,0x00000071bb200000)]
  0x000001d128019000 JavaThread "Thread-2638" [_thread_in_native, id=21612, stack(0x00000071bb200000,0x00000071bb300000)]
  0x000001d12801b800 JavaThread "Thread-2637" [_thread_in_native, id=3872, stack(0x00000071bb100000,0x00000071bb200000)]
  0x000001d128f77800 JavaThread "Thread-1484" [_thread_in_native, id=22888, stack(0x00000071bb200000,0x00000071bb300000)]
  0x000001d128f7a000 JavaThread "Thread-1483" [_thread_in_native, id=20180, stack(0x00000071bb100000,0x00000071bb200000)]
  0x000001d128f77000 JavaThread "Thread-1298" [_thread_in_native, id=10856, stack(0x00000071bb100000,0x00000071bb200000)]
  0x000001d125428000 JavaThread "Thread-1297" [_thread_in_native, id=6904, stack(0x00000071bb200000,0x00000071bb300000)]
  0x000001d12542d800 JavaThread "Thread-1216" [_thread_in_native, id=23268, stack(0x00000071bb200000,0x00000071bb300000)]
  0x000001d128f7b800 JavaThread "Thread-1215" [_thread_in_native, id=11860, stack(0x00000071bb100000,0x00000071bb200000)]
  0x000001d128f75800 JavaThread "Thread-1107" [_thread_in_native, id=16876, stack(0x00000071bb200000,0x00000071bb300000)]
  0x000001d128f7c000 JavaThread "Thread-1106" [_thread_in_native, id=24788, stack(0x00000071bb100000,0x00000071bb200000)]
  0x000001d128f7a800 JavaThread "Thread-1079" [_thread_in_native, id=16288, stack(0x00000071bb200000,0x00000071bb300000)]
  0x000001d128f6e800 JavaThread "Thread-1078" [_thread_in_native, id=20168, stack(0x00000071bb100000,0x00000071bb200000)]
  0x000001d128f79000 JavaThread "Thread-1040" [_thread_in_native, id=20144, stack(0x00000071bb200000,0x00000071bb300000)]
  0x000001d128f78800 JavaThread "Thread-1039" [_thread_in_native, id=8084, stack(0x00000071bb100000,0x00000071bb200000)]
  0x000001d128f6e000 JavaThread "Monitor File Timestamp Swing Worker" [_thread_blocked, id=11844, stack(0x00000071c5a00000,0x00000071c5f00000)]
  0x000001d128f71000 JavaThread "Timer-4" [_thread_blocked, id=14980, stack(0x00000071c5500000,0x00000071c5a00000)]
  0x000001d128f6f800 JavaThread "Thread-758" [_thread_in_native, id=3788, stack(0x00000071bb200000,0x00000071bb300000)]
  0x000001d128f76000 JavaThread "Thread-757" [_thread_in_native, id=20484, stack(0x00000071bb100000,0x00000071bb200000)]
  0x000001d128f71800 JavaThread "Thread-663" [_thread_in_native, id=18488, stack(0x00000071bb200000,0x00000071bb300000)]
  0x000001d128f72800 JavaThread "Thread-662" [_thread_in_native, id=8204, stack(0x00000071bb100000,0x00000071bb200000)]
  0x000001d124c96000 JavaThread "Thread-480" [_thread_in_native, id=2944, stack(0x00000071bb200000,0x00000071bb300000)]
  0x000001d12542c000 JavaThread "Thread-479" [_thread_in_native, id=3960, stack(0x00000071bb100000,0x00000071bb200000)]
  0x000001d125429000 JavaThread "SyntheticaAnimation 50" daemon [_thread_blocked, id=22400, stack(0x00000071c4100000,0x00000071c4600000)]
  0x000001d125420800 JavaThread "Thread-26" [_thread_in_native, id=20972, stack(0x00000071c5b00000,0x00000071c5c00000)]
  0x000001d125427800 JavaThread "Thread-25" [_thread_in_native, id=11056, stack(0x00000071c5a00000,0x00000071c5b00000)]
  0x000001d124c95000 JavaThread "hw_ila_monitor" [_thread_blocked, id=20680, stack(0x00000071c4b00000,0x00000071c5000000)]
  0x000001d124c9c000 JavaThread "Update Runs Swing Worker" [_thread_blocked, id=19272, stack(0x00000071c2a00000,0x00000071c2f00000)]
  0x000001d124c96800 JavaThread "Refresh Filesets Swing Worker" [_thread_blocked, id=10812, stack(0x00000071c1600000,0x00000071c1b00000)]
  0x000001d124c97800 JavaThread "SyntheticaAnimation 70" daemon [_thread_blocked, id=4464, stack(0x00000071c4600000,0x00000071c4b00000)]
  0x000001d124c99000 JavaThread "SyntheticaAnimation 25" daemon [_thread_blocked, id=7228, stack(0x00000071c3c00000,0x00000071c4100000)]
  0x000001d124c98000 JavaThread "SyntheticaAnimation 50" daemon [_thread_blocked, id=12624, stack(0x00000071c3700000,0x00000071c3c00000)]
  0x000001d124c9a800 JavaThread "Batik CleanerThread" daemon [_thread_blocked, id=12904, stack(0x00000071c2f00000,0x00000071c3400000)]
  0x000001d1264da800 JavaThread "SyntheticaCleanerThread" daemon [_thread_blocked, id=24560, stack(0x00000071c2000000,0x00000071c2500000)]
  0x000001d124d35000 JavaThread "Process Messages" [_thread_blocked, id=21496, stack(0x00000071c2500000,0x00000071c2a00000)]
  0x000001d124d59000 JavaThread "Thread-3" [_thread_in_native, id=7120, stack(0x00000071bb400000,0x00000071bc800000)]
=>0x000001d1232a1000 JavaThread "AWT-EventQueue-0" [_thread_in_native, id=19432, stack(0x00000071c1b00000,0x00000071c2000000)]
  0x000001d12322a000 JavaThread "AWT-Windows" daemon [_thread_in_native, id=23004, stack(0x00000071c1100000,0x00000071c1600000)]
  0x000001d123229800 JavaThread "AWT-Shutdown" [_thread_blocked, id=23772, stack(0x00000071c0c00000,0x00000071c1100000)]
  0x000001d123228800 JavaThread "Java2D Disposer" daemon [_thread_blocked, id=6428, stack(0x00000071c0700000,0x00000071c0c00000)]
  0x000001d123181000 JavaThread "TimerQueue" daemon [_thread_blocked, id=4544, stack(0x00000071c0200000,0x00000071c0700000)]
  0x000001d1212f3800 JavaThread "Service Thread" daemon [_thread_blocked, id=2164, stack(0x00000071bfc00000,0x00000071c0100000)]
  0x000001d121249000 JavaThread "C1 CompilerThread11" daemon [_thread_blocked, id=23640, stack(0x00000071bfb00000,0x00000071bfc00000)]
  0x000001d121246800 JavaThread "C1 CompilerThread10" daemon [_thread_blocked, id=19224, stack(0x00000071bfa00000,0x00000071bfb00000)]
  0x000001d121245000 JavaThread "C1 CompilerThread9" daemon [_thread_blocked, id=22992, stack(0x00000071bf900000,0x00000071bfa00000)]
  0x000001d121244800 JavaThread "C1 CompilerThread8" daemon [_thread_blocked, id=10940, stack(0x00000071bf800000,0x00000071bf900000)]
  0x000001d121241800 JavaThread "C2 CompilerThread7" daemon [_thread_blocked, id=23384, stack(0x00000071bf700000,0x00000071bf800000)]
  0x000001d121241000 JavaThread "C2 CompilerThread6" daemon [_thread_blocked, id=17912, stack(0x00000071bf600000,0x00000071bf700000)]
  0x000001d12123e000 JavaThread "C2 CompilerThread5" daemon [_thread_blocked, id=11472, stack(0x00000071bf500000,0x00000071bf600000)]
  0x000001d121239800 JavaThread "C2 CompilerThread4" daemon [_thread_blocked, id=21384, stack(0x00000071bf400000,0x00000071bf500000)]
  0x000001d121238800 JavaThread "C2 CompilerThread3" daemon [_thread_blocked, id=25272, stack(0x00000071bf300000,0x00000071bf400000)]
  0x000001d121237800 JavaThread "C2 CompilerThread2" daemon [_thread_blocked, id=2544, stack(0x00000071bf200000,0x00000071bf300000)]
  0x000001d121237000 JavaThread "C2 CompilerThread1" daemon [_thread_blocked, id=22336, stack(0x00000071bf100000,0x00000071bf200000)]
  0x000001d1211e0000 JavaThread "C2 CompilerThread0" daemon [_thread_blocked, id=14804, stack(0x00000071bf000000,0x00000071bf100000)]
  0x000001d1211de800 JavaThread "Attach Listener" daemon [_thread_blocked, id=6996, stack(0x00000071beb00000,0x00000071bf000000)]
  0x000001d121234000 JavaThread "Signal Dispatcher" daemon [_thread_blocked, id=19372, stack(0x00000071be600000,0x00000071beb00000)]
  0x000001d1211c5800 JavaThread "Finalizer" daemon [_thread_blocked, id=10828, stack(0x00000071be100000,0x00000071be600000)]
  0x000001d11f337000 JavaThread "Reference Handler" daemon [_thread_blocked, id=8020, stack(0x00000071bdc00000,0x00000071be100000)]
  0x000001d108074000 JavaThread "main" [_thread_blocked, id=21832, stack(0x00000071bcb00000,0x00000071bcc00000)]

Other Threads:
  0x000001d11f32a800 VMThread [stack: 0x00000071bdb00000,0x00000071bdc00000] [id=16732]
  0x000001d1213a2000 WatcherThread [stack: 0x00000071c0100000,0x00000071c0200000] [id=6108]

VM state:not at safepoint (normal execution)

VM Mutex/Monitor currently owned by a thread: None

Heap:
 PSYoungGen      total 57856K, used 7822K [0x00000007bc400000, 0x00000007c0000000, 0x00000007c0000000)
  eden space 53760K, 12% used [0x00000007bc400000,0x00000007bcabbb10,0x00000007bf880000)
  from space 4096K, 22% used [0x00000007bfc00000,0x00000007bfce8000,0x00000007c0000000)
  to   space 3584K, 0% used [0x00000007bf880000,0x00000007bf880000,0x00000007bfc00000)
 ParOldGen       total 301568K, used 220701K [0x0000000700000000, 0x0000000712680000, 0x00000007bc400000)
  object space 301568K, 73% used [0x0000000700000000,0x000000070d787758,0x0000000712680000)
 Metaspace       used 90880K, capacity 91741K, committed 92544K, reserved 1128448K
  class space    used 12681K, capacity 12834K, committed 12928K, reserved 1048576K

Card table byte_map: [0x000001d117530000,0x000001d117b40000] byte_map_base: 0x000001d113d30000

Marking Bits: (ParMarkBitMap*) 0x0000000071d3a6d0
 Begin Bits: [0x000001d118130000, 0x000001d11b130000)
 End Bits:   [0x000001d11b130000, 0x000001d11e130000)

Polling page: 0x000001d104eb0000

CodeCache: size=245760Kb used=97297Kb max_used=97650Kb free=148462Kb
 bounds [0x000001d108170000, 0x000001d10e1b0000, 0x000001d117170000]
 total_blobs=24719 nmethods=23617 adapters=999
 compilation: enabled

Compilation events (10 events):
Event: 245253.787 Thread 0x000001d121245000 34528       1       java.awt.geom.RoundRectangle2D$Double::getHeight (5 bytes)
Event: 245253.787 Thread 0x000001d121245000 nmethod 34528 0x000001d109e13310 code [0x000001d109e13460, 0x000001d109e13578]
Event: 245253.788 Thread 0x000001d121249000 nmethod 34527 0x000001d10ba4dd10 code [0x000001d10ba4de60, 0x000001d10ba4df78]
Event: 245253.788 Thread 0x000001d121249000 34529       1       java.awt.geom.RoundRectangle2D$Double::getArcWidth (5 bytes)
Event: 245253.788 Thread 0x000001d121249000 nmethod 34529 0x000001d10bb05390 code [0x000001d10bb054e0, 0x000001d10bb055f8]
Event: 245253.788 Thread 0x000001d121249000 34530       1       java.awt.geom.RoundRectangle2D$Double::getArcHeight (5 bytes)
Event: 245253.788 Thread 0x000001d121249000 nmethod 34530 0x000001d10cd99650 code [0x000001d10cd997a0, 0x000001d10cd998b8]
Event: 245253.788 Thread 0x000001d121244800 nmethod 34525 0x000001d10869fa90 code [0x000001d10869fbe0, 0x000001d10869fcf8]
Event: 245253.955 Thread 0x000001d121249000 34531   !   3       sun.awt.RepaintArea::paint (354 bytes)
Event: 245253.956 Thread 0x000001d121249000 nmethod 34531 0x000001d10a348d50 code [0x000001d10a349060, 0x000001d10a34aba0]

GC Heap History (10 events):
Event: 245226.486 GC heap before
{Heap before GC invocations=8434 (full 318):
 PSYoungGen      total 56832K, used 53248K [0x00000007bc400000, 0x00000007c0000000, 0x00000007c0000000)
  eden space 52736K, 100% used [0x00000007bc400000,0x00000007bf780000,0x00000007bf780000)
  from space 4096K, 12% used [0x00000007bf780000,0x00000007bf800000,0x00000007bfb80000)
  to   space 4096K, 0% used [0x00000007bfc00000,0x00000007bfc00000,0x00000007c0000000)
 ParOldGen       total 301568K, used 216829K [0x0000000700000000, 0x0000000712680000, 0x00000007bc400000)
  object space 301568K, 71% used [0x0000000700000000,0x000000070d3bf5f8,0x0000000712680000)
 Metaspace       used 90840K, capacity 91723K, committed 92544K, reserved 1128448K
  class space    used 12679K, capacity 12831K, committed 12928K, reserved 1048576K
Event: 245226.490 GC heap after
Heap after GC invocations=8434 (full 318):
 PSYoungGen      total 57856K, used 512K [0x00000007bc400000, 0x00000007c0000000, 0x00000007c0000000)
  eden space 53760K, 0% used [0x00000007bc400000,0x00000007bc400000,0x00000007bf880000)
  from space 4096K, 12% used [0x00000007bfc00000,0x00000007bfc80000,0x00000007c0000000)
  to   space 3584K, 0% used [0x00000007bf880000,0x00000007bf880000,0x00000007bfc00000)
 ParOldGen       total 301568K, used 216925K [0x0000000700000000, 0x0000000712680000, 0x00000007bc400000)
  object space 301568K, 71% used [0x0000000700000000,0x000000070d3d75f8,0x0000000712680000)
 Metaspace       used 90840K, capacity 91723K, committed 92544K, reserved 1128448K
  class space    used 12679K, capacity 12831K, committed 12928K, reserved 1048576K
}
Event: 245229.769 GC heap before
{Heap before GC invocations=8435 (full 318):
 PSYoungGen      total 57856K, used 54272K [0x00000007bc400000, 0x00000007c0000000, 0x00000007c0000000)
  eden space 53760K, 100% used [0x00000007bc400000,0x00000007bf880000,0x00000007bf880000)
  from space 4096K, 12% used [0x00000007bfc00000,0x00000007bfc80000,0x00000007c0000000)
  to   space 3584K, 0% used [0x00000007bf880000,0x00000007bf880000,0x00000007bfc00000)
 ParOldGen       total 301568K, used 216925K [0x0000000700000000, 0x0000000712680000, 0x00000007bc400000)
  object space 301568K, 71% used [0x0000000700000000,0x000000070d3d75f8,0x0000000712680000)
 Metaspace       used 90841K, capacity 91723K, committed 92544K, reserved 1128448K
  class space    used 12679K, capacity 12831K, committed 12928K, reserved 1048576K
Event: 245229.773 GC heap after
Heap after GC invocations=8435 (full 318):
 PSYoungGen      total 57344K, used 1504K [0x00000007bc400000, 0x00000007c0000000, 0x00000007c0000000)
  eden space 53760K, 0% used [0x00000007bc400000,0x00000007bc400000,0x00000007bf880000)
  from space 3584K, 41% used [0x00000007bf880000,0x00000007bf9f8000,0x00000007bfc00000)
  to   space 3584K, 0% used [0x00000007bfc80000,0x00000007bfc80000,0x00000007c0000000)
 ParOldGen       total 301568K, used 217045K [0x0000000700000000, 0x0000000712680000, 0x00000007bc400000)
  object space 301568K, 71% used [0x0000000700000000,0x000000070d3f55f8,0x0000000712680000)
 Metaspace       used 90841K, capacity 91723K, committed 92544K, reserved 1128448K
  class space    used 12679K, capacity 12831K, committed 12928K, reserved 1048576K
}
Event: 245235.553 GC heap before
{Heap before GC invocations=8436 (full 318):
 PSYoungGen      total 57344K, used 55264K [0x00000007bc400000, 0x00000007c0000000, 0x00000007c0000000)
  eden space 53760K, 100% used [0x00000007bc400000,0x00000007bf880000,0x00000007bf880000)
  from space 3584K, 41% used [0x00000007bf880000,0x00000007bf9f8000,0x00000007bfc00000)
  to   space 3584K, 0% used [0x00000007bfc80000,0x00000007bfc80000,0x00000007c0000000)
 ParOldGen       total 301568K, used 217045K [0x0000000700000000, 0x0000000712680000, 0x00000007bc400000)
  object space 301568K, 71% used [0x0000000700000000,0x000000070d3f55f8,0x0000000712680000)
 Metaspace       used 90851K, capacity 91723K, committed 92544K, reserved 1128448K
  class space    used 12679K, capacity 12831K, committed 12928K, reserved 1048576K
Event: 245235.557 GC heap after
Heap after GC invocations=8436 (full 318):
 PSYoungGen      total 56832K, used 2784K [0x00000007bc400000, 0x00000007c0000000, 0x00000007c0000000)
  eden space 53248K, 0% used [0x00000007bc400000,0x00000007bc400000,0x00000007bf800000)
  from space 3584K, 77% used [0x00000007bfc80000,0x00000007bff38000,0x00000007c0000000)
  to   space 4096K, 0% used [0x00000007bf800000,0x00000007bf800000,0x00000007bfc00000)
 ParOldGen       total 301568K, used 218141K [0x0000000700000000, 0x0000000712680000, 0x00000007bc400000)
  object space 301568K, 72% used [0x0000000700000000,0x000000070d5075f8,0x0000000712680000)
 Metaspace       used 90851K, capacity 91723K, committed 92544K, reserved 1128448K
  class space    used 12679K, capacity 12831K, committed 12928K, reserved 1048576K
}
Event: 245251.196 GC heap before
{Heap before GC invocations=8437 (full 318):
 PSYoungGen      total 56832K, used 56032K [0x00000007bc400000, 0x00000007c0000000, 0x00000007c0000000)
  eden space 53248K, 100% used [0x00000007bc400000,0x00000007bf800000,0x00000007bf800000)
  from space 3584K, 77% used [0x00000007bfc80000,0x00000007bff38000,0x00000007c0000000)
  to   space 4096K, 0% used [0x00000007bf800000,0x00000007bf800000,0x00000007bfc00000)
 ParOldGen       total 301568K, used 218141K [0x0000000700000000, 0x0000000712680000, 0x00000007bc400000)
  object space 301568K, 72% used [0x0000000700000000,0x000000070d5075f8,0x0000000712680000)
 Metaspace       used 90851K, capacity 91723K, committed 92544K, reserved 1128448K
  class space    used 12679K, capacity 12831K, committed 12928K, reserved 1048576K
Event: 245251.200 GC heap after
Heap after GC invocations=8437 (full 318):
 PSYoungGen      total 57344K, used 690K [0x00000007bc400000, 0x00000007c0000000, 0x00000007c0000000)
  eden space 53248K, 0% used [0x00000007bc400000,0x00000007bc400000,0x00000007bf800000)
  from space 4096K, 16% used [0x00000007bf800000,0x00000007bf8acba0,0x00000007bfc00000)
  to   space 4096K, 0% used [0x00000007bfc00000,0x00000007bfc00000,0x00000007c0000000)
 ParOldGen       total 301568K, used 220468K [0x0000000700000000, 0x0000000712680000, 0x00000007bc400000)
  object space 301568K, 73% used [0x0000000700000000,0x000000070d74d188,0x0000000712680000)
 Metaspace       used 90851K, capacity 91723K, committed 92544K, reserved 1128448K
  class space    used 12679K, capacity 12831K, committed 12928K, reserved 1048576K
}
Event: 245253.710 GC heap before
{Heap before GC invocations=8438 (full 318):
 PSYoungGen      total 57344K, used 53938K [0x00000007bc400000, 0x00000007c0000000, 0x00000007c0000000)
  eden space 53248K, 100% used [0x00000007bc400000,0x00000007bf800000,0x00000007bf800000)
  from space 4096K, 16% used [0x00000007bf800000,0x00000007bf8acba0,0x00000007bfc00000)
  to   space 4096K, 0% used [0x00000007bfc00000,0x00000007bfc00000,0x00000007c0000000)
 ParOldGen       total 301568K, used 220468K [0x0000000700000000, 0x0000000712680000, 0x00000007bc400000)
  object space 301568K, 73% used [0x0000000700000000,0x000000070d74d188,0x0000000712680000)
 Metaspace       used 90878K, capacity 91741K, committed 92544K, reserved 1128448K
  class space    used 12681K, capacity 12834K, committed 12928K, reserved 1048576K
Event: 245253.716 GC heap after
Heap after GC invocations=8438 (full 318):
 PSYoungGen      total 57856K, used 928K [0x00000007bc400000, 0x00000007c0000000, 0x00000007c0000000)
  eden space 53760K, 0% used [0x00000007bc400000,0x00000007bc400000,0x00000007bf880000)
  from space 4096K, 22% used [0x00000007bfc00000,0x00000007bfce8000,0x00000007c0000000)
  to   space 3584K, 0% used [0x00000007bf880000,0x00000007bf880000,0x00000007bfc00000)
 ParOldGen       total 301568K, used 220701K [0x0000000700000000, 0x0000000712680000, 0x00000007bc400000)
  object space 301568K, 73% used [0x0000000700000000,0x000000070d787758,0x0000000712680000)
 Metaspace       used 90878K, capacity 91741K, committed 92544K, reserved 1128448K
  class space    used 12681K, capacity 12834K, committed 12928K, reserved 1048576K
}

Deoptimization events (10 events):
Event: 244887.045 Thread 0x000001d1232a1000 Uncommon trap: reason=bimorphic action=maybe_recompile pc=0x000001d108defe84 method=ui.data.B.a(Lui/data/ag;Lui/frmwork/b/a;)V @ 85
Event: 244982.438 Thread 0x000001d1232a1000 Uncommon trap: reason=class_check action=maybe_recompile pc=0x000001d1086089e0 method=java.awt.Component.addMouseListener(Ljava/awt/event/MouseListener;)V @ 26
Event: 244983.451 Thread 0x000001d1232a1000 Uncommon trap: reason=class_check action=maybe_recompile pc=0x000001d1086089e0 method=java.awt.Component.addMouseListener(Ljava/awt/event/MouseListener;)V @ 26
Event: 245085.111 Thread 0x000001d1232a1000 Uncommon trap: reason=bimorphic action=maybe_recompile pc=0x000001d108defe84 method=ui.data.B.a(Lui/data/ag;Lui/frmwork/b/a;)V @ 85
Event: 245251.305 Thread 0x000001d1232a1000 Uncommon trap: reason=unstable_if action=reinterpret pc=0x000001d108585320 method=java.io.WinNTFileSystem.normalize(Ljava/lang/String;)Ljava/lang/String; @ 74
Event: 245251.402 Thread 0x000001d1232a1000 Uncommon trap: reason=unstable_if action=reinterpret pc=0x000001d1091e2d18 method=java.lang.Throwable.getOurStackTrace()[Ljava/lang/StackTraceElement; @ 7
Event: 245251.402 Thread 0x000001d1232a1000 Uncommon trap: reason=unstable_if action=reinterpret pc=0x000001d10a5353f0 method=ui.frmwork.str.a.b(Ljava/lang/StringBuilder;Z)V @ 41
Event: 245251.581 Thread 0x000001d1232a1000 Uncommon trap: reason=bimorphic action=maybe_recompile pc=0x000001d10c5cd6e8 method=javax.swing.text.html.parser.DocumentParser.handleText([C)V @ 61
Event: 245251.581 Thread 0x000001d1232a1000 Uncommon trap: reason=bimorphic action=maybe_recompile pc=0x000001d10a6b7990 method=javax.swing.text.html.parser.DocumentParser.parse(Ljava/io/Reader;Ljavax/swing/text/html/HTMLEditorKit$ParserCallback;Z)V @ 20
Event: 245253.623 Thread 0x000001d1232a1000 Uncommon trap: reason=bimorphic action=maybe_recompile pc=0x000001d10c5cd6e8 method=javax.swing.text.html.parser.DocumentParser.handleText([C)V @ 61

Internal exceptions (10 events):
Event: 245235.539 Thread 0x000001d126863800 Exception <a 'java/lang/InterruptedException': sleep interrupted> (0x00000007be87f410) thrown at [C:\re\workspace\8-2-build-windows-amd64-cygwin\jdk8u112\7884\hotspot\src\share\vm\prims\jvm.cpp, line 3180]
Event: 245240.357 Thread 0x000001d1232a1000 Exception <a 'java/io/FileNotFoundException'> (0x00000007bd2959b8) thrown at [C:\re\workspace\8-2-build-windows-amd64-cygwin\jdk8u112\7884\hotspot\src\share\vm\prims\jni.cpp, line 709]
Event: 245245.358 Thread 0x000001d1232a1000 Exception <a 'java/io/FileNotFoundException'> (0x00000007bd920928) thrown at [C:\re\workspace\8-2-build-windows-amd64-cygwin\jdk8u112\7884\hotspot\src\share\vm\prims\jni.cpp, line 709]
Event: 245250.359 Thread 0x000001d1232a1000 Exception <a 'java/io/FileNotFoundException'> (0x00000007beea9b48) thrown at [C:\re\workspace\8-2-build-windows-amd64-cygwin\jdk8u112\7884\hotspot\src\share\vm\prims\jni.cpp, line 709]
Event: 245251.266 Thread 0x000001d1232a1000 Exception <a 'ui/frmwork/CommandFailedException'> (0x00000007bca28a40) thrown at [C:\re\workspace\8-2-build-windows-amd64-cygwin\jdk8u112\7884\hotspot\src\share\vm\prims\jni.cpp, line 709]
Event: 245251.266 Thread 0x000001d1232a1000 Exception <a 'java/security/PrivilegedActionException'> (0x00000007bca29900) thrown at [C:\re\workspace\8-2-build-windows-amd64-cygwin\jdk8u112\7884\hotspot\src\share\vm\prims\jvm.cpp, line 1390]
Event: 245251.266 Thread 0x000001d1232a1000 Exception <a 'java/security/PrivilegedActionException'> (0x00000007bca29b10) thrown at [C:\re\workspace\8-2-build-windows-amd64-cygwin\jdk8u112\7884\hotspot\src\share\vm\prims\jvm.cpp, line 1390]
Event: 245253.492 Thread 0x000001d1232a1000 Exception <a 'ui/frmwork/CommandFailedException'> (0x00000007be7fcbc8) thrown at [C:\re\workspace\8-2-build-windows-amd64-cygwin\jdk8u112\7884\hotspot\src\share\vm\prims\jni.cpp, line 709]
Event: 245253.492 Thread 0x000001d1232a1000 Exception <a 'java/security/PrivilegedActionException'> (0x00000007be7fda88) thrown at [C:\re\workspace\8-2-build-windows-amd64-cygwin\jdk8u112\7884\hotspot\src\share\vm\prims\jvm.cpp, line 1390]
Event: 245253.492 Thread 0x000001d1232a1000 Exception <a 'java/security/PrivilegedActionException'> (0x00000007be7fdc98) thrown at [C:\re\workspace\8-2-build-windows-amd64-cygwin\jdk8u112\7884\hotspot\src\share\vm\prims\jvm.cpp, line 1390]

Events (10 events):
Event: 245253.623 Thread 0x000001d1232a1000 DEOPT PACKING pc=0x000001d10c5cd6e8 sp=0x00000071c1ffdca0
Event: 245253.623 Thread 0x000001d1232a1000 DEOPT UNPACKING pc=0x000001d1081b5832 sp=0x00000071c1ffdc60 mode 2
Event: 245253.710 Executing VM operation: ParallelGCFailedAllocation
Event: 245253.716 Executing VM operation: ParallelGCFailedAllocation done
Event: 245254.472 Thread 0x000001d126860000 Thread added: 0x000001d126860000
Event: 245254.473 Executing VM operation: RevokeBias
Event: 245254.474 Executing VM operation: RevokeBias done
Event: 245254.474 Thread 0x000001d126860000 Thread exited: 0x000001d126860000
Event: 245254.669 Executing VM operation: BulkRevokeBias
Event: 245254.669 Executing VM operation: BulkRevokeBias done


Dynamic libraries:
0x00007ff7c33f0000 - 0x00007ff7c3420000 	D:\Vivado2017.4\Vivado\2017.4\bin\unwrapped\win64.o\vivado.exe
0x00007ff8bee70000 - 0x00007ff8bf068000 	C:\Windows\SYSTEM32\ntdll.dll
0x00007ff8be050000 - 0x00007ff8be10f000 	C:\Windows\System32\KERNEL32.DLL
0x00007ff8bcbd0000 - 0x00007ff8bcea2000 	C:\Windows\System32\KERNELBASE.dll
0x00007ff8bc6c0000 - 0x00007ff8bc7c0000 	C:\Windows\System32\ucrtbase.dll
0x00007ff85a610000 - 0x00007ff85a69e000 	C:\Windows\SYSTEM32\MSVCP140.dll
0x00007ff8b7930000 - 0x00007ff8b7944000 	D:\Vivado2017.4\Vivado\2017.4\lib\win64.o\libboost_signals.dll
0x00007ff8b75f0000 - 0x00007ff8b7604000 	D:\Vivado2017.4\Vivado\2017.4\lib\win64.o\librdi_commonmain.dll
0x00007ff8a0360000 - 0x00007ff8a037b000 	C:\Windows\SYSTEM32\VCRUNTIME140.dll
0x00007ff89a5c0000 - 0x00007ff89b266000 	D:\Vivado2017.4\Vivado\2017.4\lib\win64.o\librdi_common.dll
0x00007ff8647c0000 - 0x00007ff8647cc000 	C:\Windows\SYSTEM32\VCRUNTIME140_1.dll
0x00007ff8beb00000 - 0x00007ff8beca1000 	C:\Windows\System32\USER32.dll
0x00007ff8bca00000 - 0x00007ff8bca22000 	C:\Windows\System32\win32u.dll
0x00007ff8bd8b0000 - 0x00007ff8bd8db000 	C:\Windows\System32\GDI32.dll
0x00007ff8b73f0000 - 0x00007ff8b7416000 	D:\Vivado2017.4\Vivado\2017.4\lib\win64.o\libboost_filesystem.dll
0x00007ff8b8270000 - 0x00007ff8b827a000 	D:\Vivado2017.4\Vivado\2017.4\lib\win64.o\librdi_commonversion.dll
0x00007ff8bc850000 - 0x00007ff8bc95f000 	C:\Windows\System32\gdi32full.dll
0x00007ff8be180000 - 0x00007ff8be22e000 	C:\Windows\System32\ADVAPI32.dll
0x00007ff8bc960000 - 0x00007ff8bc9fd000 	C:\Windows\System32\msvcp_win.dll
0x00007ff8bdd50000 - 0x00007ff8bddee000 	C:\Windows\System32\msvcrt.dll
0x00007ff8b4dc0000 - 0x00007ff8b4ec0000 	D:\Vivado2017.4\Vivado\2017.4\lib\win64.o\librdi_commonxillic.dll
0x00007ff8be8a0000 - 0x00007ff8be93c000 	C:\Windows\System32\sechost.dll
0x00007ff8bd160000 - 0x00007ff8bd8a4000 	C:\Windows\System32\SHELL32.dll
0x00007ff8bcf90000 - 0x00007ff8bd0b5000 	C:\Windows\System32\RPCRT4.dll
0x0000000071dc0000 - 0x0000000071eeb000 	D:\Vivado2017.4\Vivado\2017.4\lib\win64.o\tcl85t.dll
0x00007ff8be110000 - 0x00007ff8be17b000 	C:\Windows\System32\WS2_32.dll
0x00007ff897540000 - 0x00007ff8978ae000 	D:\Vivado2017.4\Vivado\2017.4\lib\win64.o\libCOIN-all.dll
0x00007ff888de0000 - 0x00007ff889095000 	D:\Vivado2017.4\Vivado\2017.4\lib\win64.o\libXil_lmgr11.dll
0x00007ff8b73d0000 - 0x00007ff8b73e4000 	D:\Vivado2017.4\Vivado\2017.4\lib\win64.o\libboost_date_time.dll
0x00007ff8be230000 - 0x00007ff8be30a000 	C:\Windows\System32\COMDLG32.dll
0x00007ff8b5110000 - 0x00007ff8b518f000 	D:\Vivado2017.4\Vivado\2017.4\lib\win64.o\libboost_program_options.dll
0x00007ff8be310000 - 0x00007ff8be665000 	C:\Windows\System32\combase.dll
0x00007ff8b8110000 - 0x00007ff8b811b000 	D:\Vivado2017.4\Vivado\2017.4\lib\win64.o\libboost_system.dll
0x00007ff8afd40000 - 0x00007ff8afe54000 	D:\Vivado2017.4\Vivado\2017.4\lib\win64.o\libboost_regex.dll
0x00007ff8becb0000 - 0x00007ff8bed5d000 	C:\Windows\System32\shcore.dll
0x00007ff8b50b0000 - 0x00007ff8b50d1000 	D:\Vivado2017.4\Vivado\2017.4\lib\win64.o\libboost_thread.dll
0x00007ff8be680000 - 0x00007ff8be6d5000 	C:\Windows\System32\SHLWAPI.dll
0x00007ff8b7880000 - 0x00007ff8b788f000 	D:\Vivado2017.4\Vivado\2017.4\lib\win64.o\libboost_xilinx.dll
0x00007ff8afc20000 - 0x00007ff8afca2000 	D:\Vivado2017.4\Vivado\2017.4\lib\win64.o\libhdlpsolve.dll
0x00007ff8bed60000 - 0x00007ff8bee2d000 	C:\Windows\System32\OLEAUT32.dll
0x00007ff8afb70000 - 0x00007ff8afc15000 	D:\Vivado2017.4\Vivado\2017.4\lib\win64.o\libhdxml.dll
0x00007ff8be9d0000 - 0x00007ff8beafa000 	C:\Windows\System32\ole32.dll
0x00007ff8b5080000 - 0x00007ff8b50ae000 	D:\Vivado2017.4\Vivado\2017.4\lib\win64.o\libisl_sysinfo.dll
0x00007ff887000000 - 0x00007ff8875eb400 	D:\Vivado2017.4\Vivado\2017.4\lib\win64.o\libisl_iostreams.dll
0x00007ff8bca30000 - 0x00007ff8bca99000 	C:\Windows\System32\WINTRUST.dll
0x00007ff8bc560000 - 0x00007ff8bc6b6000 	C:\Windows\System32\CRYPT32.dll
0x00007ff8b6940000 - 0x00007ff8b6955000 	D:\Vivado2017.4\Vivado\2017.4\lib\win64.o\pthreadVC2.dll
0x00007ff8af930000 - 0x00007ff8af995000 	D:\Vivado2017.4\Vivado\2017.4\lib\win64.o\liblmx6.0.dll
0x00007ff8a1580000 - 0x00007ff8a16d1000 	D:\Vivado2017.4\Vivado\2017.4\lib\win64.o\librdi_curl.dll
0x00007ff8b50f0000 - 0x00007ff8b510c000 	D:\Vivado2017.4\Vivado\2017.4\lib\win64.o\librdiconfig.dll
0x00007ff8b4d90000 - 0x00007ff8b4db1000 	D:\Vivado2017.4\Vivado\2017.4\lib\win64.o\librdizlib.dll
0x0000000012000000 - 0x0000000012272000 	D:\Vivado2017.4\Vivado\2017.4\lib\win64.o\xerces-c_3_1.dll
0x0000000071520000 - 0x0000000071dba000 	D:\Vivado2017.4\Vivado\2017.4\tps\win64\jre\bin\server\jvm.dll
0x00007ff8b0960000 - 0x00007ff8b0e39000 	C:\Windows\SYSTEM32\WININET.dll
0x00007ff8b7be0000 - 0x00007ff8b7cec000 	C:\Windows\SYSTEM32\WINHTTP.dll
0x00007ff8be670000 - 0x00007ff8be678000 	C:\Windows\System32\PSAPI.DLL
0x00007ff8b0e90000 - 0x00007ff8b107d000 	C:\Windows\SYSTEM32\urlmon.dll
0x00007ff8aa0a0000 - 0x00007ff8aa0a9000 	C:\Windows\SYSTEM32\WSOCK32.dll
0x00007ff885bf0000 - 0x00007ff886a81000 	D:\Vivado2017.4\Vivado\2017.4\lib\win64.o\gurobi65.dll
0x00007ff8b4d60000 - 0x00007ff8b4d8e000 	C:\Windows\SYSTEM32\VCOMP140.DLL
0x00007ff8b1690000 - 0x00007ff8b16a9000 	C:\Windows\SYSTEM32\NETAPI32.dll
0x00007ff8b7860000 - 0x00007ff8b786d000 	D:\Vivado2017.4\Vivado\2017.4\lib\win64.o\libboost_chrono.dll
0x00007ff896ad0000 - 0x00007ff896b80000 	C:\Windows\WinSxS\amd64_microsoft.windows.common-controls_6595b64144ccf1df_5.82.19041.1110_none_792d1c772443f647\COMCTL32.dll
0x00007ff8b7840000 - 0x00007ff8b785d000 	C:\Windows\SYSTEM32\dhcpcsvc.DLL
0x00007ff8b4f90000 - 0x00007ff8b4fab000 	D:\Vivado2017.4\Vivado\2017.4\lib\win64.o\libboost_iostreams.dll
0x00007ff8b02d0000 - 0x00007ff8b02f5000 	D:\Vivado2017.4\Vivado\2017.4\lib\win64.o\libisl_iosutils.dll
0x00007ff8a1470000 - 0x00007ff8a1544000 	C:\Windows\SYSTEM32\MSVCR110.dll
0x00007ff8b0800000 - 0x00007ff8b0827000 	C:\Windows\SYSTEM32\WINMM.dll
0x00007ff8b64a0000 - 0x00007ff8b64aa000 	C:\Windows\SYSTEM32\VERSION.dll
0x0000000072aa0000 - 0x0000000072b72000 	C:\Windows\SYSTEM32\MSVCR100.dll
0x00007ff8b03d0000 - 0x00007ff8b0681000 	C:\Windows\SYSTEM32\iertutil.dll
0x00007ff8b0690000 - 0x00007ff8b06b8000 	C:\Windows\SYSTEM32\srvcli.dll
0x00007ff8bbab0000 - 0x00007ff8bbabc000 	C:\Windows\SYSTEM32\netutils.dll
0x00007ff8bd120000 - 0x00007ff8bd152000 	C:\Windows\System32\IMM32.DLL
0x00007ff8bc0e0000 - 0x00007ff8bc0f2000 	C:\Windows\SYSTEM32\MSASN1.dll
0x00007ff8ba440000 - 0x00007ff8ba452000 	C:\Windows\SYSTEM32\kernel.appcore.dll
0x00007ff888950000 - 0x00007ff888dda000 	D:\Vivado2017.4\Vivado\2017.4\lib\win64.o\librdi_commontasks.dll
0x00007ff8a0e30000 - 0x00007ff8a106f000 	D:\Vivado2017.4\Vivado\2017.4\lib\win64.o\librdi_sio.dll
0x00007ff8bb9a0000 - 0x00007ff8bb9db000 	C:\Windows\SYSTEM32\IPHLPAPI.DLL
0x00007ff8ba640000 - 0x00007ff8badd2000 	C:\Windows\SYSTEM32\windows.storage.dll
0x00007ff8bbf50000 - 0x00007ff8bbf80000 	C:\Windows\SYSTEM32\Wldp.dll
0x00007ff8419e0000 - 0x00007ff843b45000 	D:\Vivado2017.4\Vivado\2017.4\lib\win64.o\librdi_tcltasks.dll
0x00007ff885880000 - 0x00007ff885be6000 	D:\Vivado2017.4\Vivado\2017.4\lib\win64.o\librdi_bitstream.dll
0x00007ff8a1150000 - 0x00007ff8a12c9000 	D:\Vivado2017.4\Vivado\2017.4\lib\win64.o\librdi_board.dll
0x00007ff887a80000 - 0x00007ff887cc6000 	D:\Vivado2017.4\Vivado\2017.4\lib\win64.o\librdi_chipscope.dll
0x00007ff8af830000 - 0x00007ff8af89a000 	D:\Vivado2017.4\Vivado\2017.4\lib\win64.o\librdi_boarddep.dll
0x00007ff8a1340000 - 0x00007ff8a1468000 	D:\Vivado2017.4\Vivado\2017.4\lib\win64.o\librdi_containers.dll
0x00007ff87e310000 - 0x00007ff87fa1b000 	D:\Vivado2017.4\Vivado\2017.4\lib\win64.o\librdi_constraints.dll
0x00007ff8849c0000 - 0x00007ff885097000 	D:\Vivado2017.4\Vivado\2017.4\lib\win64.o\librdi_coregenipxact.dll
0x00007ff83e9d0000 - 0x00007ff8419de000 	D:\Vivado2017.4\Vivado\2017.4\lib\win64.o\librdi_coregen.dll
0x00007ff885600000 - 0x00007ff885875000 	D:\Vivado2017.4\Vivado\2017.4\lib\win64.o\librdi_dlyest.dll
0x00007ff83ae50000 - 0x00007ff83e9c6000 	D:\Vivado2017.4\Vivado\2017.4\lib\win64.o\librdi_designutils.dll
0x00007ff8a1ed0000 - 0x00007ff8a1f9e000 	D:\Vivado2017.4\Vivado\2017.4\lib\win64.o\librdi_dsp.dll
0x00007ff87d1e0000 - 0x00007ff87d918000 	D:\Vivado2017.4\Vivado\2017.4\lib\win64.o\librdi_drc.dll
0x00007ff87dd60000 - 0x00007ff87e310000 	D:\Vivado2017.4\Vivado\2017.4\lib\win64.o\librdi_filemgmt.dll
0x00007ff885380000 - 0x00007ff8855fb000 	D:\Vivado2017.4\Vivado\2017.4\lib\win64.o\librdi_guitools.dll
0x00007ff8afb10000 - 0x00007ff8afb68000 	D:\Vivado2017.4\Vivado\2017.4\lib\win64.o\librdi_hdf.dll
0x00007ff8765b0000 - 0x00007ff877479000 	D:\Vivado2017.4\Vivado\2017.4\lib\win64.o\librdi_implflow.dll
0x00007ff87c420000 - 0x00007ff87ca17000 	D:\Vivado2017.4\Vivado\2017.4\lib\win64.o\librdi_memdata.dll
0x00007ff82e8b0000 - 0x00007ff83ae42000 	D:\Vivado2017.4\Vivado\2017.4\lib\win64.o\librdi_device.dll
0x00007ff8afcf0000 - 0x00007ff8afd37000 	D:\Vivado2017.4\Vivado\2017.4\lib\win64.o\librdi_pfi.dll
0x00007ff82b400000 - 0x00007ff82e8a1000 	D:\Vivado2017.4\Vivado\2017.4\lib\win64.o\librdi_mig.dll
0x00007ff87bb90000 - 0x00007ff87c023000 	D:\Vivado2017.4\Vivado\2017.4\lib\win64.o\librdi_netlist.dll
0x00007ff884790000 - 0x00007ff8849bb000 	D:\Vivado2017.4\Vivado\2017.4\lib\win64.o\librdi_platform.dll
0x00007ff829350000 - 0x00007ff82b3f5000 	D:\Vivado2017.4\Vivado\2017.4\lib\win64.o\librdi_place.dll
0x00007ff8759c0000 - 0x00007ff875f14000 	D:\Vivado2017.4\Vivado\2017.4\lib\win64.o\librdi_project.dll
0x00007ff875f20000 - 0x00007ff8765ae000 	D:\Vivado2017.4\Vivado\2017.4\lib\win64.o\librdi_power.dll
0x00007ff875350000 - 0x00007ff8759bd000 	D:\Vivado2017.4\Vivado\2017.4\lib\win64.o\librdi_psta.dll
0x00007ff8748b0000 - 0x00007ff875047000 	D:\Vivado2017.4\Vivado\2017.4\lib\win64.o\librdi_rsb.dll
0x00007ff8a0bb0000 - 0x00007ff8a0c87000 	D:\Vivado2017.4\Vivado\2017.4\lib\win64.o\librdi_runsbase.dll
0x00007ff87b7b0000 - 0x00007ff87bb89000 	D:\Vivado2017.4\Vivado\2017.4\lib\win64.o\librdi_runs.dll
0x00007ff8a06c0000 - 0x00007ff8a0878000 	D:\Vivado2017.4\Vivado\2017.4\lib\win64.o\librdi_simdata.dll
0x00007ff873c20000 - 0x00007ff8748a3000 	D:\Vivado2017.4\Vivado\2017.4\lib\win64.o\librdi_timing.dll
0x00007ff8af7b0000 - 0x00007ff8af7fc000 	D:\Vivado2017.4\Vivado\2017.4\lib\win64.o\libboost_serialization.dll
0x00007ff8adcf0000 - 0x00007ff8add32000 	D:\Vivado2017.4\Vivado\2017.4\lib\win64.o\librdi_ipconfig_readwrite.dll
0x00007ff8b02a0000 - 0x00007ff8b02cf000 	D:\Vivado2017.4\Vivado\2017.4\lib\win64.o\librdi_noc_frameworks.dll
0x00007ff8a2340000 - 0x00007ff8a23de000 	D:\Vivado2017.4\Vivado\2017.4\lib\win64.o\libise.dll
0x00007ff89a410000 - 0x00007ff89a5bb000 	D:\Vivado2017.4\Vivado\2017.4\lib\win64.o\librdi_nocdb.dll
0x00007ff87cd40000 - 0x00007ff87cf07000 	D:\Vivado2017.4\Vivado\2017.4\lib\win64.o\librdi_noctools.dll
0x00007ff862250000 - 0x00007ff862d03000 	D:\Vivado2017.4\Vivado\2017.4\lib\win64.o\libverific.dll
0x00007ff861d00000 - 0x00007ff86224e000 	D:\Vivado2017.4\Vivado\2017.4\lib\win64.o\librdi_xdm.dll
0x00007ff861830000 - 0x00007ff861cf3000 	D:\Vivado2017.4\Vivado\2017.4\lib\win64.o\librdi_wavedata.dll
0x00007ff8aaaa0000 - 0x00007ff8aaae6000 	D:\Vivado2017.4\Vivado\2017.4\lib\win64.o\librdi_wavedata_SimpleApi.dll
0x00007ff85f770000 - 0x00007ff8605a0000 	D:\Vivado2017.4\Vivado\2017.4\lib\win64.o\librdi_route.dll
0x00007ff87c1e0000 - 0x00007ff87c417000 	D:\Vivado2017.4\Vivado\2017.4\lib\win64.o\librdi_hsm.dll
0x00007ff85f1a0000 - 0x00007ff85f762000 	D:\Vivado2017.4\Vivado\2017.4\lib\win64.o\librdi_abc_nomp.dll
0x00007ff8b4f50000 - 0x00007ff8b4f6a000 	D:\Vivado2017.4\Vivado\2017.4\lib\win64.o\librdi_hmetis.dll
0x00007ff85ea50000 - 0x00007ff85f194000 	D:\Vivado2017.4\Vivado\2017.4\lib\win64.o\librdi_labtools.dll

VM Arguments:
jvm_args: -Dsun.java2d.pmoffscreen=false -Dsun.java2d.xrender=false -Dsun.java2d.d3d=false -Dsun.awt.nopixfmt=true -Xverify:none -Dswing.aatext=true -XX:-UsePerfData -Djdk.map.althashing.threshold=512 -XX:StringTableSize=4072 -XX:NewSize=60m -XX:MaxNewSize=60m -Xms128m -Xmx3072m -Xss5m 
java_command: <unknown>
java_class_path (initial): D:/Vivado2017.4/Vivado/2017.4\lib\classes\alloy.jar;D:/Vivado2017.4/Vivado/2017.4\lib\classes\autopilot.scelaborator.jar;D:/Vivado2017.4/Vivado/2017.4\lib\classes\autopilot.sourceprocessor.jar;D:/Vivado2017.4/Vivado/2017.4\lib\classes\autopilot.tbprocessor.jar;D:/Vivado2017.4/Vivado/2017.4\lib\classes\batik-anim.jar;D:/Vivado2017.4/Vivado/2017.4\lib\classes\batik-awt-util.jar;D:/Vivado2017.4/Vivado/2017.4\lib\classes\batik-bridge.jar;D:/Vivado2017.4/Vivado/2017.4\lib\classes\batik-codec.jar;D:/Vivado2017.4/Vivado/2017.4\lib\classes\batik-css.jar;D:/Vivado2017.4/Vivado/2017.4\lib\classes\batik-dom.jar;D:/Vivado2017.4/Vivado/2017.4\lib\classes\batik-ext.jar;D:/Vivado2017.4/Vivado/2017.4\lib\classes\batik-gui-util.jar;D:/Vivado2017.4/Vivado/2017.4\lib\classes\batik-gvt.jar;D:/Vivado2017.4/Vivado/2017.4\lib\classes\batik-parser.jar;D:/Vivado2017.4/Vivado/2017.4\lib\classes\batik-script.jar;D:/Vivado2017.4/Vivado/2017.4\lib\classes\batik-svg-dom.jar;D:/Vivado2017.4/Vivado/2017.4\lib\classes\batik-swing.jar;D:/Vivado2017.4/Vivado/2017.4\lib\classes\batik-transcoder.jar;D:/Vivado2017.4/Vivado/2017.4\lib\classes\batik-util.jar;D:/Vivado2017.4/Vivado/2017.4\lib\classes\batik-xml.jar;D:/Vivado2017.4/Vivado/2017.4\lib\classes\com.ibm.icu_4.4.2.v20110208.jar;D:/Vivado2017.4/Vivado/2017.4\lib\classes\commons-math-2.2.jar;D:/Vivado2017.4/Vivado/2017.4\lib\classes\dom4j-1.6.1.jar;D:/Vivado2017.4/Vivado/2017.4\lib\classes\guava-18.0.jar;D:/Vivado2017.4/Vivado/2017.4\lib\classes\help.jar;D:/Vivado2017.4/Vivado/2017.4\lib\classes\hsqldb.jar;D:/Vivado2017.4/Vivado/2017.4\lib\classes\jargs.jar;D:/Vivado2017.4/Vivado/2017.4\lib\classes\jh.jar;D:/Vivado2017.4/Vivado/2017.4\lib\classes\jide-action.jar;D:/Vivado2017.4/Vivado/2017.4\lib\classes\jide-charts.jar;D:/Vivado2017.4/Vivado/2017.4\lib\classes\jide-common.jar;D:/Vivado2017.4/Vivado/2017.4\lib\classes\jide-components.jar;D:/Vivado2017.4/Vivado/2017.4\lib\classes\jide-dashboard.jar;D:/Vivado2017.4/Vivado/2
Launcher Type: generic

Environment Variables:
PATH=D:/Vivado2017.4/Vivado/2017.4/bin;D:/Vivado2017.4/Vivado/2017.4/lib/win64.o;D:/Vivado2017.4/Vivado/2017.4/tps/win64/jre/bin/server;D:/Vivado2017.4/Vivado/2017.4/tps/win64/jre/bin;D:/Vivado2017.4/SDK/2017.4/bin;D:/Vivado2017.4/Vivado/2017.4/ids_lite/ISE/bin/nt64;D:/Vivado2017.4/Vivado/2017.4/ids_lite/ISE/lib/nt64;D:\Qt\Qt5.12.0\5.12.0\mingw73_64\bin;C:\Windows\system32;D:\Xftp\;C:\Program Files (x86)\OpenSSH\bin;C:\Program Files\Git\cmd;C:\Users\dell\AppData\Local\Microsoft\WindowsApps;C:\Users\dell\AppData\Roaming\npm;D:\Microsoft_VSCode\bin;D:\Quartus13.1\modelsim_ase\win32aloem;D:\Quartus13.1\modelsim_ae\win32aloem;D:/Vivado2017.4/Vivado/2017.4\tps\mingw\6.2.0\win64.o\nt\bin;D:/Vivado2017.4/Vivado/2017.4\tps\mingw\6.2.0\win64.o\nt\libexec\gcc\x86_64-w64-mingw32\6.2.0
USERNAME=dell
OS=Windows_NT
PROCESSOR_IDENTIFIER=Intel64 Family 6 Model 165 Stepping 5, GenuineIntel



---------------  S Y S T E M  ---------------

OS: Windows 10.0 , 64 bit Build 19041 (10.0.19041.2364)

CPU:total 20 (10 cores per cpu, 2 threads per core) family 6 model 165 stepping 5, cmov, cx8, fxsr, mmx, sse, sse2, sse3, ssse3, sse4.1, sse4.2, popcnt, avx, avx2, aes, clmul, erms, 3dnowpref, lzcnt, ht, tsc, tscinvbit, bmi1, bmi2, adx

Memory: 4k page, physical 33261288k(17016428k free), swap 127278900k(89078156k free)

vm_info: Java HotSpot(TM) 64-Bit Server VM (25.112-b15) for windows-amd64 JRE (1.8.0_112-b15), built on Sep 22 2016 21:31:56 by "java_re" with MS VC++ 10.0 (VS2010)

time: Tue Feb 21 09:42:28 2023
elapsed time: 245255 seconds (2d 20h 7m 35s)

