#
# A fatal error has been detected by the Java Runtime Environment:
#
#  EXCEPTION_ACCESS_VIOLATION (0xc0000005) at pc=0x00007ff823df6fa0, pid=23448, tid=0x0000000000004024
#
# JRE version: Java(TM) SE Runtime Environment (8.0_112-b15) (build 1.8.0_112-b15)
# Java VM: Java HotSpot(TM) 64-Bit Server VM (25.112-b15 mixed mode windows-amd64 compressed oops)
# Problematic frame:
# C  [librdi_wavedata.dll+0x366fa0]
#
# Failed to write core dump. Minidumps are not enabled by default on client versions of Windows
#
# If you would like to submit a bug report, please visit:
#   http://bugreport.java.com/bugreport/crash.jsp
# The crash happened outside the Java Virtual Machine in native code.
# See problematic frame for where to report the bug.
#

---------------  T H R E A D  ---------------

Current thread (0x0000015f319a5000):  JavaThread "AWT-EventQueue-0" [_thread_in_native, id=16420, stack(0x00000045cff00000,0x00000045d0400000)]

siginfo: ExceptionCode=0xc0000005, ExceptionInformation=0x0000000000000008 0x00007ff823df6fa0

Registers:
RAX=0x00007ff823db2a28, RBX=0x0000015f6042cd60, RCX=0x0000015f6042cd60, RDX=0x00000045d03fcef0
RSP=0x00000045d03fcdf8, RBP=0x00000045d03fcf39, RSI=0x00000045d03fcef0, RDI=0x0000015f3a80ec18
R8 =0x00000045d03fcef0, R9 =0x00007ff823a90000, R10=0x00007ff8a0360000, R11=0x00007ff8a03615d1
R12=0x0000015f46c53f00, R13=0x0000015f6042cd60, R14=0x00000045d03fcef0, R15=0x0000015f6042cd60
RIP=0x00007ff823df6fa0, EFLAGS=0x0000000000010206

Top of Stack: (sp=0x00000045d03fcdf8)
0x00000045d03fcdf8:   00007ff823b8f708 0000000700000000
0x00000045d03fce08:   0000015f0afa0ec0 0000015f319a5000
0x00000045d03fce18:   0000015f0af90000 fffffffffffffffe
0x00000045d03fce28:   00000007000fb588 0000000000000040
0x00000045d03fce38:   0000015f0af90ff0 00000007c0005b10
0x00000045d03fce48:   0000c10e99d1f236 00000045d03fd100
0x00000045d03fce58:   0000015f3a80ec18 0000015f3a80ec18
0x00000045d03fce68:   00000045d03fcef0 00000045d03fcf39
0x00000045d03fce78:   00007ff823b8dc2b 0000000000000004
0x00000045d03fce88:   00007ff8bee9b3c7 0000015f6042cd60
0x00000045d03fce98:   0000000700000011 00000045d03fd027
0x00000045d03fcea8:   00007ff823b8eee4 0000000000000000
0x00000045d03fceb8:   0000000000000000 0000000200202368
0x00000045d03fcec8:   00000007be8272a0 0000000700234860
0x00000045d03fced8:   00000007000fb588 0000000700000000
0x00000045d03fcee8:   fffffffffffffffe 0065676465736f70 

Instructions: (pc=0x00007ff823df6fa0)
0x00007ff823df6f80:   00 00 00 00 ff ff ff ff 00 00 00 00 40 00 00 00
0x00007ff823df6f90:   40 6f 36 00 00 00 00 00 00 00 00 00 00 00 00 00
0x00007ff823df6fa0:   01 00 00 00 00 00 00 00 00 00 00 00 40 3b 46 00
0x00007ff823df6fb0:   c8 6f 36 00 a0 6f 36 00 00 00 00 00 00 00 00 00 


Register to memory mapping:

RAX=0x00007ff823db2a28 is an unknown value
RBX=0x0000015f6042cd60 is an unknown value
RCX=0x0000015f6042cd60 is an unknown value
RDX=0x00000045d03fcef0 is pointing into the stack for thread: 0x0000015f319a5000
RSP=0x00000045d03fcdf8 is pointing into the stack for thread: 0x0000015f319a5000
RBP=0x00000045d03fcf39 is pointing into the stack for thread: 0x0000015f319a5000
RSI=0x00000045d03fcef0 is pointing into the stack for thread: 0x0000015f319a5000
RDI=0x0000015f3a80ec18 is an unknown value
R8 =0x00000045d03fcef0 is pointing into the stack for thread: 0x0000015f319a5000
R9 =0x00007ff823a90000 is an unknown value
R10=0x00007ff8a0360000 is an unknown value
R11=0x00007ff8a03615d1 is an unknown value
R12=0x0000015f46c53f00 is an unknown value
R13=0x0000015f6042cd60 is an unknown value
R14=0x00000045d03fcef0 is pointing into the stack for thread: 0x0000015f319a5000
R15=0x0000015f6042cd60 is an unknown value


Stack: [0x00000045cff00000,0x00000045d0400000],  sp=0x00000045d03fcdf8,  free space=5107k
Native frames: (J=compiled Java code, j=interpreted, Vv=VM code, C=native code)
C  [librdi_wavedata.dll+0x366fa0]

Java frames: (J=compiled Java code, j=interpreted, Vv=VM code)
J 18511  ui.views.simulator.executive.simulationi.SimulationExecutive_getSimulationObject(JLjava/lang/String;IZ)J (0 bytes) @ 0x0000015f16a7cb9f [0x0000015f16a7cb40+0x5f]
J 31325 C2 ui.views.T.a.ci.b(Lui/views/M/c/a;Ljava/lang/String;IZ)Z (9 bytes) @ 0x0000015f17d4f5e0 [0x0000015f17d4f5a0+0x40]
J 23212 C2 ui.views.T.a.cA.r(Lui/views/T/a/Z;)V (68 bytes) @ 0x0000015f1785efec [0x0000015f1785e3a0+0xc4c]
J 20064 C2 ui.views.T.a.Z.l(Ljavax/swing/Action;)Lui/views/T/a/aT; (96 bytes) @ 0x0000015f189f23b4 [0x0000015f189f22c0+0xf4]
J 31324 C2 ui.views.T.a.cd.getComponentPopupMenu()Ljavax/swing/JPopupMenu; (98 bytes) @ 0x0000015f17d50c60 [0x0000015f17d50aa0+0x1c0]
J 34377 C1 com.jidesoft.editor.CodeEditor$v_.mouseDragged(Ljava/awt/event/MouseEvent;)V (283 bytes) @ 0x0000015f1ad44a94 [0x0000015f1ad44000+0xa94]
J 23636 C2 java.awt.AWTEventMulticaster.mouseDragged(Ljava/awt/event/MouseEvent;)V (27 bytes) @ 0x0000015f190b98d4 [0x0000015f190b9820+0xb4]
J 23636 C2 java.awt.AWTEventMulticaster.mouseDragged(Ljava/awt/event/MouseEvent;)V (27 bytes) @ 0x0000015f190b9894 [0x0000015f190b9820+0x74]
J 23411 C2 javax.swing.JComponent.processMouseMotionEvent(Ljava/awt/event/MouseEvent;)V (46 bytes) @ 0x0000015f17b633c8 [0x0000015f17b63320+0xa8]
J 11746 C2 java.awt.Container.processEvent(Ljava/awt/AWTEvent;)V (22 bytes) @ 0x0000015f16bc1c14 [0x0000015f16bc1aa0+0x174]
J 31365 C2 java.awt.Component.dispatchEventImpl(Ljava/awt/AWTEvent;)V (883 bytes) @ 0x0000015f1a634dd4 [0x0000015f1a633ae0+0x12f4]
J 28650 C2 java.awt.Container.dispatchEventImpl(Ljava/awt/AWTEvent;)V (129 bytes) @ 0x0000015f17c83584 [0x0000015f17c83520+0x64]
J 26446 C2 java.awt.LightweightDispatcher.retargetMouseEvent(Ljava/awt/Component;ILjava/awt/event/MouseEvent;)V (350 bytes) @ 0x0000015f19a18120 [0x0000015f19a17be0+0x540]
J 28650 C2 java.awt.Container.dispatchEventImpl(Ljava/awt/AWTEvent;)V (129 bytes) @ 0x0000015f17c84414 [0x0000015f17c83520+0xef4]
J 26758 C2 java.awt.Window.dispatchEventImpl(Ljava/awt/AWTEvent;)V (23 bytes) @ 0x0000015f15dd7e4c [0x0000015f15dd7e00+0x4c]
J 13141 C2 java.awt.EventQueue$3.run()Ljava/lang/Object; (5 bytes) @ 0x0000015f176f535c [0x0000015f176f4f80+0x3dc]
v  ~StubRoutines::call_stub
J 1871  java.security.AccessController.doPrivileged(Ljava/security/PrivilegedAction;Ljava/security/AccessControlContext;)Ljava/lang/Object; (0 bytes) @ 0x0000015f156517a6 [0x0000015f15651740+0x66]
J 25790 C2 java.security.ProtectionDomain$JavaSecurityAccessImpl.doIntersectionPrivilege(Ljava/security/PrivilegedAction;Ljava/security/AccessControlContext;Ljava/security/AccessControlContext;)Ljava/lang/Object; (22 bytes) @ 0x0000015f18babf48 [0x0000015f18babe00+0x148]
J 17027 C2 java.awt.EventQueue$4.run()Ljava/lang/Object; (5 bytes) @ 0x0000015f16d1be94 [0x0000015f16d1be00+0x94]
v  ~StubRoutines::call_stub
J 1871  java.security.AccessController.doPrivileged(Ljava/security/PrivilegedAction;Ljava/security/AccessControlContext;)Ljava/lang/Object; (0 bytes) @ 0x0000015f156517a6 [0x0000015f15651740+0x66]
J 11416 C2 ui.frmwork.b.d.dispatchEvent(Ljava/awt/AWTEvent;)V (45 bytes) @ 0x0000015f17218bd4 [0x0000015f17218780+0x454]
J 31064 C2 java.awt.EventDispatchThread.pumpOneEventForFilters(I)V (295 bytes) @ 0x0000015f160ff830 [0x0000015f160ff260+0x5d0]
J 19712% C2 java.awt.EventDispatchThread.pumpEventsForFilter(ILjava/awt/Conditional;Ljava/awt/EventFilter;)V (47 bytes) @ 0x0000015f17298a60 [0x0000015f17298960+0x100]
j  java.awt.EventDispatchThread.pumpEventsForHierarchy(ILjava/awt/Conditional;Ljava/awt/Component;)V+11
j  java.awt.EventDispatchThread.pumpEvents(ILjava/awt/Conditional;)V+4
j  java.awt.EventDispatchThread.pumpEvents(Ljava/awt/Conditional;)V+3
j  java.awt.EventDispatchThread.run()V+9
v  ~StubRoutines::call_stub

---------------  P R O C E S S  ---------------

Java Threads: ( => current thread )
  0x0000015f38c75800 JavaThread "Relaunch Simulation" [_thread_in_native, id=25348, stack(0x00000045d4400000,0x00000045d4900000)]
  0x0000015f38c7f000 JavaThread "Thread-44910" [_thread_in_native, id=25512, stack(0x00000045d1300000,0x00000045d1400000)]
  0x0000015f38c7e800 JavaThread "Thread-44909" [_thread_in_native, id=17148, stack(0x00000045c9200000,0x00000045c9300000)]
  0x0000015f38c85800 JavaThread "Monitor File Timestamp Swing Worker" [_thread_blocked, id=19224, stack(0x00000045d3f00000,0x00000045d4400000)]
  0x0000015f38c7d000 JavaThread "Timer-15" [_thread_blocked, id=4668, stack(0x00000045d3400000,0x00000045d3900000)]
  0x0000015f38c7d800 JavaThread "Thread-44766" [_thread_in_native, id=11912, stack(0x00000045c9200000,0x00000045c9300000)]
  0x0000015f38c84800 JavaThread "Thread-44765" [_thread_in_native, id=23136, stack(0x00000045d1300000,0x00000045d1400000)]
  0x0000015f38c84000 JavaThread "Thread-44663" [_thread_in_native, id=25036, stack(0x00000045d1300000,0x00000045d1400000)]
  0x0000015f38c82000 JavaThread "Thread-44662" [_thread_in_native, id=24304, stack(0x00000045c9200000,0x00000045c9300000)]
  0x0000015f38c83000 JavaThread "Thread-44503" [_thread_in_native, id=23052, stack(0x00000045c9200000,0x00000045c9300000)]
  0x0000015f38c74000 JavaThread "Thread-44502" [_thread_in_native, id=21608, stack(0x00000045d1300000,0x00000045d1400000)]
  0x0000015f38c87000 JavaThread "Thread-44418" [_thread_in_native, id=9468, stack(0x00000045d1300000,0x00000045d1400000)]
  0x0000015f38c86000 JavaThread "Thread-44417" [_thread_in_native, id=4336, stack(0x00000045c9200000,0x00000045c9300000)]
  0x0000015f38c7c000 JavaThread "Thread-44351" [_thread_in_native, id=17312, stack(0x00000045d1300000,0x00000045d1400000)]
  0x0000015f38c7b800 JavaThread "Thread-44350" [_thread_in_native, id=4536, stack(0x00000045c9200000,0x00000045c9300000)]
  0x0000015f38c78800 JavaThread "Thread-31991" [_thread_in_native, id=1716, stack(0x00000045d1300000,0x00000045d1400000)]
  0x0000015f38c74800 JavaThread "Thread-31990" [_thread_in_native, id=4384, stack(0x00000045c9200000,0x00000045c9300000)]
  0x0000015f38c77000 JavaThread "Thread-31766" [_thread_in_native, id=22532, stack(0x00000045d1300000,0x00000045d1400000)]
  0x0000015f38c76000 JavaThread "Thread-31765" [_thread_in_native, id=23492, stack(0x00000045c9200000,0x00000045c9300000)]
  0x0000015f359ba800 JavaThread "Thread-31716" [_thread_in_native, id=21212, stack(0x00000045c9200000,0x00000045c9300000)]
  0x0000015f32e61800 JavaThread "Thread-31606" [_thread_in_native, id=23576, stack(0x00000045c9200000,0x00000045c9300000)]
  0x0000015f359bc000 JavaThread "Thread-31605" [_thread_in_native, id=6888, stack(0x00000045d3a00000,0x00000045d3b00000)]
  0x0000015f390af000 JavaThread "Thread-31425" [_thread_in_native, id=22196, stack(0x00000045c9200000,0x00000045c9300000)]
  0x0000015f390a2000 JavaThread "Thread-31424" [_thread_in_native, id=11404, stack(0x00000045d3a00000,0x00000045d3b00000)]
  0x0000015f32e63800 JavaThread "Thread-31324" [_thread_in_native, id=23724, stack(0x00000045d3900000,0x00000045d3a00000)]
  0x0000015f32e5e800 JavaThread "Thread-31323" [_thread_in_native, id=23844, stack(0x00000045d3a00000,0x00000045d3b00000)]
  0x0000015f32e60800 JavaThread "Thread-31186" [_thread_in_native, id=17208, stack(0x00000045d4f00000,0x00000045d5000000)]
  0x0000015f32e60000 JavaThread "Thread-31185" [_thread_in_native, id=14200, stack(0x00000045d4e00000,0x00000045d4f00000)]
  0x0000015f32e5b800 JavaThread "Thread-31008" [_thread_in_native, id=6344, stack(0x00000045d4f00000,0x00000045d5000000)]
  0x0000015f32e62000 JavaThread "Thread-31007" [_thread_in_native, id=15476, stack(0x00000045d4e00000,0x00000045d4f00000)]
  0x0000015f32e5f000 JavaThread "Thread-30897" [_thread_in_native, id=6196, stack(0x00000045d4f00000,0x00000045d5000000)]
  0x0000015f32e5d800 JavaThread "Thread-30896" [_thread_in_native, id=23912, stack(0x00000045d4e00000,0x00000045d4f00000)]
  0x0000015f32e5d000 JavaThread "Thread-30822" [_thread_in_native, id=11712, stack(0x00000045d3a00000,0x00000045d3b00000)]
  0x0000015f32e54800 JavaThread "Thread-30821" [_thread_in_native, id=19288, stack(0x00000045d3900000,0x00000045d3a00000)]
  0x0000015f32e5c000 JavaThread "Thread-30649" [_thread_in_native, id=14412, stack(0x00000045d3900000,0x00000045d3a00000)]
  0x0000015f32e57800 JavaThread "Thread-30630" [_thread_in_native, id=23320, stack(0x00000045d3900000,0x00000045d3a00000)]
  0x0000015f32e55800 JavaThread "Thread-30629" [_thread_in_native, id=7088, stack(0x00000045d1300000,0x00000045d1400000)]
  0x0000015f32e59000 JavaThread "Thread-30448" [_thread_in_native, id=24516, stack(0x00000045d1300000,0x00000045d1400000)]
  0x0000015f34afa000 JavaThread "Thread-30447" [_thread_in_native, id=14044, stack(0x00000045d3900000,0x00000045d3a00000)]
  0x0000015f390b0000 JavaThread "Thread-30191" [_thread_in_native, id=8456, stack(0x00000045d1300000,0x00000045d1400000)]
  0x0000015f390a9800 JavaThread "Thread-30190" [_thread_in_native, id=11792, stack(0x00000045d3400000,0x00000045d3500000)]
  0x0000015f390ad800 JavaThread "Thread-29992" [_thread_in_native, id=11468, stack(0x00000045d1300000,0x00000045d1400000)]
  0x0000015f390ae800 JavaThread "Thread-29968" [_thread_in_native, id=20772, stack(0x00000045d3900000,0x00000045d3a00000)]
  0x0000015f390ad000 JavaThread "Thread-29967" [_thread_in_native, id=19636, stack(0x00000045d1300000,0x00000045d1400000)]
  0x0000015f390ac000 JavaThread "Thread-29795" [_thread_in_native, id=2076, stack(0x00000045d3900000,0x00000045d3a00000)]
  0x0000015f390ab000 JavaThread "Thread-29794" [_thread_in_native, id=13024, stack(0x00000045d1300000,0x00000045d1400000)]
  0x0000015f390a0800 JavaThread "Thread-29666" [_thread_in_native, id=20656, stack(0x00000045d3900000,0x00000045d3a00000)]
  0x0000015f390a3800 JavaThread "Thread-29665" [_thread_in_native, id=23324, stack(0x00000045d1300000,0x00000045d1400000)]
  0x0000015f390a6000 JavaThread "Thread-29606" [_thread_in_native, id=24072, stack(0x00000045d3900000,0x00000045d3a00000)]
  0x0000015f390a8000 JavaThread "Thread-29605" [_thread_in_native, id=21720, stack(0x00000045d1300000,0x00000045d1400000)]
  0x0000015f390a5000 JavaThread "Thread-29434" [_thread_in_native, id=10160, stack(0x00000045d3900000,0x00000045d3a00000)]
  0x0000015f390a4800 JavaThread "Thread-29433" [_thread_in_native, id=16828, stack(0x00000045d1300000,0x00000045d1400000)]
  0x0000015f390a6800 JavaThread "Thread-29342" [_thread_in_native, id=6480, stack(0x00000045d4000000,0x00000045d4100000)]
  0x0000015f31baa000 JavaThread "Thread-29341" [_thread_in_native, id=3736, stack(0x00000045d3f00000,0x00000045d4000000)]
  0x0000015f317d6000 JavaThread "Thread-29281" [_thread_in_native, id=21304, stack(0x00000045d3a00000,0x00000045d3b00000)]
  0x0000015f34af7000 JavaThread "Thread-29280" [_thread_in_native, id=24352, stack(0x00000045d3900000,0x00000045d3a00000)]
  0x0000015f359bc800 JavaThread "Thread-25643" [_thread_in_native, id=23836, stack(0x00000045d3a00000,0x00000045d3b00000)]
  0x0000015f359ae800 JavaThread "Thread-25642" [_thread_in_native, id=20680, stack(0x00000045d3400000,0x00000045d3500000)]
  0x0000015f34af5000 JavaThread "Thread-21797" [_thread_in_native, id=22120, stack(0x00000045d4000000,0x00000045d4100000)]
  0x0000015f359bd800 JavaThread "Thread-21796" [_thread_in_native, id=22536, stack(0x00000045d3f00000,0x00000045d4000000)]
  0x0000015f359bb000 JavaThread "Thread-21537" [_thread_in_native, id=17044, stack(0x00000045d3a00000,0x00000045d3b00000)]
  0x0000015f359b8000 JavaThread "Thread-21536" [_thread_in_native, id=9992, stack(0x00000045d3900000,0x00000045d3a00000)]
  0x0000015f359b9800 JavaThread "Thread-21477" [_thread_in_native, id=7216, stack(0x00000045d4000000,0x00000045d4100000)]
  0x0000015f359af000 JavaThread "Thread-21476" [_thread_in_native, id=6180, stack(0x00000045d3f00000,0x00000045d4000000)]
  0x0000015f359b4800 JavaThread "Thread-21382" [_thread_in_native, id=21568, stack(0x00000045d3400000,0x00000045d3500000)]
  0x0000015f359b6000 JavaThread "Thread-21381" [_thread_in_native, id=3424, stack(0x00000045d3500000,0x00000045d3600000)]
  0x0000015f359b6800 JavaThread "Thread-21159" [_thread_in_native, id=17884, stack(0x00000045d3a00000,0x00000045d3b00000)]
  0x0000015f359b0000 JavaThread "Thread-21158" [_thread_in_native, id=23372, stack(0x00000045d3900000,0x00000045d3a00000)]
  0x0000015f359b0800 JavaThread "Thread-21080" [_thread_in_native, id=18252, stack(0x00000045d3400000,0x00000045d3500000)]
  0x0000015f359b7800 JavaThread "Thread-21079" [_thread_in_native, id=7932, stack(0x00000045d3a00000,0x00000045d3b00000)]
  0x0000015f359b3000 JavaThread "Thread-19885" [_thread_in_native, id=21824, stack(0x00000045d3900000,0x00000045d3a00000)]
  0x0000015f359b1800 JavaThread "Thread-19846" [_thread_in_native, id=13728, stack(0x00000045d3c00000,0x00000045d3d00000)]
  0x0000015f359b3800 JavaThread "Thread-19845" [_thread_in_native, id=7908, stack(0x00000045d3b00000,0x00000045d3c00000)]
  0x0000015f359b5000 JavaThread "Thread-19802" [_thread_in_native, id=10396, stack(0x00000045d1300000,0x00000045d1400000)]
  0x0000015f2fd3d800 JavaThread "Thread-19801" [_thread_in_native, id=12808, stack(0x00000045d3500000,0x00000045d3600000)]
  0x0000015f34af8800 JavaThread "Thread-19705" [_thread_in_native, id=22728, stack(0x00000045d3a00000,0x00000045d3b00000)]
  0x0000015f34af2800 JavaThread "Thread-19704" [_thread_in_native, id=22944, stack(0x00000045d1300000,0x00000045d1400000)]
  0x0000015f317d5800 JavaThread "Thread-19498" [_thread_in_native, id=10448, stack(0x00000045d3a00000,0x00000045d3b00000)]
  0x0000015f31ba4800 JavaThread "Thread-19497" [_thread_in_native, id=6348, stack(0x00000045d1300000,0x00000045d1400000)]
  0x0000015f31ba2800 JavaThread "Update Runs Swing Worker" [_thread_blocked, id=20340, stack(0x00000045d0900000,0x00000045d0e00000)]
  0x0000015f2fd3a800 JavaThread "Thread-12383" [_thread_in_native, id=21024, stack(0x00000045d3400000,0x00000045d3500000)]
  0x0000015f2fd3f000 JavaThread "Thread-12360" [_thread_in_native, id=3772, stack(0x00000045d3500000,0x00000045d3600000)]
  0x0000015f2fd3e800 JavaThread "Thread-12359" [_thread_in_native, id=21280, stack(0x00000045d3400000,0x00000045d3500000)]
  0x0000015f31bae800 JavaThread "Thread-12314" [_thread_in_native, id=19472, stack(0x00000045d3a00000,0x00000045d3b00000)]
  0x0000015f31bad800 JavaThread "Thread-12313" [_thread_in_native, id=22100, stack(0x00000045d3900000,0x00000045d3a00000)]
  0x0000015f31bad000 JavaThread "Thread-12266" [_thread_in_native, id=17632, stack(0x00000045d4000000,0x00000045d4100000)]
  0x0000015f31bac000 JavaThread "Thread-12265" [_thread_in_native, id=22992, stack(0x00000045d3f00000,0x00000045d4000000)]
  0x0000015f31ba7800 JavaThread "Thread-12221" [_thread_in_native, id=12540, stack(0x00000045d3a00000,0x00000045d3b00000)]
  0x0000015f31baa800 JavaThread "Thread-12220" [_thread_in_native, id=11684, stack(0x00000045d3900000,0x00000045d3a00000)]
  0x0000015f31ba9000 JavaThread "Thread-11998" [_thread_in_native, id=22684, stack(0x00000045d3400000,0x00000045d3500000)]
  0x0000015f31bab800 JavaThread "Thread-11997" [_thread_in_native, id=616, stack(0x00000045d3500000,0x00000045d3600000)]
  0x0000015f31ba0000 JavaThread "Thread-11912" [_thread_in_native, id=22508, stack(0x00000045d3a00000,0x00000045d3b00000)]
  0x0000015f31ba7000 JavaThread "Thread-11911" [_thread_in_native, id=21916, stack(0x00000045d3900000,0x00000045d3a00000)]
  0x0000015f31b9f800 JavaThread "Thread-11868" [_thread_in_native, id=18104, stack(0x00000045d3a00000,0x00000045d3b00000)]
  0x0000015f31ba1000 JavaThread "Thread-11867" [_thread_in_native, id=23192, stack(0x00000045d3400000,0x00000045d3500000)]
  0x0000015f31ba4000 JavaThread "Thread-11526" [_thread_in_native, id=2132, stack(0x00000045d3400000,0x00000045d3500000)]
  0x0000015f31ba3000 JavaThread "Thread-11525" [_thread_in_native, id=10204, stack(0x00000045d3500000,0x00000045d3600000)]
  0x0000015f31ba6000 JavaThread "Thread-11397" [_thread_in_native, id=17392, stack(0x00000045d3b00000,0x00000045d3c00000)]
  0x0000015f31ba5800 JavaThread "Thread-11396" [_thread_in_native, id=2284, stack(0x00000045d3a00000,0x00000045d3b00000)]
  0x0000015f34af9800 JavaThread "Thread-11354" [_thread_in_native, id=6852, stack(0x00000045d3a00000,0x00000045d3b00000)]
  0x0000015f38e94000 JavaThread "Thread-11353" [_thread_in_native, id=13352, stack(0x00000045d3900000,0x00000045d3a00000)]
  0x0000015f38e91800 JavaThread "Thread-11214" [_thread_in_native, id=20872, stack(0x00000045d3a00000,0x00000045d3b00000)]
  0x0000015f38e91000 JavaThread "Thread-11213" [_thread_in_native, id=22020, stack(0x00000045d3900000,0x00000045d3a00000)]
  0x0000015f38e93800 JavaThread "Thread-11100" [_thread_in_native, id=22240, stack(0x00000045d3a00000,0x00000045d3b00000)]
  0x0000015f38e96800 JavaThread "Thread-11099" [_thread_in_native, id=15504, stack(0x00000045d3900000,0x00000045d3a00000)]
  0x0000015f38e92800 JavaThread "Thread-10957" [_thread_in_native, id=22252, stack(0x00000045d4000000,0x00000045d4100000)]
  0x0000015f38e95800 JavaThread "Thread-10956" [_thread_in_native, id=12244, stack(0x00000045d3f00000,0x00000045d4000000)]
  0x0000015f38e95000 JavaThread "Thread-10848" [_thread_in_native, id=7856, stack(0x00000045d3a00000,0x00000045d3b00000)]
  0x0000015f38e90000 JavaThread "Thread-10847" [_thread_in_native, id=11132, stack(0x00000045d3900000,0x00000045d3a00000)]
  0x0000015f38e88800 JavaThread "Thread-10593" [_thread_in_native, id=14792, stack(0x00000045d3500000,0x00000045d3600000)]
  0x0000015f38e8f800 JavaThread "Thread-10592" [_thread_in_native, id=22752, stack(0x00000045d3400000,0x00000045d3500000)]
  0x0000015f38e8e800 JavaThread "Thread-10545" [_thread_in_native, id=22892, stack(0x00000045d3900000,0x00000045d3a00000)]
  0x0000015f38e87000 JavaThread "Thread-10544" [_thread_in_native, id=12392, stack(0x00000045c9200000,0x00000045c9300000)]
  0x0000015f38e8a000 JavaThread "Thread-10408" [_thread_in_native, id=18656, stack(0x00000045d3400000,0x00000045d3500000)]
  0x0000015f38e89800 JavaThread "Thread-10407" [_thread_in_native, id=17900, stack(0x00000045c9200000,0x00000045c9300000)]
  0x0000015f38e8e000 JavaThread "Thread-10298" [_thread_in_native, id=22976, stack(0x00000045d3900000,0x00000045d3a00000)]
  0x0000015f38e8c800 JavaThread "Thread-10297" [_thread_in_native, id=2168, stack(0x00000045c9200000,0x00000045c9300000)]
  0x0000015f38e8b800 JavaThread "Thread-10174" [_thread_in_native, id=21028, stack(0x00000045d3900000,0x00000045d3a00000)]
  0x0000015f317d0000 JavaThread "Thread-10173" [_thread_in_native, id=13744, stack(0x00000045c9200000,0x00000045c9300000)]
  0x0000015f2fc2e000 JavaThread "Thread-10025" [_thread_in_native, id=10828, stack(0x00000045d3900000,0x00000045d3a00000)]
  0x0000015f3255f000 JavaThread "Thread-10024" [_thread_in_native, id=14764, stack(0x00000045c9200000,0x00000045c9300000)]
  0x0000015f2fc20800 JavaThread "Thread-9978" [_thread_in_native, id=372, stack(0x00000045d3900000,0x00000045d3a00000)]
  0x0000015f32567000 JavaThread "Thread-9977" [_thread_in_native, id=17336, stack(0x00000045c9200000,0x00000045c9300000)]
  0x0000015f2fc2c000 JavaThread "Thread-9529" [_thread_in_native, id=21640, stack(0x00000045d3a00000,0x00000045d3b00000)]
  0x0000015f2fc28000 JavaThread "Thread-9528" [_thread_in_native, id=8848, stack(0x00000045d3900000,0x00000045d3a00000)]
  0x0000015f2fc29000 JavaThread "Thread-9496" [_thread_in_native, id=1960, stack(0x00000045d3a00000,0x00000045d3b00000)]
  0x0000015f2fc2f000 JavaThread "Thread-9495" [_thread_in_native, id=20780, stack(0x00000045d3400000,0x00000045d3500000)]
  0x0000015f2fc2d800 JavaThread "Thread-9437" [_thread_in_native, id=6336, stack(0x00000045d3a00000,0x00000045d3b00000)]
  0x0000015f2fc2b000 JavaThread "Thread-9436" [_thread_in_native, id=21788, stack(0x00000045d3900000,0x00000045d3a00000)]
  0x0000015f2fc2c800 JavaThread "Thread-1760" [_thread_in_native, id=14452, stack(0x00000045d4200000,0x00000045d4300000)]
  0x0000015f2fc21800 JavaThread "Thread-1759" [_thread_in_native, id=12628, stack(0x00000045d4100000,0x00000045d4200000)]
  0x0000015f2fc23800 JavaThread "Thread-1700" [_thread_in_native, id=15552, stack(0x00000045d3900000,0x00000045d3a00000)]
  0x0000015f2fc25000 JavaThread "Thread-1677" [_thread_in_native, id=20416, stack(0x00000045d3b00000,0x00000045d3c00000)]
  0x0000015f2fc23000 JavaThread "Thread-1676" [_thread_in_native, id=3172, stack(0x00000045d3a00000,0x00000045d3b00000)]
  0x0000015f34af4000 JavaThread "Thread-1575" [_thread_in_native, id=8900, stack(0x00000045d3400000,0x00000045d3500000)]
  0x0000015f32568000 JavaThread "Thread-1574" [_thread_in_native, id=9168, stack(0x00000045d3500000,0x00000045d3600000)]
  0x0000015f34aff800 JavaThread "Thread-1485" [_thread_in_native, id=12784, stack(0x00000045d3a00000,0x00000045d3b00000)]
  0x0000015f34afe800 JavaThread "Thread-1484" [_thread_in_native, id=4128, stack(0x00000045d3900000,0x00000045d3a00000)]
  0x0000015f3255b800 JavaThread "SyntheticaAnimation 50" daemon [_thread_blocked, id=22504, stack(0x00000045d2f00000,0x00000045d3400000)]
  0x0000015f32568800 JavaThread "Thread-924" [_thread_in_native, id=4612, stack(0x00000045d1400000,0x00000045d1500000)]
  0x0000015f3255d800 JavaThread "Thread-923" [_thread_in_native, id=7084, stack(0x00000045d1300000,0x00000045d1400000)]
  0x0000015f3255c800 JavaThread "Thread-875" [_thread_in_native, id=8332, stack(0x00000045d3800000,0x00000045d3900000)]
  0x0000015f32563800 JavaThread "Thread-874" [_thread_in_native, id=10200, stack(0x00000045d3600000,0x00000045d3700000)]
  0x0000015f32562000 JavaThread "Thread-344" [_thread_in_native, id=22140, stack(0x00000045d1400000,0x00000045d1500000)]
  0x0000015f32561000 JavaThread "Thread-343" [_thread_in_native, id=23532, stack(0x00000045d1300000,0x00000045d1400000)]
  0x0000015f3255a000 JavaThread "Thread-196" [_thread_in_native, id=5296, stack(0x00000045d1400000,0x00000045d1500000)]
  0x0000015f3255f800 JavaThread "Thread-195" [_thread_in_native, id=23280, stack(0x00000045d1300000,0x00000045d1400000)]
  0x0000015f34af8000 JavaThread "SyntheticaAnimation 50" daemon [_thread_blocked, id=21376, stack(0x00000045d2000000,0x00000045d2500000)]
  0x0000015f34afe000 JavaThread "Thread-23" [_thread_in_native, id=3788, stack(0x00000045d3a00000,0x00000045d3b00000)]
  0x0000015f34afc800 JavaThread "Thread-22" [_thread_in_native, id=22680, stack(0x00000045d3900000,0x00000045d3a00000)]
  0x0000015f34af5800 JavaThread "hw_ila_monitor" [_thread_blocked, id=21604, stack(0x00000045d2a00000,0x00000045d2f00000)]
  0x0000015f317d2000 JavaThread "Refresh Filesets Swing Worker" [_thread_blocked, id=23480, stack(0x00000045cf500000,0x00000045cfa00000)]
  0x0000015f317d4800 JavaThread "SyntheticaAnimation 70" daemon [_thread_blocked, id=14640, stack(0x00000045d2500000,0x00000045d2a00000)]
  0x0000015f317d0800 JavaThread "SyntheticaAnimation 25" daemon [_thread_blocked, id=5748, stack(0x00000045d1b00000,0x00000045d2000000)]
  0x0000015f317d3000 JavaThread "SyntheticaAnimation 50" daemon [_thread_blocked, id=10440, stack(0x00000045d1600000,0x00000045d1b00000)]
  0x0000015f317d1800 JavaThread "Batik CleanerThread" daemon [_thread_blocked, id=11380, stack(0x00000045d0e00000,0x00000045d1300000)]
  0x0000015f31827000 JavaThread "SyntheticaCleanerThread" daemon [_thread_blocked, id=5248, stack(0x00000045cfa00000,0x00000045cff00000)]
  0x0000015f31996800 JavaThread "Process Messages" [_thread_blocked, id=22336, stack(0x00000045d0400000,0x00000045d0900000)]
  0x0000015f319a7000 JavaThread "Thread-3" [_thread_in_native, id=9892, stack(0x00000045c9300000,0x00000045ca700000)]
=>0x0000015f319a5000 JavaThread "AWT-EventQueue-0" [_thread_in_native, id=16420, stack(0x00000045cff00000,0x00000045d0400000)]
  0x0000015f2feae800 JavaThread "AWT-Windows" daemon [_thread_in_native, id=20156, stack(0x00000045cf000000,0x00000045cf500000)]
  0x0000015f2feae000 JavaThread "AWT-Shutdown" [_thread_blocked, id=12688, stack(0x00000045ceb00000,0x00000045cf000000)]
  0x0000015f2fe55800 JavaThread "Java2D Disposer" daemon [_thread_blocked, id=9572, stack(0x00000045ce600000,0x00000045ceb00000)]
  0x0000015f2fe38800 JavaThread "TimerQueue" daemon [_thread_blocked, id=6384, stack(0x00000045ce100000,0x00000045ce600000)]
  0x0000015f2def0000 JavaThread "Service Thread" daemon [_thread_blocked, id=21352, stack(0x00000045cdb00000,0x00000045ce000000)]
  0x0000015f2dee8000 JavaThread "C1 CompilerThread11" daemon [_thread_blocked, id=9308, stack(0x00000045cda00000,0x00000045cdb00000)]
  0x0000015f2dee5000 JavaThread "C1 CompilerThread10" daemon [_thread_blocked, id=18888, stack(0x00000045cd900000,0x00000045cda00000)]
  0x0000015f2dee4800 JavaThread "C1 CompilerThread9" daemon [_thread_blocked, id=23024, stack(0x00000045cd800000,0x00000045cd900000)]
  0x0000015f2dee3800 JavaThread "C1 CompilerThread8" daemon [_thread_blocked, id=23340, stack(0x00000045cd700000,0x00000045cd800000)]
  0x0000015f2dee1000 JavaThread "C2 CompilerThread7" daemon [_thread_blocked, id=1104, stack(0x00000045cd600000,0x00000045cd700000)]
  0x0000015f2dee0000 JavaThread "C2 CompilerThread6" daemon [_thread_blocked, id=20776, stack(0x00000045cd500000,0x00000045cd600000)]
  0x0000015f2dedd800 JavaThread "C2 CompilerThread5" daemon [_thread_blocked, id=4580, stack(0x00000045cd400000,0x00000045cd500000)]
  0x0000015f2ded8800 JavaThread "C2 CompilerThread4" daemon [_thread_blocked, id=10212, stack(0x00000045cd300000,0x00000045cd400000)]
  0x0000015f2ded7800 JavaThread "C2 CompilerThread3" daemon [_thread_blocked, id=21968, stack(0x00000045cd200000,0x00000045cd300000)]
  0x0000015f2de80000 JavaThread "C2 CompilerThread2" daemon [_thread_blocked, id=1496, stack(0x00000045cd100000,0x00000045cd200000)]
  0x0000015f2ded7000 JavaThread "C2 CompilerThread1" daemon [_thread_blocked, id=8416, stack(0x00000045cd000000,0x00000045cd100000)]
  0x0000015f2de7f000 JavaThread "C2 CompilerThread0" daemon [_thread_blocked, id=21532, stack(0x00000045ccf00000,0x00000045cd000000)]
  0x0000015f2de7d800 JavaThread "Attach Listener" daemon [_thread_blocked, id=15224, stack(0x00000045cca00000,0x00000045ccf00000)]
  0x0000015f2ded4000 JavaThread "Signal Dispatcher" daemon [_thread_blocked, id=10400, stack(0x00000045cc500000,0x00000045cca00000)]
  0x0000015f2de65800 JavaThread "Finalizer" daemon [_thread_blocked, id=23212, stack(0x00000045cc000000,0x00000045cc500000)]
  0x0000015f2bfb7800 JavaThread "Reference Handler" daemon [_thread_blocked, id=23076, stack(0x00000045cbb00000,0x00000045cc000000)]
  0x0000015f14d34000 JavaThread "main" [_thread_blocked, id=21556, stack(0x00000045caa00000,0x00000045cab00000)]

Other Threads:
  0x0000015f2bfab000 VMThread [stack: 0x00000045cba00000,0x00000045cbb00000] [id=19648]
  0x0000015f2dfc7800 WatcherThread [stack: 0x00000045ce000000,0x00000045ce100000] [id=3836]

VM state:not at safepoint (normal execution)

VM Mutex/Monitor currently owned by a thread: None

Heap:
 PSYoungGen      total 54784K, used 42022K [0x00000007bc400000, 0x00000007c0000000, 0x00000007c0000000)
  eden space 50176K, 75% used [0x00000007bc400000,0x00000007be8fbf20,0x00000007bf500000)
  from space 4608K, 90% used [0x00000007bfb80000,0x00000007bff8dc28,0x00000007c0000000)
  to   space 5632K, 0% used [0x00000007bf500000,0x00000007bf500000,0x00000007bfa80000)
 ParOldGen       total 290304K, used 254906K [0x0000000700000000, 0x0000000711b80000, 0x00000007bc400000)
  object space 290304K, 87% used [0x0000000700000000,0x000000070f8ee920,0x0000000711b80000)
 Metaspace       used 83663K, capacity 84507K, committed 85120K, reserved 1124352K
  class space    used 10945K, capacity 11101K, committed 11136K, reserved 1048576K

Card table byte_map: [0x0000015f241f0000,0x0000015f24800000] byte_map_base: 0x0000015f209f0000

Marking Bits: (ParMarkBitMap*) 0x0000000071d3a6d0
 Begin Bits: [0x0000015f24df0000, 0x0000015f27df0000)
 End Bits:   [0x0000015f27df0000, 0x0000015f2adf0000)

Polling page: 0x0000015f0c8d0000

CodeCache: size=245760Kb used=96676Kb max_used=96693Kb free=149083Kb
 bounds [0x0000015f14e30000, 0x0000015f1ad70000, 0x0000015f23e30000]
 total_blobs=24745 nmethods=23700 adapters=943
 compilation: enabled

Compilation events (10 events):
Event: 400256.779 Thread 0x0000015f2ded8800 34429       4       com.jidesoft.editor.CodeEditor$q_::insertUpdate (229 bytes)
Event: 400256.779 Thread 0x0000015f2dedd800 34430       4       ui.views.T.a.bq::insertUpdate (5 bytes)
Event: 400256.782 Thread 0x0000015f2dedd800 nmethod 34430 0x0000015f1a202ed0 code [0x0000015f1a203080, 0x0000015f1a203420]
Event: 400256.790 Thread 0x0000015f2ded8800 nmethod 34429 0x0000015f1acd1f10 code [0x0000015f1acd2220, 0x0000015f1acd35d8]
Event: 400340.948 Thread 0x0000015f2dee5000 34431   !   3       java.util.TreeMap::putAll (105 bytes)
Event: 400340.949 Thread 0x0000015f2dee5000 nmethod 34431 0x0000015f18f68b90 code [0x0000015f18f68da0, 0x0000015f18f69990]
Event: 400347.599 Thread 0x0000015f2dee1000 34432       4       ui.utils.o.j.b::setLabelFor (128 bytes)
Event: 400347.623 Thread 0x0000015f2dee1000 nmethod 34432 0x0000015f1ad19590 code [0x0000015f1ad19820, 0x0000015f1ad1b3c0]
Event: 400348.266 Thread 0x0000015f2dee0000 34433       4       ui.data.design.c::aqF (15 bytes)
Event: 400348.267 Thread 0x0000015f2dee0000 nmethod 34433 0x0000015f16498e10 code [0x0000015f16498f60, 0x0000015f16499078]

GC Heap History (10 events):
Event: 400348.183 GC heap before
{Heap before GC invocations=15275 (full 1447):
 PSYoungGen      total 58368K, used 56576K [0x00000007bc400000, 0x00000007c0000000, 0x00000007c0000000)
  eden space 55296K, 100% used [0x00000007bc400000,0x00000007bfa00000,0x00000007bfa00000)
  from space 3072K, 41% used [0x00000007bfa00000,0x00000007bfb40000,0x00000007bfd00000)
  to   space 3072K, 0% used [0x00000007bfd00000,0x00000007bfd00000,0x00000007c0000000)
 ParOldGen       total 290304K, used 253666K [0x0000000700000000, 0x0000000711b80000, 0x00000007bc400000)
  object space 290304K, 87% used [0x0000000700000000,0x000000070f7b8920,0x0000000711b80000)
 Metaspace       used 83663K, capacity 84507K, committed 85120K, reserved 1124352K
  class space    used 10945K, capacity 11101K, committed 11136K, reserved 1048576K
Event: 400348.189 GC heap after
Heap after GC invocations=15275 (full 1447):
 PSYoungGen      total 58368K, used 2656K [0x00000007bc400000, 0x00000007c0000000, 0x00000007c0000000)
  eden space 55296K, 0% used [0x00000007bc400000,0x00000007bc400000,0x00000007bfa00000)
  from space 3072K, 86% used [0x00000007bfd00000,0x00000007bff98000,0x00000007c0000000)
  to   space 3072K, 0% used [0x00000007bfa00000,0x00000007bfa00000,0x00000007bfd00000)
 ParOldGen       total 290304K, used 253666K [0x0000000700000000, 0x0000000711b80000, 0x00000007bc400000)
  object space 290304K, 87% used [0x0000000700000000,0x000000070f7b8920,0x0000000711b80000)
 Metaspace       used 83663K, capacity 84507K, committed 85120K, reserved 1124352K
  class space    used 10945K, capacity 11101K, committed 11136K, reserved 1048576K
}
Event: 400352.492 GC heap before
{Heap before GC invocations=15276 (full 1447):
 PSYoungGen      total 58368K, used 57952K [0x00000007bc400000, 0x00000007c0000000, 0x00000007c0000000)
  eden space 55296K, 100% used [0x00000007bc400000,0x00000007bfa00000,0x00000007bfa00000)
  from space 3072K, 86% used [0x00000007bfd00000,0x00000007bff98000,0x00000007c0000000)
  to   space 3072K, 0% used [0x00000007bfa00000,0x00000007bfa00000,0x00000007bfd00000)
 ParOldGen       total 290304K, used 253666K [0x0000000700000000, 0x0000000711b80000, 0x00000007bc400000)
  object space 290304K, 87% used [0x0000000700000000,0x000000070f7b8920,0x0000000711b80000)
 Metaspace       used 83663K, capacity 84507K, committed 85120K, reserved 1124352K
  class space    used 10945K, capacity 11101K, committed 11136K, reserved 1048576K
Event: 400352.496 GC heap after
Heap after GC invocations=15276 (full 1447):
 PSYoungGen      total 57344K, used 2336K [0x00000007bc400000, 0x00000007c0000000, 0x00000007c0000000)
  eden space 54784K, 0% used [0x00000007bc400000,0x00000007bc400000,0x00000007bf980000)
  from space 2560K, 91% used [0x00000007bfa00000,0x00000007bfc48000,0x00000007bfc80000)
  to   space 3584K, 0% used [0x00000007bfc80000,0x00000007bfc80000,0x00000007c0000000)
 ParOldGen       total 290304K, used 253666K [0x0000000700000000, 0x0000000711b80000, 0x00000007bc400000)
  object space 290304K, 87% used [0x0000000700000000,0x000000070f7b8920,0x0000000711b80000)
 Metaspace       used 83663K, capacity 84507K, committed 85120K, reserved 1124352K
  class space    used 10945K, capacity 11101K, committed 11136K, reserved 1048576K
}
Event: 400358.164 GC heap before
{Heap before GC invocations=15277 (full 1447):
 PSYoungGen      total 57344K, used 57120K [0x00000007bc400000, 0x00000007c0000000, 0x00000007c0000000)
  eden space 54784K, 100% used [0x00000007bc400000,0x00000007bf980000,0x00000007bf980000)
  from space 2560K, 91% used [0x00000007bfa00000,0x00000007bfc48000,0x00000007bfc80000)
  to   space 3584K, 0% used [0x00000007bfc80000,0x00000007bfc80000,0x00000007c0000000)
 ParOldGen       total 290304K, used 253666K [0x0000000700000000, 0x0000000711b80000, 0x00000007bc400000)
  object space 290304K, 87% used [0x0000000700000000,0x000000070f7b8920,0x0000000711b80000)
 Metaspace       used 83663K, capacity 84507K, committed 85120K, reserved 1124352K
  class space    used 10945K, capacity 11101K, committed 11136K, reserved 1048576K
Event: 400358.169 GC heap after
Heap after GC invocations=15277 (full 1447):
 PSYoungGen      total 55808K, used 3575K [0x00000007bc400000, 0x00000007c0000000, 0x00000007c0000000)
  eden space 52224K, 0% used [0x00000007bc400000,0x00000007bc400000,0x00000007bf700000)
  from space 3584K, 99% used [0x00000007bfc80000,0x00000007bfffdc20,0x00000007c0000000)
  to   space 4608K, 0% used [0x00000007bf700000,0x00000007bf700000,0x00000007bfb80000)
 ParOldGen       total 290304K, used 254882K [0x0000000700000000, 0x0000000711b80000, 0x00000007bc400000)
  object space 290304K, 87% used [0x0000000700000000,0x000000070f8e8920,0x0000000711b80000)
 Metaspace       used 83663K, capacity 84507K, committed 85120K, reserved 1124352K
  class space    used 10945K, capacity 11101K, committed 11136K, reserved 1048576K
}
Event: 400368.314 GC heap before
{Heap before GC invocations=15278 (full 1447):
 PSYoungGen      total 55808K, used 55799K [0x00000007bc400000, 0x00000007c0000000, 0x00000007c0000000)
  eden space 52224K, 100% used [0x00000007bc400000,0x00000007bf700000,0x00000007bf700000)
  from space 3584K, 99% used [0x00000007bfc80000,0x00000007bfffdc20,0x00000007c0000000)
  to   space 4608K, 0% used [0x00000007bf700000,0x00000007bf700000,0x00000007bfb80000)
 ParOldGen       total 290304K, used 254882K [0x0000000700000000, 0x0000000711b80000, 0x00000007bc400000)
  object space 290304K, 87% used [0x0000000700000000,0x000000070f8e8920,0x0000000711b80000)
 Metaspace       used 83663K, capacity 84507K, committed 85120K, reserved 1124352K
  class space    used 10945K, capacity 11101K, committed 11136K, reserved 1048576K
Event: 400368.319 GC heap after
Heap after GC invocations=15278 (full 1447):
 PSYoungGen      total 56320K, used 4311K [0x00000007bc400000, 0x00000007c0000000, 0x00000007c0000000)
  eden space 51712K, 0% used [0x00000007bc400000,0x00000007bc400000,0x00000007bf680000)
  from space 4608K, 93% used [0x00000007bf700000,0x00000007bfb35c28,0x00000007bfb80000)
  to   space 4608K, 0% used [0x00000007bfb80000,0x00000007bfb80000,0x00000007c0000000)
 ParOldGen       total 290304K, used 254906K [0x0000000700000000, 0x0000000711b80000, 0x00000007bc400000)
  object space 290304K, 87% used [0x0000000700000000,0x000000070f8ee920,0x0000000711b80000)
 Metaspace       used 83663K, capacity 84507K, committed 85120K, reserved 1124352K
  class space    used 10945K, capacity 11101K, committed 11136K, reserved 1048576K
}
Event: 400368.919 GC heap before
{Heap before GC invocations=15279 (full 1447):
 PSYoungGen      total 56320K, used 56023K [0x00000007bc400000, 0x00000007c0000000, 0x00000007c0000000)
  eden space 51712K, 100% used [0x00000007bc400000,0x00000007bf680000,0x00000007bf680000)
  from space 4608K, 93% used [0x00000007bf700000,0x00000007bfb35c28,0x00000007bfb80000)
  to   space 4608K, 0% used [0x00000007bfb80000,0x00000007bfb80000,0x00000007c0000000)
 ParOldGen       total 290304K, used 254906K [0x0000000700000000, 0x0000000711b80000, 0x00000007bc400000)
  object space 290304K, 87% used [0x0000000700000000,0x000000070f8ee920,0x0000000711b80000)
 Metaspace       used 83663K, capacity 84507K, committed 85120K, reserved 1124352K
  class space    used 10945K, capacity 11101K, committed 11136K, reserved 1048576K
Event: 400368.924 GC heap after
Heap after GC invocations=15279 (full 1447):
 PSYoungGen      total 54784K, used 4151K [0x00000007bc400000, 0x00000007c0000000, 0x00000007c0000000)
  eden space 50176K, 0% used [0x00000007bc400000,0x00000007bc400000,0x00000007bf500000)
  from space 4608K, 90% used [0x00000007bfb80000,0x00000007bff8dc28,0x00000007c0000000)
  to   space 5632K, 0% used [0x00000007bf500000,0x00000007bf500000,0x00000007bfa80000)
 ParOldGen       total 290304K, used 254906K [0x0000000700000000, 0x0000000711b80000, 0x00000007bc400000)
  object space 290304K, 87% used [0x0000000700000000,0x000000070f8ee920,0x0000000711b80000)
 Metaspace       used 83663K, capacity 84507K, committed 85120K, reserved 1124352K
  class space    used 10945K, capacity 11101K, committed 11136K, reserved 1048576K
}

Deoptimization events (10 events):
Event: 399326.635 Thread 0x0000015f319a5000 Uncommon trap: reason=unstable_if action=reinterpret pc=0x0000015f19ca7be0 method=javax.swing.plaf.basic.BasicTreeUI$Handler.valueChanged(Ljavax/swing/event/TreeSelectionEvent;)V @ 243
Event: 399350.094 Thread 0x0000015f319a5000 Uncommon trap: reason=unstable_if action=reinterpret pc=0x0000015f174deeb4 method=com.jidesoft.editor.tokenmarker.VerilogTokenMarker.markTokensImpl(BLjavax/swing/text/Segment;I)B @ 760
Event: 399350.549 Thread 0x0000015f319a5000 Uncommon trap: reason=unstable_if action=reinterpret pc=0x0000015f1a841268 method=com.jidesoft.editor.CodeEditor$v_.mouseDragged(Ljava/awt/event/MouseEvent;)V @ 123
Event: 399351.195 Thread 0x0000015f319a5000 Uncommon trap: reason=unstable_if action=reinterpret pc=0x0000015f1947cc9c method=javax.swing.undo.CompoundEdit.isSignificant()Z @ 14
Event: 399374.100 Thread 0x0000015f319a5000 Uncommon trap: reason=class_check action=maybe_recompile pc=0x0000015f18373d94 method=javax.swing.KeyboardManager.fireKeyboardAction(Ljava/awt/event/KeyEvent;ZLjava/awt/Container;)Z @ 244
Event: 399394.796 Thread 0x0000015f319a5000 Uncommon trap: reason=class_check action=maybe_recompile pc=0x0000015f18373d94 method=javax.swing.KeyboardManager.fireKeyboardAction(Ljava/awt/event/KeyEvent;ZLjava/awt/Container;)Z @ 244
Event: 399424.060 Thread 0x0000015f319a5000 Uncommon trap: reason=class_check action=maybe_recompile pc=0x0000015f18373d94 method=javax.swing.KeyboardManager.fireKeyboardAction(Ljava/awt/event/KeyEvent;ZLjava/awt/Container;)Z @ 244
Event: 399633.012 Thread 0x0000015f319a5000 Uncommon trap: reason=unstable_if action=reinterpret pc=0x0000015f18548e7c method=com.jidesoft.editor.highlight.DefaultHighlighter.paintLayeredHighlights(Ljava/awt/Graphics;IILjava/awt/Shape;Lcom/jidesoft/editor/CodeEditor;)V @ 107
Event: 399633.013 Thread 0x0000015f319a5000 Uncommon trap: reason=unstable_if action=reinterpret pc=0x0000015f1a185080 method=com.jidesoft.editor.highlight.DefaultHighlighter$b_.a(Ljava/awt/Graphics;IILjava/awt/Shape;Lcom/jidesoft/editor/CodeEditor;)V @ 25
Event: 399809.675 Thread 0x0000015f319a5000 Uncommon trap: reason=unstable_if action=reinterpret pc=0x0000015f1a3adea4 method=ui.views.T.a.as.getToolTipText(Ljava/awt/event/MouseEvent;)Ljava/lang/String; @ 347

Internal exceptions (10 events):
Event: 399059.871 Thread 0x0000015f38c7f000 Exception <a 'java/lang/InterruptedException': sleep interrupted> (0x00000007bcd101f8) thrown at [C:\re\workspace\8-2-build-windows-amd64-cygwin\jdk8u112\7884\hotspot\src\share\vm\prims\jvm.cpp, line 3180]
Event: 399261.953 Thread 0x0000015f38c75800 Exception <a 'java/lang/InterruptedException': sleep interrupted> (0x00000007bc6b7ab0) thrown at [C:\re\workspace\8-2-build-windows-amd64-cygwin\jdk8u112\7884\hotspot\src\share\vm\prims\jvm.cpp, line 3180]
Event: 399600.557 Thread 0x0000015f38c84800 Exception <a 'java/lang/InterruptedException': sleep interrupted> (0x00000007bc5ae858) thrown at [C:\re\workspace\8-2-build-windows-amd64-cygwin\jdk8u112\7884\hotspot\src\share\vm\prims\jvm.cpp, line 3228]
Event: 399606.112 Thread 0x0000015f38c84800 Exception <a 'java/lang/InterruptedException': sleep interrupted> (0x00000007bcb29958) thrown at [C:\re\workspace\8-2-build-windows-amd64-cygwin\jdk8u112\7884\hotspot\src\share\vm\prims\jvm.cpp, line 3180]
Event: 399693.078 Thread 0x0000015f38c7d000 Exception <a 'java/lang/InterruptedException': sleep interrupted> (0x00000007bd076748) thrown at [C:\re\workspace\8-2-build-windows-amd64-cygwin\jdk8u112\7884\hotspot\src\share\vm\prims\jvm.cpp, line 3228]
Event: 399896.267 Thread 0x0000015f38c77800 Exception <a 'java/lang/InterruptedException': sleep interrupted> (0x00000007bd626808) thrown at [C:\re\workspace\8-2-build-windows-amd64-cygwin\jdk8u112\7884\hotspot\src\share\vm\prims\jvm.cpp, line 3180]
Event: 399926.477 Thread 0x0000015f38c7e800 Exception <a 'java/lang/InterruptedException': sleep interrupted> (0x00000007bd61ac98) thrown at [C:\re\workspace\8-2-build-windows-amd64-cygwin\jdk8u112\7884\hotspot\src\share\vm\prims\jvm.cpp, line 3228]
Event: 399953.730 Thread 0x0000015f38c7e800 Exception <a 'java/lang/InterruptedException': sleep interrupted> (0x00000007bcab11e0) thrown at [C:\re\workspace\8-2-build-windows-amd64-cygwin\jdk8u112\7884\hotspot\src\share\vm\prims\jvm.cpp, line 3180]
Event: 399980.320 Thread 0x0000015f38c77800 Exception <a 'java/lang/InterruptedException': sleep interrupted> (0x00000007bc79ee20) thrown at [C:\re\workspace\8-2-build-windows-amd64-cygwin\jdk8u112\7884\hotspot\src\share\vm\prims\jvm.cpp, line 3180]
Event: 400352.538 Thread 0x0000015f38c77800 Exception <a 'java/lang/InterruptedException': sleep interrupted> (0x00000007bc40e130) thrown at [C:\re\workspace\8-2-build-windows-amd64-cygwin\jdk8u112\7884\hotspot\src\share\vm\prims\jvm.cpp, line 3180]

Events (10 events):
Event: 400358.164 Executing VM operation: ParallelGCFailedAllocation
Event: 400358.169 Executing VM operation: ParallelGCFailedAllocation done
Event: 400366.301 Thread 0x0000015f38c77800 Thread added: 0x0000015f38c77800
Event: 400366.303 Executing VM operation: RevokeBias
Event: 400366.303 Executing VM operation: RevokeBias done
Event: 400366.303 Thread 0x0000015f38c77800 Thread exited: 0x0000015f38c77800
Event: 400368.314 Executing VM operation: ParallelGCFailedAllocation
Event: 400368.319 Executing VM operation: ParallelGCFailedAllocation done
Event: 400368.919 Executing VM operation: ParallelGCFailedAllocation
Event: 400368.924 Executing VM operation: ParallelGCFailedAllocation done


Dynamic libraries:
0x00007ff7c33f0000 - 0x00007ff7c3420000 	D:\Vivado2017.4\Vivado\2017.4\bin\unwrapped\win64.o\vivado.exe
0x00007ff8bee70000 - 0x00007ff8bf068000 	C:\Windows\SYSTEM32\ntdll.dll
0x00007ff8be050000 - 0x00007ff8be10f000 	C:\Windows\System32\KERNEL32.DLL
0x00007ff8bcbd0000 - 0x00007ff8bcea2000 	C:\Windows\System32\KERNELBASE.dll
0x00007ff8bc6c0000 - 0x00007ff8bc7c0000 	C:\Windows\System32\ucrtbase.dll
0x00007ff8b6940000 - 0x00007ff8b6954000 	D:\Vivado2017.4\Vivado\2017.4\lib\win64.o\libboost_signals.dll
0x00007ff85a610000 - 0x00007ff85a69e000 	C:\Windows\SYSTEM32\MSVCP140.dll
0x00007ff8b4ea0000 - 0x00007ff8b4eb4000 	D:\Vivado2017.4\Vivado\2017.4\lib\win64.o\librdi_commonmain.dll
0x00007ff8a0360000 - 0x00007ff8a037b000 	C:\Windows\SYSTEM32\VCRUNTIME140.dll
0x00007ff89a5c0000 - 0x00007ff89b266000 	D:\Vivado2017.4\Vivado\2017.4\lib\win64.o\librdi_common.dll
0x00007ff8647c0000 - 0x00007ff8647cc000 	C:\Windows\SYSTEM32\VCRUNTIME140_1.dll
0x00007ff8beb00000 - 0x00007ff8beca1000 	C:\Windows\System32\USER32.dll
0x00007ff8bca00000 - 0x00007ff8bca22000 	C:\Windows\System32\win32u.dll
0x00007ff8b4e70000 - 0x00007ff8b4e96000 	D:\Vivado2017.4\Vivado\2017.4\lib\win64.o\libboost_filesystem.dll
0x00007ff8bd8b0000 - 0x00007ff8bd8db000 	C:\Windows\System32\GDI32.dll
0x00007ff8be180000 - 0x00007ff8be22e000 	C:\Windows\System32\ADVAPI32.dll
0x00007ff89a4c0000 - 0x00007ff89a5c0000 	D:\Vivado2017.4\Vivado\2017.4\lib\win64.o\librdi_commonxillic.dll
0x00007ff8b8370000 - 0x00007ff8b837a000 	D:\Vivado2017.4\Vivado\2017.4\lib\win64.o\librdi_commonversion.dll
0x00007ff8bc850000 - 0x00007ff8bc95f000 	C:\Windows\System32\gdi32full.dll
0x00007ff8bdd50000 - 0x00007ff8bddee000 	C:\Windows\System32\msvcrt.dll
0x00007ff8bc960000 - 0x00007ff8bc9fd000 	C:\Windows\System32\msvcp_win.dll
0x00007ff8be8a0000 - 0x00007ff8be93c000 	C:\Windows\System32\sechost.dll
0x00007ff8bcf90000 - 0x00007ff8bd0b5000 	C:\Windows\System32\RPCRT4.dll
0x00007ff8bd160000 - 0x00007ff8bd8a4000 	C:\Windows\System32\SHELL32.dll
0x0000000071dc0000 - 0x0000000071eeb000 	D:\Vivado2017.4\Vivado\2017.4\lib\win64.o\tcl85t.dll
0x00007ff897540000 - 0x00007ff8978ae000 	D:\Vivado2017.4\Vivado\2017.4\lib\win64.o\libCOIN-all.dll
0x00007ff8be110000 - 0x00007ff8be17b000 	C:\Windows\System32\WS2_32.dll
0x00007ff87cc50000 - 0x00007ff87cf05000 	D:\Vivado2017.4\Vivado\2017.4\lib\win64.o\libXil_lmgr11.dll
0x00007ff8be230000 - 0x00007ff8be30a000 	C:\Windows\System32\COMDLG32.dll
0x00007ff8b4e50000 - 0x00007ff8b4e64000 	D:\Vivado2017.4\Vivado\2017.4\lib\win64.o\libboost_date_time.dll
0x00007ff8be310000 - 0x00007ff8be665000 	C:\Windows\System32\combase.dll
0x00007ff8b4dd0000 - 0x00007ff8b4e4f000 	D:\Vivado2017.4\Vivado\2017.4\lib\win64.o\libboost_program_options.dll
0x00007ff873b90000 - 0x00007ff873ca4000 	D:\Vivado2017.4\Vivado\2017.4\lib\win64.o\libboost_regex.dll
0x00007ff8becb0000 - 0x00007ff8bed5d000 	C:\Windows\System32\shcore.dll
0x00007ff8b8270000 - 0x00007ff8b827b000 	D:\Vivado2017.4\Vivado\2017.4\lib\win64.o\libboost_system.dll
0x00007ff8be680000 - 0x00007ff8be6d5000 	C:\Windows\System32\SHLWAPI.dll
0x00007ff8b4da0000 - 0x00007ff8b4dc1000 	D:\Vivado2017.4\Vivado\2017.4\lib\win64.o\libboost_thread.dll
0x00007ff8bed60000 - 0x00007ff8bee2d000 	C:\Windows\System32\OLEAUT32.dll
0x00007ff8b8110000 - 0x00007ff8b811f000 	D:\Vivado2017.4\Vivado\2017.4\lib\win64.o\libboost_xilinx.dll
0x00007ff8afd40000 - 0x00007ff8afdc2000 	D:\Vivado2017.4\Vivado\2017.4\lib\win64.o\libhdlpsolve.dll
0x00007ff8be9d0000 - 0x00007ff8beafa000 	C:\Windows\System32\ole32.dll
0x00007ff89a410000 - 0x00007ff89a4b5000 	D:\Vivado2017.4\Vivado\2017.4\lib\win64.o\libhdxml.dll
0x00007ff8bca30000 - 0x00007ff8bca99000 	C:\Windows\System32\WINTRUST.dll
0x00007ff8bc560000 - 0x00007ff8bc6b6000 	C:\Windows\System32\CRYPT32.dll
0x00007ff862720000 - 0x00007ff862d0b400 	D:\Vivado2017.4\Vivado\2017.4\lib\win64.o\libisl_iostreams.dll
0x00007ff8b02d0000 - 0x00007ff8b02fe000 	D:\Vivado2017.4\Vivado\2017.4\lib\win64.o\libisl_sysinfo.dll
0x0000000071520000 - 0x0000000071dba000 	D:\Vivado2017.4\Vivado\2017.4\tps\win64\jre\bin\server\jvm.dll
0x00007ff89d970000 - 0x00007ff89d9d5000 	D:\Vivado2017.4\Vivado\2017.4\lib\win64.o\liblmx6.0.dll
0x00007ff8b4d80000 - 0x00007ff8b4d95000 	D:\Vivado2017.4\Vivado\2017.4\lib\win64.o\pthreadVC2.dll
0x00007ff873a30000 - 0x00007ff873b81000 	D:\Vivado2017.4\Vivado\2017.4\lib\win64.o\librdi_curl.dll
0x00007ff8afe40000 - 0x00007ff8afe5c000 	D:\Vivado2017.4\Vivado\2017.4\lib\win64.o\librdiconfig.dll
0x00007ff8afbc0000 - 0x00007ff8afbe1000 	D:\Vivado2017.4\Vivado\2017.4\lib\win64.o\librdizlib.dll
0x00007ff8be670000 - 0x00007ff8be678000 	C:\Windows\System32\PSAPI.DLL
0x0000000012000000 - 0x0000000012272000 	D:\Vivado2017.4\Vivado\2017.4\lib\win64.o\xerces-c_3_1.dll
0x00007ff8b0960000 - 0x00007ff8b0e39000 	C:\Windows\SYSTEM32\WININET.dll
0x00007ff8b7be0000 - 0x00007ff8b7cec000 	C:\Windows\SYSTEM32\WINHTTP.dll
0x00007ff8b0e90000 - 0x00007ff8b107d000 	C:\Windows\SYSTEM32\urlmon.dll
0x00007ff8aa0a0000 - 0x00007ff8aa0a9000 	C:\Windows\SYSTEM32\WSOCK32.dll
0x00007ff8a1f00000 - 0x00007ff8a1f2e000 	C:\Windows\SYSTEM32\VCOMP140.DLL
0x00007ff861880000 - 0x00007ff862711000 	D:\Vivado2017.4\Vivado\2017.4\lib\win64.o\gurobi65.dll
0x00007ff8b1690000 - 0x00007ff8b16a9000 	C:\Windows\SYSTEM32\NETAPI32.dll
0x00007ff896ad0000 - 0x00007ff896b80000 	C:\Windows\WinSxS\amd64_microsoft.windows.common-controls_6595b64144ccf1df_5.82.19041.1110_none_792d1c772443f647\COMCTL32.dll
0x00007ff8b7940000 - 0x00007ff8b794d000 	D:\Vivado2017.4\Vivado\2017.4\lib\win64.o\libboost_chrono.dll
0x00007ff8b7840000 - 0x00007ff8b785d000 	C:\Windows\SYSTEM32\dhcpcsvc.DLL
0x00007ff88ec20000 - 0x00007ff88ecf4000 	C:\Windows\SYSTEM32\MSVCR110.dll
0x00007ff8a1440000 - 0x00007ff8a1465000 	D:\Vivado2017.4\Vivado\2017.4\lib\win64.o\libisl_iosutils.dll
0x00007ff8afe20000 - 0x00007ff8afe3b000 	D:\Vivado2017.4\Vivado\2017.4\lib\win64.o\libboost_iostreams.dll
0x00007ff8b0800000 - 0x00007ff8b0827000 	C:\Windows\SYSTEM32\WINMM.dll
0x00007ff8b64a0000 - 0x00007ff8b64aa000 	C:\Windows\SYSTEM32\VERSION.dll
0x0000000072aa0000 - 0x0000000072b72000 	C:\Windows\SYSTEM32\MSVCR100.dll
0x00007ff8b03d0000 - 0x00007ff8b0681000 	C:\Windows\SYSTEM32\iertutil.dll
0x00007ff8b0690000 - 0x00007ff8b06b8000 	C:\Windows\SYSTEM32\srvcli.dll
0x00007ff8bbab0000 - 0x00007ff8bbabc000 	C:\Windows\SYSTEM32\netutils.dll
0x00007ff8bd120000 - 0x00007ff8bd152000 	C:\Windows\System32\IMM32.DLL
0x00007ff8bc0e0000 - 0x00007ff8bc0f2000 	C:\Windows\SYSTEM32\MSASN1.dll
0x00007ff8ba440000 - 0x00007ff8ba452000 	C:\Windows\SYSTEM32\kernel.appcore.dll
0x00007ff8650f0000 - 0x00007ff86557a000 	D:\Vivado2017.4\Vivado\2017.4\lib\win64.o\librdi_commontasks.dll
0x00007ff8737f0000 - 0x00007ff873a2f000 	D:\Vivado2017.4\Vivado\2017.4\lib\win64.o\librdi_sio.dll
0x00007ff8bb9a0000 - 0x00007ff8bb9db000 	C:\Windows\SYSTEM32\IPHLPAPI.DLL
0x00007ff8ba640000 - 0x00007ff8badd2000 	C:\Windows\SYSTEM32\windows.storage.dll
0x00007ff8bbf50000 - 0x00007ff8bbf80000 	C:\Windows\SYSTEM32\Wldp.dll
0x00007ff8419e0000 - 0x00007ff843b45000 	D:\Vivado2017.4\Vivado\2017.4\lib\win64.o\librdi_tcltasks.dll
0x00007ff8989d0000 - 0x00007ff898a3a000 	D:\Vivado2017.4\Vivado\2017.4\lib\win64.o\librdi_boarddep.dll
0x00007ff872820000 - 0x00007ff872999000 	D:\Vivado2017.4\Vivado\2017.4\lib\win64.o\librdi_board.dll
0x00007ff866150000 - 0x00007ff8664b6000 	D:\Vivado2017.4\Vivado\2017.4\lib\win64.o\librdi_bitstream.dll
0x00007ff8726f0000 - 0x00007ff872818000 	D:\Vivado2017.4\Vivado\2017.4\lib\win64.o\librdi_containers.dll
0x00007ff83e9d0000 - 0x00007ff8419de000 	D:\Vivado2017.4\Vivado\2017.4\lib\win64.o\librdi_coregen.dll
0x00007ff83ae50000 - 0x00007ff83e9c6000 	D:\Vivado2017.4\Vivado\2017.4\lib\win64.o\librdi_designutils.dll
0x00007ff871c30000 - 0x00007ff871e76000 	D:\Vivado2017.4\Vivado\2017.4\lib\win64.o\librdi_chipscope.dll
0x00007ff864a10000 - 0x00007ff864c85000 	D:\Vivado2017.4\Vivado\2017.4\lib\win64.o\librdi_dlyest.dll
0x00007ff85ee90000 - 0x00007ff86059b000 	D:\Vivado2017.4\Vivado\2017.4\lib\win64.o\librdi_constraints.dll
0x00007ff887a90000 - 0x00007ff887b5e000 	D:\Vivado2017.4\Vivado\2017.4\lib\win64.o\librdi_dsp.dll
0x00007ff85e750000 - 0x00007ff85ee88000 	D:\Vivado2017.4\Vivado\2017.4\lib\win64.o\librdi_drc.dll
0x00007ff85dc60000 - 0x00007ff85e337000 	D:\Vivado2017.4\Vivado\2017.4\lib\win64.o\librdi_coregenipxact.dll
0x00007ff82e8b0000 - 0x00007ff83ae42000 	D:\Vivado2017.4\Vivado\2017.4\lib\win64.o\librdi_device.dll
0x00007ff861600000 - 0x00007ff86187b000 	D:\Vivado2017.4\Vivado\2017.4\lib\win64.o\librdi_guitools.dll
0x00007ff898060000 - 0x00007ff8980b8000 	D:\Vivado2017.4\Vivado\2017.4\lib\win64.o\librdi_hdf.dll
0x00007ff85a060000 - 0x00007ff85a610000 	D:\Vivado2017.4\Vivado\2017.4\lib\win64.o\librdi_filemgmt.dll
0x00007ff82e410000 - 0x00007ff82e8a3000 	D:\Vivado2017.4\Vivado\2017.4\lib\win64.o\librdi_netlist.dll
0x00007ff82d540000 - 0x00007ff82e409000 	D:\Vivado2017.4\Vivado\2017.4\lib\win64.o\librdi_implflow.dll
0x00007ff82cf40000 - 0x00007ff82d537000 	D:\Vivado2017.4\Vivado\2017.4\lib\win64.o\librdi_memdata.dll
0x00007ff89e9e0000 - 0x00007ff89ea27000 	D:\Vivado2017.4\Vivado\2017.4\lib\win64.o\librdi_pfi.dll
0x00007ff859e30000 - 0x00007ff85a05b000 	D:\Vivado2017.4\Vivado\2017.4\lib\win64.o\librdi_platform.dll
0x00007ff829a90000 - 0x00007ff82cf31000 	D:\Vivado2017.4\Vivado\2017.4\lib\win64.o\librdi_mig.dll
0x00007ff829400000 - 0x00007ff829a8e000 	D:\Vivado2017.4\Vivado\2017.4\lib\win64.o\librdi_power.dll
0x00007ff828d90000 - 0x00007ff8293fd000 	D:\Vivado2017.4\Vivado\2017.4\lib\win64.o\librdi_psta.dll
0x00007ff8285f0000 - 0x00007ff828d87000 	D:\Vivado2017.4\Vivado\2017.4\lib\win64.o\librdi_rsb.dll
0x00007ff826540000 - 0x00007ff8285e5000 	D:\Vivado2017.4\Vivado\2017.4\lib\win64.o\librdi_place.dll
0x00007ff825fe0000 - 0x00007ff826534000 	D:\Vivado2017.4\Vivado\2017.4\lib\win64.o\librdi_project.dll
0x00007ff8545a0000 - 0x00007ff854758000 	D:\Vivado2017.4\Vivado\2017.4\lib\win64.o\librdi_simdata.dll
0x00007ff87dbd0000 - 0x00007ff87dca7000 	D:\Vivado2017.4\Vivado\2017.4\lib\win64.o\librdi_runsbase.dll
0x00007ff825c00000 - 0x00007ff825fd9000 	D:\Vivado2017.4\Vivado\2017.4\lib\win64.o\librdi_runs.dll
0x00007ff88d410000 - 0x00007ff88d47b000 	D:\Vivado2017.4\Vivado\2017.4\lib\win64.o\librdi_hip_devdesign.dll
0x00007ff825140000 - 0x00007ff825bf3000 	D:\Vivado2017.4\Vivado\2017.4\lib\win64.o\libverific.dll
0x00007ff8974f0000 - 0x00007ff89753c000 	D:\Vivado2017.4\Vivado\2017.4\lib\win64.o\libboost_serialization.dll
0x00007ff85d6d0000 - 0x00007ff85d87b000 	D:\Vivado2017.4\Vivado\2017.4\lib\win64.o\librdi_nocdb.dll
0x00007ff824bf0000 - 0x00007ff82513e000 	D:\Vivado2017.4\Vivado\2017.4\lib\win64.o\librdi_xdm.dll
0x00007ff8543d0000 - 0x00007ff854597000 	D:\Vivado2017.4\Vivado\2017.4\lib\win64.o\librdi_noctools.dll
0x00007ff8963b0000 - 0x00007ff8963f2000 	D:\Vivado2017.4\Vivado\2017.4\lib\win64.o\librdi_ipconfig_readwrite.dll
0x00007ff823f60000 - 0x00007ff824be3000 	D:\Vivado2017.4\Vivado\2017.4\lib\win64.o\librdi_timing.dll
0x00007ff885280000 - 0x00007ff88531e000 	D:\Vivado2017.4\Vivado\2017.4\lib\win64.o\libise.dll
0x00007ff89a310000 - 0x00007ff89a33f000 	D:\Vivado2017.4\Vivado\2017.4\lib\win64.o\librdi_noc_frameworks.dll
0x00007ff891ac0000 - 0x00007ff891b06000 	D:\Vivado2017.4\Vivado\2017.4\lib\win64.o\librdi_wavedata_SimpleApi.dll
0x00007ff823a90000 - 0x00007ff823f53000 	D:\Vivado2017.4\Vivado\2017.4\lib\win64.o\librdi_wavedata.dll
0x00007ff822c60000 - 0x00007ff823a90000 	D:\Vivado2017.4\Vivado\2017.4\lib\win64.o\librdi_route.dll
0x00007ff822a20000 - 0x00007ff822c57000 	D:\Vivado2017.4\Vivado\2017.4\lib\win64.o\librdi_hsm.dll
0x00007ff868590000 - 0x00007ff86867c000 	D:\Vivado2017.4\Vivado\2017.4\lib\win64.o\librdi_hip_config.dll
0x00007ff8afd20000 - 0x00007ff8afd3a000 	D:\Vivado2017.4\Vivado\2017.4\lib\win64.o\librdi_hmetis.dll

VM Arguments:
jvm_args: -Dsun.java2d.pmoffscreen=false -Dsun.java2d.xrender=false -Dsun.java2d.d3d=false -Dsun.awt.nopixfmt=true -Xverify:none -Dswing.aatext=true -XX:-UsePerfData -Djdk.map.althashing.threshold=512 -XX:StringTableSize=4072 -XX:NewSize=60m -XX:MaxNewSize=60m -Xms128m -Xmx3072m -Xss5m 
java_command: <unknown>
java_class_path (initial): D:/Vivado2017.4/Vivado/2017.4\lib\classes\alloy.jar;D:/Vivado2017.4/Vivado/2017.4\lib\classes\autopilot.scelaborator.jar;D:/Vivado2017.4/Vivado/2017.4\lib\classes\autopilot.sourceprocessor.jar;D:/Vivado2017.4/Vivado/2017.4\lib\classes\autopilot.tbprocessor.jar;D:/Vivado2017.4/Vivado/2017.4\lib\classes\batik-anim.jar;D:/Vivado2017.4/Vivado/2017.4\lib\classes\batik-awt-util.jar;D:/Vivado2017.4/Vivado/2017.4\lib\classes\batik-bridge.jar;D:/Vivado2017.4/Vivado/2017.4\lib\classes\batik-codec.jar;D:/Vivado2017.4/Vivado/2017.4\lib\classes\batik-css.jar;D:/Vivado2017.4/Vivado/2017.4\lib\classes\batik-dom.jar;D:/Vivado2017.4/Vivado/2017.4\lib\classes\batik-ext.jar;D:/Vivado2017.4/Vivado/2017.4\lib\classes\batik-gui-util.jar;D:/Vivado2017.4/Vivado/2017.4\lib\classes\batik-gvt.jar;D:/Vivado2017.4/Vivado/2017.4\lib\classes\batik-parser.jar;D:/Vivado2017.4/Vivado/2017.4\lib\classes\batik-script.jar;D:/Vivado2017.4/Vivado/2017.4\lib\classes\batik-svg-dom.jar;D:/Vivado2017.4/Vivado/2017.4\lib\classes\batik-swing.jar;D:/Vivado2017.4/Vivado/2017.4\lib\classes\batik-transcoder.jar;D:/Vivado2017.4/Vivado/2017.4\lib\classes\batik-util.jar;D:/Vivado2017.4/Vivado/2017.4\lib\classes\batik-xml.jar;D:/Vivado2017.4/Vivado/2017.4\lib\classes\com.ibm.icu_4.4.2.v20110208.jar;D:/Vivado2017.4/Vivado/2017.4\lib\classes\commons-math-2.2.jar;D:/Vivado2017.4/Vivado/2017.4\lib\classes\dom4j-1.6.1.jar;D:/Vivado2017.4/Vivado/2017.4\lib\classes\guava-18.0.jar;D:/Vivado2017.4/Vivado/2017.4\lib\classes\help.jar;D:/Vivado2017.4/Vivado/2017.4\lib\classes\hsqldb.jar;D:/Vivado2017.4/Vivado/2017.4\lib\classes\jargs.jar;D:/Vivado2017.4/Vivado/2017.4\lib\classes\jh.jar;D:/Vivado2017.4/Vivado/2017.4\lib\classes\jide-action.jar;D:/Vivado2017.4/Vivado/2017.4\lib\classes\jide-charts.jar;D:/Vivado2017.4/Vivado/2017.4\lib\classes\jide-common.jar;D:/Vivado2017.4/Vivado/2017.4\lib\classes\jide-components.jar;D:/Vivado2017.4/Vivado/2017.4\lib\classes\jide-dashboard.jar;D:/Vivado2017.4/Vivado/2
Launcher Type: generic

Environment Variables:
PATH=D:/Vivado2017.4/Vivado/2017.4/bin;D:/Vivado2017.4/Vivado/2017.4/lib/win64.o;D:/Vivado2017.4/Vivado/2017.4/tps/win64/jre/bin/server;D:/Vivado2017.4/Vivado/2017.4/tps/win64/jre/bin;D:/Vivado2017.4/SDK/2017.4/bin;D:/Vivado2017.4/Vivado/2017.4/ids_lite/ISE/bin/nt64;D:/Vivado2017.4/Vivado/2017.4/ids_lite/ISE/lib/nt64;D:\Qt\Qt5.12.0\5.12.0\mingw73_64\bin;C:\Windows\system32;D:\Xftp\;C:\Program Files (x86)\OpenSSH\bin;C:\Program Files\Git\cmd;C:\Users\dell\AppData\Local\Microsoft\WindowsApps;C:\Users\dell\AppData\Roaming\npm;D:\Microsoft_VSCode\bin;D:\Quartus13.1\modelsim_ase\win32aloem;D:\Quartus13.1\modelsim_ae\win32aloem;D:/Vivado2017.4/Vivado/2017.4\tps\mingw\6.2.0\win64.o\nt\bin;D:/Vivado2017.4/Vivado/2017.4\tps\mingw\6.2.0\win64.o\nt\libexec\gcc\x86_64-w64-mingw32\6.2.0
USERNAME=dell
OS=Windows_NT
PROCESSOR_IDENTIFIER=Intel64 Family 6 Model 165 Stepping 5, GenuineIntel



---------------  S Y S T E M  ---------------

OS: Windows 10.0 , 64 bit Build 19041 (10.0.19041.2364)

CPU:total 20 (10 cores per cpu, 2 threads per core) family 6 model 165 stepping 5, cmov, cx8, fxsr, mmx, sse, sse2, sse3, ssse3, sse4.1, sse4.2, popcnt, avx, avx2, aes, clmul, erms, 3dnowpref, lzcnt, ht, tsc, tscinvbit, bmi1, bmi2, adx

Memory: 4k page, physical 33261288k(18395268k free), swap 79398632k(39123624k free)

vm_info: Java HotSpot(TM) 64-Bit Server VM (25.112-b15) for windows-amd64 JRE (1.8.0_112-b15), built on Sep 22 2016 21:31:56 by "java_re" with MS VC++ 10.0 (VS2010)

time: Sat Feb 18 10:06:19 2023
elapsed time: 400370 seconds (4d 15h 12m 50s)

