INFO: [VRFC 10-2263] Analyzing Verilog file "D:/Alinx/Alinx7010/Self_learning/ov5640_mnist_parallel/ov5640_mnist_parallel.ip_user_files/ip/classify_ram/sim/classify_ram.v" into library xil_defaultlib
INFO: [VRFC 10-311] analyzing module classify_ram
INFO: [VRFC 10-2263] Analyzing Verilog file "D:/Alinx/Alinx7010/Self_learning/ov5640_mnist_parallel/ov5640_mnist_parallel.ip_user_files/ip/fcnnW_buffer/sim/fcnnW_buffer.v" into library xil_defaultlib
INFO: [VRFC 10-311] analyzing module fcnnW_buffer
INFO: [VRFC 10-2263] Analyzing Verilog file "D:/Alinx/Alinx7010/Self_learning/ov5640_mnist_parallel/ov5640_mnist_parallel.ip_user_files/ip/sigmoid_blkmem/sim/sigmoid_blkmem.v" into library xil_defaultlib
INFO: [VRFC 10-311] analyzing module sigmoid_blkmem
INFO: [VRFC 10-2263] Analyzing Verilog file "D:/Alinx/Alinx7010/Self_learning/ov5640_mnist_parallel/ov5640_mnist_parallel.ip_user_files/ip/pooling_ram/sim/pooling_ram.v" into library xil_defaultlib
INFO: [VRFC 10-311] analyzing module pooling_ram
INFO: [VRFC 10-2263] Analyzing Verilog file "D:/Alinx/Alinx7010/Self_learning/ov5640_mnist_parallel/ov5640_mnist_parallel.ip_user_files/ip/conv_ram/sim/conv_ram.v" into library xil_defaultlib
INFO: [VRFC 10-311] analyzing module conv_ram
INFO: [VRFC 10-2263] Analyzing Verilog file "D:/Alinx/Alinx7010/Self_learning/ov5640_mnist_parallel/ov5640_mnist_parallel.ip_user_files/ip/fcnnb_blkmem/sim/fcnnb_blkmem.v" into library xil_defaultlib
INFO: [VRFC 10-311] analyzing module fcnnb_blkmem
INFO: [VRFC 10-2263] Analyzing Verilog file "D:/Alinx/Alinx7010/Self_learning/ov5640_mnist_parallel/ov5640_mnist_parallel.ip_user_files/ip/fcnnW_blkmem/sim/fcnnW_blkmem.v" into library xil_defaultlib
INFO: [VRFC 10-311] analyzing module fcnnW_blkmem
INFO: [VRFC 10-2263] Analyzing Verilog file "D:/Alinx/Alinx7010/Self_learning/ov5640_mnist_parallel/ov5640_mnist_parallel.ip_user_files/ip/BN_blkmem/sim/BN_blkmem.v" into library xil_defaultlib
INFO: [VRFC 10-311] analyzing module BN_blkmem
INFO: [VRFC 10-2263] Analyzing Verilog file "D:/Alinx/Alinx7010/Self_learning/ov5640_mnist_parallel/ov5640_mnist_parallel.ip_user_files/ip/b2_blkmem/sim/b2_blkmem.v" into library xil_defaultlib
INFO: [VRFC 10-311] analyzing module b2_blkmem
INFO: [VRFC 10-2263] Analyzing Verilog file "D:/Alinx/Alinx7010/Self_learning/ov5640_mnist_parallel/ov5640_mnist_parallel.ip_user_files/ip/W2_blkmem/sim/W2_blkmem.v" into library xil_defaultlib
INFO: [VRFC 10-311] analyzing module W2_blkmem
INFO: [VRFC 10-2263] Analyzing Verilog file "D:/Alinx/Alinx7010/Self_learning/ov5640_mnist_parallel/ov5640_mnist_parallel.ip_user_files/ip/b1_blkmem/sim/b1_blkmem.v" into library xil_defaultlib
INFO: [VRFC 10-311] analyzing module b1_blkmem
INFO: [VRFC 10-2263] Analyzing Verilog file "D:/Alinx/Alinx7010/Self_learning/ov5640_mnist_parallel/ov5640_mnist_parallel.ip_user_files/ip/W1_blkmem/sim/W1_blkmem.v" into library xil_defaultlib
INFO: [VRFC 10-311] analyzing module W1_blkmem
INFO: [VRFC 10-2263] Analyzing Verilog file "D:/Alinx/Alinx7010/Self_learning/ov5640_mnist_parallel/ov5640_mnist_parallel.ip_user_files/ip/test_imgrom/sim/test_imgrom.v" into library xil_defaultlib
INFO: [VRFC 10-311] analyzing module test_imgrom
INFO: [VRFC 10-2263] Analyzing Verilog file "D:/Alinx/Alinx7010/Self_learning/ov5640_mnist_parallel/ov5640_mnist_parallel.srcs/sources_1/new/batch_normalization.v" into library xil_defaultlib
INFO: [VRFC 10-311] analyzing module batch_normalization
INFO: [VRFC 10-2263] Analyzing Verilog file "D:/Alinx/Alinx7010/Self_learning/ov5640_mnist_parallel/ov5640_mnist_parallel.srcs/sources_1/imports/new/convlayer.v" into library xil_defaultlib
INFO: [VRFC 10-311] analyzing module convlayer
INFO: [VRFC 10-2263] Analyzing Verilog file "D:/Alinx/Alinx7010/Self_learning/ov5640_mnist_parallel/ov5640_mnist_parallel.srcs/sources_1/imports/pooling/max2to1.v" into library xil_defaultlib
INFO: [VRFC 10-311] analyzing module max2to1
INFO: [VRFC 10-2263] Analyzing Verilog file "D:/Alinx/Alinx7010/Self_learning/ov5640_mnist_parallel/ov5640_mnist_parallel.srcs/sources_1/imports/pooling/max_pooling.v" into library xil_defaultlib
INFO: [VRFC 10-311] analyzing module max_pooling
INFO: [VRFC 10-2263] Analyzing Verilog file "D:/Alinx/Alinx7010/Self_learning/ov5640_mnist_parallel/ov5640_mnist_parallel.srcs/sources_1/imports/pooling/max_pooling_1serial.v" into library xil_defaultlib
INFO: [VRFC 10-311] analyzing module max_pooling_1serial
INFO: [VRFC 10-2263] Analyzing Verilog file "D:/Alinx/Alinx7010/Self_learning/ov5640_mnist_parallel/ov5640_mnist_parallel.srcs/sources_1/imports/pooling/max_pooling_core.v" into library xil_defaultlib
INFO: [VRFC 10-311] analyzing module max_pooling_core
INFO: [VRFC 10-2263] Analyzing Verilog file "D:/Alinx/Alinx7010/Self_learning/ov5640_mnist_parallel/ov5640_mnist_parallel.srcs/sources_1/new/mnist_process.v" into library xil_defaultlib
INFO: [VRFC 10-311] analyzing module mnist_process
INFO: [VRFC 10-2263] Analyzing Verilog file "D:/Alinx/Alinx7010/Self_learning/ov5640_mnist_parallel/ov5640_mnist_parallel.srcs/sources_1/new/out_select.v" into library xil_defaultlib
INFO: [VRFC 10-311] analyzing module out_select
INFO: [VRFC 10-2263] Analyzing Verilog file "D:/Alinx/Alinx7010/Self_learning/ov5640_mnist_parallel/ov5640_mnist_parallel.srcs/sources_1/new/out_select_cell.v" into library xil_defaultlib
INFO: [VRFC 10-311] analyzing module out_select_cell
INFO: [VRFC 10-2263] Analyzing Verilog file "D:/Alinx/Alinx7010/Self_learning/ov5640_mnist_parallel/ov5640_mnist_parallel.srcs/sources_1/imports/pooling/pooling_ctrl.v" into library xil_defaultlib
INFO: [VRFC 10-311] analyzing module pooling_ctrl
INFO: [VRFC 10-2263] Analyzing Verilog file "D:/Alinx/Alinx7010/Self_learning/ov5640_mnist_parallel/ov5640_mnist_parallel.srcs/sources_1/new/sigmoid.v" into library xil_defaultlib
INFO: [VRFC 10-311] analyzing module sigmoid
INFO: [VRFC 10-2263] Analyzing Verilog file "D:/Alinx/Alinx7010/Self_learning/ov5640_mnist_parallel/ov5640_mnist_parallel.srcs/sources_1/new/single_convcore.v" into library xil_defaultlib
INFO: [VRFC 10-311] analyzing module single_convcore
INFO: [VRFC 10-2263] Analyzing Verilog file "D:/Alinx/Alinx7010/Self_learning/ov5640_mnist_parallel/ov5640_mnist_parallel.srcs/sim_1/new/mnist_process_tb.v" into library xil_defaultlib
INFO: [VRFC 10-311] analyzing module mnist_process_tb
