
*** Running vivado
    with args -log fix_float.vds -m64 -product Vivado -mode batch -messageDb vivado.pb -notrace -source fix_float.tcl


****** Vivado v2017.4 (64-bit)
  **** SW Build 2086221 on Fri Dec 15 20:55:39 MST 2017
  **** IP Build 2085800 on Fri Dec 15 22:25:07 MST 2017
    ** Copyright 1986-2017 Xilinx, Inc. All Rights Reserved.

source fix_float.tcl -notrace
Command: synth_design -top fix_float -part xc7z010clg400-1 -mode out_of_context
Starting synth_design
Attempting to get a license for feature 'Synthesis' and/or device 'xc7z010'
INFO: [Common 17-349] Got license for feature 'Synthesis' and/or device 'xc7z010'
INFO: Launching helper process for spawning children vivado processes
INFO: Helper process launched with PID 11556 
---------------------------------------------------------------------------------
Starting RTL Elaboration : Time (s): cpu = 00:00:06 ; elapsed = 00:00:07 . Memory (MB): peak = 417.156 ; gain = 104.043
---------------------------------------------------------------------------------
INFO: [Synth 8-638] synthesizing module 'fix_float' [d:/Alinx/Alinx7010/Self_learning/ov5640_mnist/ov5640_mnist.srcs/sources_1/ip/fix_float/synth/fix_float.vhd:70]
	Parameter C_XDEVICEFAMILY bound to: zynq - type: string 
	Parameter C_HAS_ADD bound to: 0 - type: integer 
	Parameter C_HAS_SUBTRACT bound to: 0 - type: integer 
	Parameter C_HAS_MULTIPLY bound to: 0 - type: integer 
	Parameter C_HAS_DIVIDE bound to: 0 - type: integer 
	Parameter C_HAS_SQRT bound to: 0 - type: integer 
	Parameter C_HAS_COMPARE bound to: 0 - type: integer 
	Parameter C_HAS_FIX_TO_FLT bound to: 1 - type: integer 
	Parameter C_HAS_FLT_TO_FIX bound to: 0 - type: integer 
	Parameter C_HAS_FLT_TO_FLT bound to: 0 - type: integer 
	Parameter C_HAS_RECIP bound to: 0 - type: integer 
	Parameter C_HAS_RECIP_SQRT bound to: 0 - type: integer 
	Parameter C_HAS_ABSOLUTE bound to: 0 - type: integer 
	Parameter C_HAS_LOGARITHM bound to: 0 - type: integer 
	Parameter C_HAS_EXPONENTIAL bound to: 0 - type: integer 
	Parameter C_HAS_FMA bound to: 0 - type: integer 
	Parameter C_HAS_FMS bound to: 0 - type: integer 
	Parameter C_HAS_ACCUMULATOR_A bound to: 0 - type: integer 
	Parameter C_HAS_ACCUMULATOR_S bound to: 0 - type: integer 
	Parameter C_A_WIDTH bound to: 48 - type: integer 
	Parameter C_A_FRACTION_WIDTH bound to: 16 - type: integer 
	Parameter C_B_WIDTH bound to: 48 - type: integer 
	Parameter C_B_FRACTION_WIDTH bound to: 16 - type: integer 
	Parameter C_C_WIDTH bound to: 48 - type: integer 
	Parameter C_C_FRACTION_WIDTH bound to: 16 - type: integer 
	Parameter C_RESULT_WIDTH bound to: 32 - type: integer 
	Parameter C_RESULT_FRACTION_WIDTH bound to: 24 - type: integer 
	Parameter C_COMPARE_OPERATION bound to: 8 - type: integer 
	Parameter C_LATENCY bound to: 8 - type: integer 
	Parameter C_OPTIMIZATION bound to: 1 - type: integer 
	Parameter C_MULT_USAGE bound to: 0 - type: integer 
	Parameter C_BRAM_USAGE bound to: 0 - type: integer 
	Parameter C_RATE bound to: 1 - type: integer 
	Parameter C_ACCUM_INPUT_MSB bound to: 32 - type: integer 
	Parameter C_ACCUM_MSB bound to: 32 - type: integer 
	Parameter C_ACCUM_LSB bound to: -31 - type: integer 
	Parameter C_HAS_UNDERFLOW bound to: 0 - type: integer 
	Parameter C_HAS_OVERFLOW bound to: 0 - type: integer 
	Parameter C_HAS_INVALID_OP bound to: 0 - type: integer 
	Parameter C_HAS_DIVIDE_BY_ZERO bound to: 0 - type: integer 
	Parameter C_HAS_ACCUM_OVERFLOW bound to: 0 - type: integer 
	Parameter C_HAS_ACCUM_INPUT_OVERFLOW bound to: 0 - type: integer 
	Parameter C_HAS_ACLKEN bound to: 0 - type: integer 
	Parameter C_HAS_ARESETN bound to: 0 - type: integer 
	Parameter C_THROTTLE_SCHEME bound to: 4 - type: integer 
	Parameter C_HAS_A_TUSER bound to: 0 - type: integer 
	Parameter C_HAS_A_TLAST bound to: 0 - type: integer 
	Parameter C_HAS_B bound to: 0 - type: integer 
	Parameter C_HAS_B_TUSER bound to: 0 - type: integer 
	Parameter C_HAS_B_TLAST bound to: 0 - type: integer 
	Parameter C_HAS_C bound to: 0 - type: integer 
	Parameter C_HAS_C_TUSER bound to: 0 - type: integer 
	Parameter C_HAS_C_TLAST bound to: 0 - type: integer 
	Parameter C_HAS_OPERATION bound to: 0 - type: integer 
	Parameter C_HAS_OPERATION_TUSER bound to: 0 - type: integer 
	Parameter C_HAS_OPERATION_TLAST bound to: 0 - type: integer 
	Parameter C_HAS_RESULT_TUSER bound to: 0 - type: integer 
	Parameter C_HAS_RESULT_TLAST bound to: 0 - type: integer 
	Parameter C_TLAST_RESOLUTION bound to: 0 - type: integer 
	Parameter C_A_TDATA_WIDTH bound to: 48 - type: integer 
	Parameter C_A_TUSER_WIDTH bound to: 1 - type: integer 
	Parameter C_B_TDATA_WIDTH bound to: 48 - type: integer 
	Parameter C_B_TUSER_WIDTH bound to: 1 - type: integer 
	Parameter C_C_TDATA_WIDTH bound to: 48 - type: integer 
	Parameter C_C_TUSER_WIDTH bound to: 1 - type: integer 
	Parameter C_OPERATION_TDATA_WIDTH bound to: 8 - type: integer 
	Parameter C_OPERATION_TUSER_WIDTH bound to: 1 - type: integer 
	Parameter C_RESULT_TDATA_WIDTH bound to: 32 - type: integer 
	Parameter C_RESULT_TUSER_WIDTH bound to: 1 - type: integer 
	Parameter C_FIXED_DATA_UNSIGNED bound to: 0 - type: integer 
INFO: [Synth 8-3491] module 'floating_point_v7_1_5' declared at 'd:/Alinx/Alinx7010/Self_learning/ov5640_mnist/ov5640_mnist.srcs/sources_1/ip/fix_float/hdl/floating_point_v7_1_vh_rfs.vhd:91604' bound to instance 'U0' of component 'floating_point_v7_1_5' [d:/Alinx/Alinx7010/Self_learning/ov5640_mnist/ov5640_mnist.srcs/sources_1/ip/fix_float/synth/fix_float.vhd:197]
INFO: [Synth 8-256] done synthesizing module 'fix_float' (16#1) [d:/Alinx/Alinx7010/Self_learning/ov5640_mnist/ov5640_mnist.srcs/sources_1/ip/fix_float/synth/fix_float.vhd:70]
WARNING: [Synth 8-3331] design xbip_pipe_v3_0_4_viv__parameterized21 has unconnected port SCLR
WARNING: [Synth 8-3331] design xbip_pipe_v3_0_4_viv__parameterized21 has unconnected port SSET
WARNING: [Synth 8-3331] design xbip_pipe_v3_0_4_viv__parameterized21 has unconnected port SINIT
WARNING: [Synth 8-3331] design xbip_pipe_v3_0_4_viv__parameterized11 has unconnected port SCLR
WARNING: [Synth 8-3331] design xbip_pipe_v3_0_4_viv__parameterized11 has unconnected port SSET
WARNING: [Synth 8-3331] design xbip_pipe_v3_0_4_viv__parameterized11 has unconnected port SINIT
WARNING: [Synth 8-3331] design xbip_pipe_v3_0_4_viv__parameterized15 has unconnected port SCLR
WARNING: [Synth 8-3331] design xbip_pipe_v3_0_4_viv__parameterized15 has unconnected port SSET
WARNING: [Synth 8-3331] design xbip_pipe_v3_0_4_viv__parameterized15 has unconnected port SINIT
WARNING: [Synth 8-3331] design xbip_pipe_v3_0_4_viv__parameterized29 has unconnected port SCLR
WARNING: [Synth 8-3331] design xbip_pipe_v3_0_4_viv__parameterized29 has unconnected port SSET
WARNING: [Synth 8-3331] design xbip_pipe_v3_0_4_viv__parameterized29 has unconnected port SINIT
WARNING: [Synth 8-3331] design xbip_pipe_v3_0_4_viv__parameterized27 has unconnected port SCLR
WARNING: [Synth 8-3331] design xbip_pipe_v3_0_4_viv__parameterized27 has unconnected port SSET
WARNING: [Synth 8-3331] design xbip_pipe_v3_0_4_viv__parameterized27 has unconnected port SINIT
WARNING: [Synth 8-3331] design norm_zero_det has unconnected port DIST[7]
WARNING: [Synth 8-3331] design norm_zero_det has unconnected port DIST[6]
WARNING: [Synth 8-3331] design xbip_pipe_v3_0_4_viv__parameterized3 has unconnected port CLK
WARNING: [Synth 8-3331] design xbip_pipe_v3_0_4_viv__parameterized3 has unconnected port CE
WARNING: [Synth 8-3331] design xbip_pipe_v3_0_4_viv__parameterized3 has unconnected port SCLR
WARNING: [Synth 8-3331] design xbip_pipe_v3_0_4_viv__parameterized3 has unconnected port SSET
WARNING: [Synth 8-3331] design xbip_pipe_v3_0_4_viv__parameterized3 has unconnected port SINIT
WARNING: [Synth 8-3331] design xbip_pipe_v3_0_4_viv__parameterized1 has unconnected port CLK
WARNING: [Synth 8-3331] design xbip_pipe_v3_0_4_viv__parameterized1 has unconnected port CE
WARNING: [Synth 8-3331] design xbip_pipe_v3_0_4_viv__parameterized1 has unconnected port SCLR
WARNING: [Synth 8-3331] design xbip_pipe_v3_0_4_viv__parameterized1 has unconnected port SSET
WARNING: [Synth 8-3331] design xbip_pipe_v3_0_4_viv__parameterized1 has unconnected port SINIT
WARNING: [Synth 8-3331] design xbip_pipe_v3_0_4_viv__parameterized5 has unconnected port SCLR
WARNING: [Synth 8-3331] design xbip_pipe_v3_0_4_viv__parameterized5 has unconnected port SSET
WARNING: [Synth 8-3331] design xbip_pipe_v3_0_4_viv__parameterized5 has unconnected port SINIT
WARNING: [Synth 8-3331] design carry_chain has unconnected port B[47]
WARNING: [Synth 8-3331] design flt_dec_op has unconnected port DEC_OP_STATE[11]
WARNING: [Synth 8-3331] design flt_dec_op has unconnected port DEC_OP_STATE[10]
WARNING: [Synth 8-3331] design flt_dec_op has unconnected port DEC_OP_STATE[9]
WARNING: [Synth 8-3331] design flt_dec_op has unconnected port DEC_OP_STATE[8]
WARNING: [Synth 8-3331] design flt_dec_op has unconnected port DIVIDE_BY_ZERO_IN
WARNING: [Synth 8-3331] design xbip_pipe_v3_0_4_viv__parameterized51 has unconnected port SCLR
WARNING: [Synth 8-3331] design xbip_pipe_v3_0_4_viv__parameterized51 has unconnected port SSET
WARNING: [Synth 8-3331] design xbip_pipe_v3_0_4_viv__parameterized51 has unconnected port SINIT
WARNING: [Synth 8-3331] design xbip_pipe_v3_0_4_viv__parameterized39 has unconnected port SCLR
WARNING: [Synth 8-3331] design xbip_pipe_v3_0_4_viv__parameterized39 has unconnected port SSET
WARNING: [Synth 8-3331] design xbip_pipe_v3_0_4_viv__parameterized39 has unconnected port SINIT
WARNING: [Synth 8-3331] design xbip_pipe_v3_0_4_viv__parameterized53 has unconnected port SCLR
WARNING: [Synth 8-3331] design xbip_pipe_v3_0_4_viv__parameterized53 has unconnected port SSET
WARNING: [Synth 8-3331] design xbip_pipe_v3_0_4_viv__parameterized53 has unconnected port SINIT
WARNING: [Synth 8-3331] design fix_to_flt_conv_exp has unconnected port A[46]
WARNING: [Synth 8-3331] design fix_to_flt_conv_exp has unconnected port A[45]
WARNING: [Synth 8-3331] design fix_to_flt_conv_exp has unconnected port A[44]
WARNING: [Synth 8-3331] design fix_to_flt_conv_exp has unconnected port A[43]
WARNING: [Synth 8-3331] design fix_to_flt_conv_exp has unconnected port A[42]
WARNING: [Synth 8-3331] design fix_to_flt_conv_exp has unconnected port A[41]
WARNING: [Synth 8-3331] design fix_to_flt_conv_exp has unconnected port A[40]
WARNING: [Synth 8-3331] design fix_to_flt_conv_exp has unconnected port A[39]
WARNING: [Synth 8-3331] design fix_to_flt_conv_exp has unconnected port A[38]
WARNING: [Synth 8-3331] design fix_to_flt_conv_exp has unconnected port A[37]
WARNING: [Synth 8-3331] design fix_to_flt_conv_exp has unconnected port A[36]
WARNING: [Synth 8-3331] design fix_to_flt_conv_exp has unconnected port A[35]
WARNING: [Synth 8-3331] design fix_to_flt_conv_exp has unconnected port A[34]
WARNING: [Synth 8-3331] design fix_to_flt_conv_exp has unconnected port A[33]
WARNING: [Synth 8-3331] design fix_to_flt_conv_exp has unconnected port A[32]
WARNING: [Synth 8-3331] design fix_to_flt_conv_exp has unconnected port A[31]
WARNING: [Synth 8-3331] design fix_to_flt_conv_exp has unconnected port A[30]
WARNING: [Synth 8-3331] design fix_to_flt_conv_exp has unconnected port A[29]
WARNING: [Synth 8-3331] design fix_to_flt_conv_exp has unconnected port A[28]
WARNING: [Synth 8-3331] design fix_to_flt_conv_exp has unconnected port A[27]
WARNING: [Synth 8-3331] design fix_to_flt_conv_exp has unconnected port A[26]
WARNING: [Synth 8-3331] design fix_to_flt_conv_exp has unconnected port A[25]
WARNING: [Synth 8-3331] design fix_to_flt_conv_exp has unconnected port A[24]
WARNING: [Synth 8-3331] design fix_to_flt_conv_exp has unconnected port A[23]
WARNING: [Synth 8-3331] design fix_to_flt_conv_exp has unconnected port A[22]
WARNING: [Synth 8-3331] design fix_to_flt_conv_exp has unconnected port A[21]
WARNING: [Synth 8-3331] design fix_to_flt_conv_exp has unconnected port A[20]
WARNING: [Synth 8-3331] design fix_to_flt_conv_exp has unconnected port A[19]
WARNING: [Synth 8-3331] design fix_to_flt_conv_exp has unconnected port A[18]
WARNING: [Synth 8-3331] design fix_to_flt_conv_exp has unconnected port A[17]
WARNING: [Synth 8-3331] design fix_to_flt_conv_exp has unconnected port A[16]
WARNING: [Synth 8-3331] design fix_to_flt_conv_exp has unconnected port A[15]
WARNING: [Synth 8-3331] design fix_to_flt_conv_exp has unconnected port A[14]
WARNING: [Synth 8-3331] design fix_to_flt_conv_exp has unconnected port A[13]
WARNING: [Synth 8-3331] design fix_to_flt_conv_exp has unconnected port A[12]
WARNING: [Synth 8-3331] design fix_to_flt_conv_exp has unconnected port A[11]
WARNING: [Synth 8-3331] design fix_to_flt_conv_exp has unconnected port A[10]
WARNING: [Synth 8-3331] design fix_to_flt_conv_exp has unconnected port A[9]
WARNING: [Synth 8-3331] design fix_to_flt_conv_exp has unconnected port A[8]
WARNING: [Synth 8-3331] design fix_to_flt_conv_exp has unconnected port A[7]
WARNING: [Synth 8-3331] design fix_to_flt_conv_exp has unconnected port A[6]
WARNING: [Synth 8-3331] design fix_to_flt_conv_exp has unconnected port A[5]
WARNING: [Synth 8-3331] design fix_to_flt_conv_exp has unconnected port A[4]
WARNING: [Synth 8-3331] design fix_to_flt_conv_exp has unconnected port A[3]
WARNING: [Synth 8-3331] design fix_to_flt_conv_exp has unconnected port A[2]
WARNING: [Synth 8-3331] design fix_to_flt_conv_exp has unconnected port A[1]
WARNING: [Synth 8-3331] design fix_to_flt_conv_exp has unconnected port A[0]
WARNING: [Synth 8-3331] design xbip_pipe_v3_0_4_viv__parameterized49 has unconnected port SCLR
WARNING: [Synth 8-3331] design xbip_pipe_v3_0_4_viv__parameterized49 has unconnected port SSET
WARNING: [Synth 8-3331] design xbip_pipe_v3_0_4_viv__parameterized49 has unconnected port SINIT
WARNING: [Synth 8-3331] design xbip_pipe_v3_0_4_viv__parameterized47 has unconnected port SCLR
WARNING: [Synth 8-3331] design xbip_pipe_v3_0_4_viv__parameterized47 has unconnected port SSET
WARNING: [Synth 8-3331] design xbip_pipe_v3_0_4_viv__parameterized47 has unconnected port SINIT
WARNING: [Synth 8-3331] design carry_chain__parameterized4 has unconnected port B[11]
WARNING: [Synth 8-3331] design xbip_pipe_v3_0_4_viv__parameterized45 has unconnected port CLK
INFO: [Common 17-14] Message 'Synth 8-3331' appears 100 times and further instances of the messages will be disabled. Use the Tcl command set_msg_config to change the current settings.
---------------------------------------------------------------------------------
Finished RTL Elaboration : Time (s): cpu = 00:00:10 ; elapsed = 00:00:11 . Memory (MB): peak = 522.496 ; gain = 209.383
---------------------------------------------------------------------------------

Report Check Netlist: 
+------+------------------+-------+---------+-------+------------------+
|      |Item              |Errors |Warnings |Status |Description       |
+------+------------------+-------+---------+-------+------------------+
|1     |multi_driven_nets |      0|        0|Passed |Multi driven nets |
+------+------------------+-------+---------+-------+------------------+
---------------------------------------------------------------------------------
Finished RTL Optimization Phase 1 : Time (s): cpu = 00:00:10 ; elapsed = 00:00:12 . Memory (MB): peak = 522.496 ; gain = 209.383
---------------------------------------------------------------------------------
INFO: [Netlist 29-17] Analyzing 201 Unisim elements for replacement
INFO: [Netlist 29-28] Unisim Transformation completed in 0 CPU seconds
INFO: [Device 21-403] Loading part xc7z010clg400-1
INFO: [Project 1-570] Preparing netlist for logic optimization

Processing XDC Constraints
Initializing timing engine
Parsing XDC File [d:/Alinx/Alinx7010/Self_learning/ov5640_mnist/ov5640_mnist.srcs/sources_1/ip/fix_float/fix_float_ooc.xdc] for cell 'U0'
Finished Parsing XDC File [d:/Alinx/Alinx7010/Self_learning/ov5640_mnist/ov5640_mnist.srcs/sources_1/ip/fix_float/fix_float_ooc.xdc] for cell 'U0'
Parsing XDC File [D:/Alinx/Alinx7010/Self_learning/ov5640_mnist/ov5640_mnist.runs/fix_float_synth_1/dont_touch.xdc]
Finished Parsing XDC File [D:/Alinx/Alinx7010/Self_learning/ov5640_mnist/ov5640_mnist.runs/fix_float_synth_1/dont_touch.xdc]
Completed Processing XDC Constraints

INFO: [Project 1-111] Unisim Transformation Summary:
  A total of 12 instances were transformed.
  FDE => FDRE: 12 instances

Constraint Validation Runtime : Time (s): cpu = 00:00:00 ; elapsed = 00:00:00.016 . Memory (MB): peak = 812.977 ; gain = 0.168
---------------------------------------------------------------------------------
Finished Constraint Validation : Time (s): cpu = 00:00:19 ; elapsed = 00:00:21 . Memory (MB): peak = 812.977 ; gain = 499.863
---------------------------------------------------------------------------------
---------------------------------------------------------------------------------
Start Loading Part and Timing Information
---------------------------------------------------------------------------------
Loading part: xc7z010clg400-1
---------------------------------------------------------------------------------
Finished Loading Part and Timing Information : Time (s): cpu = 00:00:19 ; elapsed = 00:00:21 . Memory (MB): peak = 812.977 ; gain = 499.863
---------------------------------------------------------------------------------
---------------------------------------------------------------------------------
Start Applying 'set_property' XDC Constraints
---------------------------------------------------------------------------------
Applied set_property DONT_TOUCH = true for U0. (constraint file  D:/Alinx/Alinx7010/Self_learning/ov5640_mnist/ov5640_mnist.runs/fix_float_synth_1/dont_touch.xdc, line 9).
---------------------------------------------------------------------------------
Finished applying 'set_property' XDC Constraints : Time (s): cpu = 00:00:19 ; elapsed = 00:00:21 . Memory (MB): peak = 812.977 ; gain = 499.863
---------------------------------------------------------------------------------
INFO: [Synth 8-5544] ROM "enc_chunk" won't be mapped to Block RAM because address size (4) smaller than threshold (5)
INFO: [Synth 8-5544] ROM "enc_chunk" won't be mapped to Block RAM because address size (4) smaller than threshold (5)
INFO: [Synth 8-5544] ROM "enc_chunk" won't be mapped to Block RAM because address size (4) smaller than threshold (5)
INFO: [Synth 8-5544] ROM "enc_chunk" won't be mapped to Block RAM because address size (4) smaller than threshold (5)
INFO: [Synth 8-5544] ROM "enc_chunk" won't be mapped to Block RAM because address size (4) smaller than threshold (5)
INFO: [Synth 8-5544] ROM "enc_chunk" won't be mapped to Block RAM because address size (4) smaller than threshold (5)
INFO: [Synth 8-5544] ROM "enc_chunk" won't be mapped to Block RAM because address size (4) smaller than threshold (5)
INFO: [Synth 8-5544] ROM "enc_chunk" won't be mapped to Block RAM because address size (4) smaller than threshold (5)
INFO: [Synth 8-5544] ROM "enc_chunk" won't be mapped to Block RAM because address size (4) smaller than threshold (5)
INFO: [Synth 8-5544] ROM "enc_chunk" won't be mapped to Block RAM because address size (4) smaller than threshold (5)
INFO: [Synth 8-5544] ROM "enc_chunk" won't be mapped to Block RAM because address size (4) smaller than threshold (5)
INFO: [Synth 8-5544] ROM "enc_chunk" won't be mapped to Block RAM because address size (4) smaller than threshold (5)
INFO: [Synth 8-5544] ROM "enc_chunk" won't be mapped to Block RAM because address size (4) smaller than threshold (5)
INFO: [Synth 8-5544] ROM "enc_chunk" won't be mapped to Block RAM because address size (4) smaller than threshold (5)
INFO: [Synth 8-5544] ROM "enc_chunk" won't be mapped to Block RAM because address size (4) smaller than threshold (5)
INFO: [Synth 8-5544] ROM "enc_chunk" won't be mapped to Block RAM because address size (4) smaller than threshold (5)
---------------------------------------------------------------------------------
Finished RTL Optimization Phase 2 : Time (s): cpu = 00:00:20 ; elapsed = 00:00:22 . Memory (MB): peak = 812.977 ; gain = 499.863
---------------------------------------------------------------------------------
INFO: [Synth 8-223] decloning instance 'U0/i_synth/DELAY_INVALID_OP' (delay__parameterized15) to 'U0/i_synth/DELAY_DIVIDE_BY_ZERO'
INFO: [Synth 8-223] decloning instance 'U0/i_synth/DELAY_INVALID_OP' (delay__parameterized15) to 'U0/i_synth/DELAY_OVERFLOW'
INFO: [Synth 8-223] decloning instance 'U0/i_synth/DELAY_INVALID_OP' (delay__parameterized15) to 'U0/i_synth/DELAY_UNDERFLOW'
INFO: [Synth 8-223] decloning instance 'U0/i_synth/DELAY_INVALID_OP' (delay__parameterized15) to 'U0/i_synth/DELAY_ACCUM_OVERFLOW'
INFO: [Synth 8-223] decloning instance 'U0/i_synth/DELAY_INVALID_OP' (delay__parameterized15) to 'U0/i_synth/DELAY_ACCUM_INPUT_OVERFLOW'
INFO: [Synth 8-223] decloning instance 'U0/i_synth/FIX_TO_FLT_OP.SPD.OP/ROUND/EXTRA_LSB_BIT_DEL' (delay__parameterized15) to 'U0/i_synth/FIX_TO_FLT_OP.SPD.OP/ROUND/EXTRA_LSB_RND1_DEL'
INFO: [Synth 8-223] decloning instance 'U0/i_synth/FIX_TO_FLT_OP.SPD.OP/ROUND/EXP_INC_DELAY' (delay__parameterized15) to 'U0/i_synth/FIX_TO_FLT_OP.SPD.OP/ROUND/EXP_INC_RND1_DELAY'
INFO: [Synth 8-223] decloning instance 'U0/i_synth/FIX_TO_FLT_OP.SPD.OP/ROUND/NORMALIZE_DEL' (delay__parameterized19) to 'U0/i_synth/FIX_TO_FLT_OP.SPD.OP/ROUND/NORMALIZE_RND1_DEL'

Report RTL Partitions: 
+-+--------------+------------+----------+
| |RTL Partition |Replication |Instances |
+-+--------------+------------+----------+
+-+--------------+------------+----------+
---------------------------------------------------------------------------------
Start RTL Component Statistics 
---------------------------------------------------------------------------------
---------------------------------------------------------------------------------
Finished RTL Component Statistics 
---------------------------------------------------------------------------------
---------------------------------------------------------------------------------
Start RTL Hierarchical Component Statistics 
---------------------------------------------------------------------------------
---------------------------------------------------------------------------------
Finished RTL Hierarchical Component Statistics
---------------------------------------------------------------------------------
---------------------------------------------------------------------------------
Start Part Resource Summary
---------------------------------------------------------------------------------
Part Resources:
DSPs: 80 (col length:40)
BRAMs: 120 (col length: RAMB18 40 RAMB36 20)
---------------------------------------------------------------------------------
Finished Part Resource Summary
---------------------------------------------------------------------------------
---------------------------------------------------------------------------------
Start Cross Boundary and Area Optimization
---------------------------------------------------------------------------------
INFO: [Synth 8-5544] ROM "FIX_TO_FLT_OP.SPD.OP/LZE/enc_chunk" won't be mapped to Block RAM because address size (4) smaller than threshold (5)
INFO: [Synth 8-5544] ROM "FIX_TO_FLT_OP.SPD.OP/LZE/enc_chunk" won't be mapped to Block RAM because address size (4) smaller than threshold (5)
INFO: [Synth 8-5544] ROM "FIX_TO_FLT_OP.SPD.OP/LZE/enc_chunk" won't be mapped to Block RAM because address size (4) smaller than threshold (5)
INFO: [Synth 8-5544] ROM "FIX_TO_FLT_OP.SPD.OP/LZE/enc_chunk" won't be mapped to Block RAM because address size (4) smaller than threshold (5)
INFO: [Synth 8-5544] ROM "FIX_TO_FLT_OP.SPD.OP/LZE/enc_chunk" won't be mapped to Block RAM because address size (4) smaller than threshold (5)
INFO: [Synth 8-5544] ROM "FIX_TO_FLT_OP.SPD.OP/LZE/enc_chunk" won't be mapped to Block RAM because address size (4) smaller than threshold (5)
INFO: [Synth 8-5544] ROM "FIX_TO_FLT_OP.SPD.OP/LZE/enc_chunk" won't be mapped to Block RAM because address size (4) smaller than threshold (5)
INFO: [Synth 8-5544] ROM "FIX_TO_FLT_OP.SPD.OP/LZE/enc_chunk" won't be mapped to Block RAM because address size (4) smaller than threshold (5)
INFO: [Synth 8-5544] ROM "FIX_TO_FLT_OP.SPD.OP/LZE/enc_chunk" won't be mapped to Block RAM because address size (4) smaller than threshold (5)
INFO: [Synth 8-5544] ROM "FIX_TO_FLT_OP.SPD.OP/LZE/enc_chunk" won't be mapped to Block RAM because address size (4) smaller than threshold (5)
INFO: [Synth 8-5544] ROM "FIX_TO_FLT_OP.SPD.OP/LZE/enc_chunk" won't be mapped to Block RAM because address size (4) smaller than threshold (5)
INFO: [Synth 8-5544] ROM "FIX_TO_FLT_OP.SPD.OP/LZE/enc_chunk" won't be mapped to Block RAM because address size (4) smaller than threshold (5)
INFO: [Synth 8-5544] ROM "FIX_TO_FLT_OP.SPD.OP/LZE/enc_chunk" won't be mapped to Block RAM because address size (4) smaller than threshold (5)
INFO: [Synth 8-5544] ROM "FIX_TO_FLT_OP.SPD.OP/LZE/enc_chunk" won't be mapped to Block RAM because address size (4) smaller than threshold (5)
INFO: [Synth 8-5544] ROM "FIX_TO_FLT_OP.SPD.OP/LZE/enc_chunk" won't be mapped to Block RAM because address size (4) smaller than threshold (5)
INFO: [Synth 8-5544] ROM "FIX_TO_FLT_OP.SPD.OP/LZE/enc_chunk" won't be mapped to Block RAM because address size (4) smaller than threshold (5)
INFO: [Synth 8-3886] merging instance 'U0/i_synth/FIX_TO_FLT_OP.SPD.OP/NEED_Z_DET.Z_DET/ENCODE[0].DIST_OVER_DEL/i_pipe/opt_has_pipe.first_q_reg[0]' (FD) to 'U0/i_synth/FIX_TO_FLT_OP.SPD.OP/LZE/ENCODE[0].DIST_DEL/i_pipe/opt_has_pipe.first_q_reg[0]'
INFO: [Synth 8-3886] merging instance 'U0/i_synth/FIX_TO_FLT_OP.SPD.OP/NEED_Z_DET.Z_DET/ENCODE[1].DIST_OVER_DEL/i_pipe/opt_has_pipe.first_q_reg[0]' (FD) to 'U0/i_synth/FIX_TO_FLT_OP.SPD.OP/LZE/ENCODE[0].DIST_DEL/i_pipe/opt_has_pipe.i_pipe[2].pipe_reg[2][0]'
INFO: [Synth 8-3332] Sequential element (FIX_TO_FLT_OP.SPD.OP/NORM_SHIFT/MUX_LOOP[0].DEL_SHIFT/i_pipe/opt_has_pipe.first_q_reg[47]) is unused and will be removed from module floating_point_v7_1_5_viv.
INFO: [Synth 8-3332] Sequential element (FIX_TO_FLT_OP.SPD.OP/NORM_SHIFT/MUX_LOOP[0].DEL_SHIFT/i_pipe/opt_has_pipe.first_q_reg[46]) is unused and will be removed from module floating_point_v7_1_5_viv.
INFO: [Synth 8-3332] Sequential element (FIX_TO_FLT_OP.SPD.OP/NORM_SHIFT/MUX_LOOP[0].DEL_SHIFT/i_pipe/opt_has_pipe.first_q_reg[45]) is unused and will be removed from module floating_point_v7_1_5_viv.
INFO: [Synth 8-3332] Sequential element (FIX_TO_FLT_OP.SPD.OP/NORM_SHIFT/MUX_LOOP[0].DEL_SHIFT/i_pipe/opt_has_pipe.first_q_reg[44]) is unused and will be removed from module floating_point_v7_1_5_viv.
INFO: [Synth 8-3332] Sequential element (FIX_TO_FLT_OP.SPD.OP/NORM_SHIFT/MUX_LOOP[0].DEL_SHIFT/i_pipe/opt_has_pipe.first_q_reg[43]) is unused and will be removed from module floating_point_v7_1_5_viv.
INFO: [Synth 8-3332] Sequential element (FIX_TO_FLT_OP.SPD.OP/NORM_SHIFT/MUX_LOOP[0].DEL_SHIFT/i_pipe/opt_has_pipe.first_q_reg[42]) is unused and will be removed from module floating_point_v7_1_5_viv.
INFO: [Synth 8-3332] Sequential element (FIX_TO_FLT_OP.SPD.OP/NORM_SHIFT/MUX_LOOP[0].DEL_SHIFT/i_pipe/opt_has_pipe.first_q_reg[41]) is unused and will be removed from module floating_point_v7_1_5_viv.
INFO: [Synth 8-3332] Sequential element (FIX_TO_FLT_OP.SPD.OP/NORM_SHIFT/MUX_LOOP[0].DEL_SHIFT/i_pipe/opt_has_pipe.first_q_reg[0]) is unused and will be removed from module floating_point_v7_1_5_viv.
INFO: [Synth 8-3332] Sequential element (FIX_TO_FLT_OP.SPD.OP/NORM_SHIFT/MUX_LOOP[1].DEL_SHIFT/i_pipe/opt_has_pipe.first_q_reg[47]) is unused and will be removed from module floating_point_v7_1_5_viv.
INFO: [Synth 8-3332] Sequential element (FIX_TO_FLT_OP.SPD.OP/NORM_SHIFT/MUX_LOOP[1].DEL_SHIFT/i_pipe/opt_has_pipe.first_q_reg[46]) is unused and will be removed from module floating_point_v7_1_5_viv.
INFO: [Synth 8-3332] Sequential element (FIX_TO_FLT_OP.SPD.OP/NORM_SHIFT/MUX_LOOP[1].DEL_SHIFT/i_pipe/opt_has_pipe.first_q_reg[45]) is unused and will be removed from module floating_point_v7_1_5_viv.
INFO: [Synth 8-3332] Sequential element (FIX_TO_FLT_OP.SPD.OP/NORM_SHIFT/MUX_LOOP[1].DEL_SHIFT/i_pipe/opt_has_pipe.first_q_reg[44]) is unused and will be removed from module floating_point_v7_1_5_viv.
INFO: [Synth 8-3332] Sequential element (FIX_TO_FLT_OP.SPD.OP/NORM_SHIFT/MUX_LOOP[1].DEL_SHIFT/i_pipe/opt_has_pipe.first_q_reg[43]) is unused and will be removed from module floating_point_v7_1_5_viv.
INFO: [Synth 8-3332] Sequential element (FIX_TO_FLT_OP.SPD.OP/NORM_SHIFT/MUX_LOOP[1].DEL_SHIFT/i_pipe/opt_has_pipe.first_q_reg[42]) is unused and will be removed from module floating_point_v7_1_5_viv.
INFO: [Synth 8-3332] Sequential element (FIX_TO_FLT_OP.SPD.OP/NORM_SHIFT/MUX_LOOP[1].DEL_SHIFT/i_pipe/opt_has_pipe.first_q_reg[41]) is unused and will be removed from module floating_point_v7_1_5_viv.
INFO: [Synth 8-3332] Sequential element (FIX_TO_FLT_OP.SPD.OP/NORM_SHIFT/MUX_LOOP[1].DEL_SHIFT/i_pipe/opt_has_pipe.first_q_reg[40]) is unused and will be removed from module floating_point_v7_1_5_viv.
INFO: [Synth 8-3332] Sequential element (FIX_TO_FLT_OP.SPD.OP/NORM_SHIFT/MUX_LOOP[1].DEL_SHIFT/i_pipe/opt_has_pipe.first_q_reg[39]) is unused and will be removed from module floating_point_v7_1_5_viv.
INFO: [Synth 8-3332] Sequential element (FIX_TO_FLT_OP.SPD.OP/NORM_SHIFT/MUX_LOOP[1].DEL_SHIFT/i_pipe/opt_has_pipe.first_q_reg[38]) is unused and will be removed from module floating_point_v7_1_5_viv.
INFO: [Synth 8-3332] Sequential element (FIX_TO_FLT_OP.SPD.OP/NORM_SHIFT/MUX_LOOP[1].DEL_SHIFT/i_pipe/opt_has_pipe.first_q_reg[37]) is unused and will be removed from module floating_point_v7_1_5_viv.
INFO: [Synth 8-3332] Sequential element (FIX_TO_FLT_OP.SPD.OP/NORM_SHIFT/MUX_LOOP[1].DEL_SHIFT/i_pipe/opt_has_pipe.first_q_reg[36]) is unused and will be removed from module floating_point_v7_1_5_viv.
INFO: [Synth 8-3332] Sequential element (FIX_TO_FLT_OP.SPD.OP/NORM_SHIFT/MUX_LOOP[1].DEL_SHIFT/i_pipe/opt_has_pipe.first_q_reg[35]) is unused and will be removed from module floating_point_v7_1_5_viv.
INFO: [Synth 8-3332] Sequential element (FIX_TO_FLT_OP.SPD.OP/NORM_SHIFT/MUX_LOOP[1].DEL_SHIFT/i_pipe/opt_has_pipe.first_q_reg[34]) is unused and will be removed from module floating_point_v7_1_5_viv.
INFO: [Synth 8-3332] Sequential element (FIX_TO_FLT_OP.SPD.OP/NORM_SHIFT/MUX_LOOP[1].DEL_SHIFT/i_pipe/opt_has_pipe.first_q_reg[33]) is unused and will be removed from module floating_point_v7_1_5_viv.
INFO: [Synth 8-3332] Sequential element (FIX_TO_FLT_OP.SPD.OP/NORM_SHIFT/MUX_LOOP[1].DEL_SHIFT/i_pipe/opt_has_pipe.first_q_reg[32]) is unused and will be removed from module floating_point_v7_1_5_viv.
INFO: [Synth 8-3332] Sequential element (FIX_TO_FLT_OP.SPD.OP/NORM_SHIFT/MUX_LOOP[1].DEL_SHIFT/i_pipe/opt_has_pipe.first_q_reg[31]) is unused and will be removed from module floating_point_v7_1_5_viv.
INFO: [Synth 8-3332] Sequential element (FIX_TO_FLT_OP.SPD.OP/NORM_SHIFT/MUX_LOOP[1].DEL_SHIFT/i_pipe/opt_has_pipe.first_q_reg[30]) is unused and will be removed from module floating_point_v7_1_5_viv.
INFO: [Synth 8-3332] Sequential element (FIX_TO_FLT_OP.SPD.OP/NORM_SHIFT/MUX_LOOP[1].DEL_SHIFT/i_pipe/opt_has_pipe.first_q_reg[29]) is unused and will be removed from module floating_point_v7_1_5_viv.
INFO: [Synth 8-3332] Sequential element (FIX_TO_FLT_OP.SPD.OP/NORM_SHIFT/MUX_LOOP[1].DEL_SHIFT/i_pipe/opt_has_pipe.first_q_reg[0]) is unused and will be removed from module floating_point_v7_1_5_viv.
INFO: [Synth 8-3332] Sequential element (FIX_TO_FLT_OP.SPD.OP/NORM_SHIFT/MUX_LOOP[2].DEL_SHIFT/i_pipe/opt_has_pipe.first_q_reg[0]) is unused and will be removed from module floating_point_v7_1_5_viv.
---------------------------------------------------------------------------------
Finished Cross Boundary and Area Optimization : Time (s): cpu = 00:00:21 ; elapsed = 00:00:23 . Memory (MB): peak = 812.977 ; gain = 499.863
---------------------------------------------------------------------------------

Report RTL Partitions: 
+-+--------------+------------+----------+
| |RTL Partition |Replication |Instances |
+-+--------------+------------+----------+
+-+--------------+------------+----------+
---------------------------------------------------------------------------------
Start Applying XDC Timing Constraints
---------------------------------------------------------------------------------
---------------------------------------------------------------------------------
Finished Applying XDC Timing Constraints : Time (s): cpu = 00:00:28 ; elapsed = 00:00:30 . Memory (MB): peak = 812.977 ; gain = 499.863
---------------------------------------------------------------------------------
---------------------------------------------------------------------------------
Start Timing Optimization
---------------------------------------------------------------------------------
---------------------------------------------------------------------------------
Finished Timing Optimization : Time (s): cpu = 00:00:28 ; elapsed = 00:00:30 . Memory (MB): peak = 830.664 ; gain = 517.551
---------------------------------------------------------------------------------

Report RTL Partitions: 
+-+--------------+------------+----------+
| |RTL Partition |Replication |Instances |
+-+--------------+------------+----------+
+-+--------------+------------+----------+
---------------------------------------------------------------------------------
Start Technology Mapping
---------------------------------------------------------------------------------
---------------------------------------------------------------------------------
Finished Technology Mapping : Time (s): cpu = 00:00:28 ; elapsed = 00:00:30 . Memory (MB): peak = 832.535 ; gain = 519.422
---------------------------------------------------------------------------------

Report RTL Partitions: 
+-+--------------+------------+----------+
| |RTL Partition |Replication |Instances |
+-+--------------+------------+----------+
+-+--------------+------------+----------+
---------------------------------------------------------------------------------
Start IO Insertion
---------------------------------------------------------------------------------
---------------------------------------------------------------------------------
Start Flattening Before IO Insertion
---------------------------------------------------------------------------------
---------------------------------------------------------------------------------
Finished Flattening Before IO Insertion
---------------------------------------------------------------------------------
---------------------------------------------------------------------------------
Start Final Netlist Cleanup
---------------------------------------------------------------------------------
---------------------------------------------------------------------------------
Finished Final Netlist Cleanup
---------------------------------------------------------------------------------
---------------------------------------------------------------------------------
Finished IO Insertion : Time (s): cpu = 00:00:29 ; elapsed = 00:00:31 . Memory (MB): peak = 832.535 ; gain = 519.422
---------------------------------------------------------------------------------

Report Check Netlist: 
+------+------------------+-------+---------+-------+------------------+
|      |Item              |Errors |Warnings |Status |Description       |
+------+------------------+-------+---------+-------+------------------+
|1     |multi_driven_nets |      0|        0|Passed |Multi driven nets |
+------+------------------+-------+---------+-------+------------------+
---------------------------------------------------------------------------------
Start Renaming Generated Instances
---------------------------------------------------------------------------------
---------------------------------------------------------------------------------
Finished Renaming Generated Instances : Time (s): cpu = 00:00:29 ; elapsed = 00:00:31 . Memory (MB): peak = 832.535 ; gain = 519.422
---------------------------------------------------------------------------------

Report RTL Partitions: 
+-+--------------+------------+----------+
| |RTL Partition |Replication |Instances |
+-+--------------+------------+----------+
+-+--------------+------------+----------+
---------------------------------------------------------------------------------
Start Rebuilding User Hierarchy
---------------------------------------------------------------------------------
---------------------------------------------------------------------------------
Finished Rebuilding User Hierarchy : Time (s): cpu = 00:00:29 ; elapsed = 00:00:31 . Memory (MB): peak = 832.535 ; gain = 519.422
---------------------------------------------------------------------------------
---------------------------------------------------------------------------------
Start Renaming Generated Ports
---------------------------------------------------------------------------------
---------------------------------------------------------------------------------
Finished Renaming Generated Ports : Time (s): cpu = 00:00:29 ; elapsed = 00:00:31 . Memory (MB): peak = 832.535 ; gain = 519.422
---------------------------------------------------------------------------------
---------------------------------------------------------------------------------
Start Handling Custom Attributes
---------------------------------------------------------------------------------
---------------------------------------------------------------------------------
Finished Handling Custom Attributes : Time (s): cpu = 00:00:29 ; elapsed = 00:00:31 . Memory (MB): peak = 832.535 ; gain = 519.422
---------------------------------------------------------------------------------
---------------------------------------------------------------------------------
Start Renaming Generated Nets
---------------------------------------------------------------------------------
---------------------------------------------------------------------------------
Finished Renaming Generated Nets : Time (s): cpu = 00:00:29 ; elapsed = 00:00:31 . Memory (MB): peak = 832.535 ; gain = 519.422
---------------------------------------------------------------------------------
---------------------------------------------------------------------------------
Start Writing Synthesis Report
---------------------------------------------------------------------------------

Report BlackBoxes: 
+-+--------------+----------+
| |BlackBox name |Instances |
+-+--------------+----------+
+-+--------------+----------+

Report Cell Usage: 
+------+-------+------+
|      |Cell   |Count |
+------+-------+------+
|1     |LUT1   |    23|
|2     |LUT2   |    52|
|3     |LUT3   |    16|
|4     |LUT4   |    35|
|5     |LUT5   |    22|
|6     |LUT6   |   109|
|7     |MUXCY  |   117|
|8     |SRL16E |     4|
|9     |XORCY  |    72|
|10    |FDE    |    12|
|11    |FDRE   |   387|
+------+-------+------+
---------------------------------------------------------------------------------
Finished Writing Synthesis Report : Time (s): cpu = 00:00:29 ; elapsed = 00:00:31 . Memory (MB): peak = 832.535 ; gain = 519.422
---------------------------------------------------------------------------------
Synthesis finished with 0 errors, 0 critical warnings and 118 warnings.
Synthesis Optimization Runtime : Time (s): cpu = 00:00:14 ; elapsed = 00:00:26 . Memory (MB): peak = 832.535 ; gain = 228.941
Synthesis Optimization Complete : Time (s): cpu = 00:00:29 ; elapsed = 00:00:31 . Memory (MB): peak = 832.535 ; gain = 519.422
INFO: [Project 1-571] Translating synthesized netlist
INFO: [Netlist 29-17] Analyzing 201 Unisim elements for replacement
INFO: [Netlist 29-28] Unisim Transformation completed in 0 CPU seconds
INFO: [Project 1-570] Preparing netlist for logic optimization
INFO: [Opt 31-138] Pushed 0 inverter(s) to 0 load pin(s).
INFO: [Project 1-111] Unisim Transformation Summary:
  A total of 42 instances were transformed.
  (MUXCY,XORCY) => CARRY4: 30 instances
  FDE => FDRE: 12 instances

INFO: [Common 17-83] Releasing license: Synthesis
88 Infos, 100 Warnings, 0 Critical Warnings and 0 Errors encountered.
synth_design completed successfully
synth_design: Time (s): cpu = 00:00:31 ; elapsed = 00:00:33 . Memory (MB): peak = 832.535 ; gain = 528.742
INFO: [Common 17-1381] The checkpoint 'D:/Alinx/Alinx7010/Self_learning/ov5640_mnist/ov5640_mnist.runs/fix_float_synth_1/fix_float.dcp' has been generated.
INFO: [Coretcl 2-1482] Added synthesis output to IP cache for IP d:/Alinx/Alinx7010/Self_learning/ov5640_mnist/ov5640_mnist.srcs/sources_1/ip/fix_float/fix_float.xci
INFO: [Coretcl 2-1174] Renamed 64 cell refs.
INFO: [Common 17-1381] The checkpoint 'D:/Alinx/Alinx7010/Self_learning/ov5640_mnist/ov5640_mnist.runs/fix_float_synth_1/fix_float.dcp' has been generated.
INFO: [runtcl-4] Executing : report_utilization -file fix_float_utilization_synth.rpt -pb fix_float_utilization_synth.pb
report_utilization: Time (s): cpu = 00:00:00 ; elapsed = 00:00:00.015 . Memory (MB): peak = 832.535 ; gain = 0.000
INFO: [Common 17-206] Exiting Vivado at Tue Feb 14 23:37:20 2023...
