
*** Running vivado
    with args -log rgb2dvi_hdmi.vds -m64 -product Vivado -mode batch -messageDb vivado.pb -notrace -source rgb2dvi_hdmi.tcl


****** Vivado v2017.4 (64-bit)
  **** SW Build 2086221 on Fri Dec 15 20:55:39 MST 2017
  **** IP Build 2085800 on Fri Dec 15 22:25:07 MST 2017
    ** Copyright 1986-2017 Xilinx, Inc. All Rights Reserved.

source rgb2dvi_hdmi.tcl -notrace
Command: synth_design -top rgb2dvi_hdmi -part xc7z010clg400-1 -mode out_of_context
Starting synth_design
Attempting to get a license for feature 'Synthesis' and/or device 'xc7z010'
INFO: [Common 17-349] Got license for feature 'Synthesis' and/or device 'xc7z010'
INFO: Launching helper process for spawning children vivado processes
INFO: Helper process launched with PID 28140 
---------------------------------------------------------------------------------
Starting RTL Elaboration : Time (s): cpu = 00:00:04 ; elapsed = 00:00:04 . Memory (MB): peak = 402.504 ; gain = 99.887
---------------------------------------------------------------------------------
INFO: [Synth 8-638] synthesizing module 'rgb2dvi_hdmi' [d:/Alinx/Alinx7010/Self_learning/ov5640_mnist/ov5640_mnist.srcs/sources_1/ip/rgb2dvi_hdmi/synth/rgb2dvi_hdmi.vhd:73]
	Parameter kGenerateSerialClk bound to: 0 - type: bool 
	Parameter kClkPrimitive bound to: MMCM - type: string 
	Parameter kRstActiveHigh bound to: 0 - type: bool 
	Parameter kClkRange bound to: 1 - type: integer 
INFO: [Synth 8-3491] module 'rgb2dvi' declared at 'd:/Alinx/Alinx7010/Self_learning/ov5640_mnist/ov5640_mnist.srcs/sources_1/ip/rgb2dvi_hdmi/src/rgb2dvi.vhd:61' bound to instance 'U0' of component 'rgb2dvi' [d:/Alinx/Alinx7010/Self_learning/ov5640_mnist/ov5640_mnist.srcs/sources_1/ip/rgb2dvi_hdmi/synth/rgb2dvi_hdmi.vhd:120]
INFO: [Synth 8-638] synthesizing module 'rgb2dvi' [d:/Alinx/Alinx7010/Self_learning/ov5640_mnist/ov5640_mnist.srcs/sources_1/ip/rgb2dvi_hdmi/src/rgb2dvi.vhd:91]
	Parameter kGenerateSerialClk bound to: 0 - type: bool 
	Parameter kClkPrimitive bound to: MMCM - type: string 
	Parameter kClkRange bound to: 1 - type: integer 
	Parameter kRstActiveHigh bound to: 0 - type: bool 
INFO: [Synth 8-638] synthesizing module 'ResetBridge' [d:/Alinx/Alinx7010/Self_learning/ov5640_mnist/ov5640_mnist.srcs/sources_1/ip/rgb2dvi_hdmi/xil_defaultlib/src/SyncAsyncReset.vhd:72]
	Parameter kPolarity bound to: 1'b1 
INFO: [Synth 8-5534] Detected attribute (* keep = "TRUE" *) [d:/Alinx/Alinx7010/Self_learning/ov5640_mnist/ov5640_mnist.srcs/sources_1/ip/rgb2dvi_hdmi/xil_defaultlib/src/SyncAsyncReset.vhd:73]
INFO: [Synth 8-638] synthesizing module 'SyncAsync' [d:/Alinx/Alinx7010/Self_learning/ov5640_mnist/ov5640_mnist.srcs/sources_1/ip/rgb2dvi_hdmi/xil_defaultlib/src/SyncAsync.vhd:72]
	Parameter kResetTo bound to: 1'b1 
	Parameter kStages bound to: 2 - type: integer 
INFO: [Synth 8-5534] Detected attribute (* async_reg = "TRUE" *) [d:/Alinx/Alinx7010/Self_learning/ov5640_mnist/ov5640_mnist.srcs/sources_1/ip/rgb2dvi_hdmi/xil_defaultlib/src/SyncAsync.vhd:73]
INFO: [Synth 8-256] done synthesizing module 'SyncAsync' (1#1) [d:/Alinx/Alinx7010/Self_learning/ov5640_mnist/ov5640_mnist.srcs/sources_1/ip/rgb2dvi_hdmi/xil_defaultlib/src/SyncAsync.vhd:72]
INFO: [Synth 8-256] done synthesizing module 'ResetBridge' (2#1) [d:/Alinx/Alinx7010/Self_learning/ov5640_mnist/ov5640_mnist.srcs/sources_1/ip/rgb2dvi_hdmi/xil_defaultlib/src/SyncAsyncReset.vhd:72]
INFO: [Synth 8-638] synthesizing module 'OutputSERDES' [d:/Alinx/Alinx7010/Self_learning/ov5640_mnist/ov5640_mnist.srcs/sources_1/ip/rgb2dvi_hdmi/src/OutputSERDES.vhd:76]
	Parameter kParallelWidth bound to: 10 - type: integer 
	Parameter CAPACITANCE bound to: DONT_CARE - type: string 
	Parameter IOSTANDARD bound to: TMDS_33 - type: string 
	Parameter SLEW bound to: SLOW - type: string 
INFO: [Synth 8-113] binding component instance 'OutputBuffer' to cell 'OBUFDS' [d:/Alinx/Alinx7010/Self_learning/ov5640_mnist/ov5640_mnist.srcs/sources_1/ip/rgb2dvi_hdmi/src/OutputSERDES.vhd:83]
	Parameter DATA_RATE_OQ bound to: DDR - type: string 
	Parameter DATA_RATE_TQ bound to: SDR - type: string 
	Parameter DATA_WIDTH bound to: 10 - type: integer 
	Parameter INIT_OQ bound to: 1'b0 
	Parameter INIT_TQ bound to: 1'b0 
	Parameter IS_CLKDIV_INVERTED bound to: 1'b0 
	Parameter IS_CLK_INVERTED bound to: 1'b0 
	Parameter IS_D1_INVERTED bound to: 1'b0 
	Parameter IS_D2_INVERTED bound to: 1'b0 
	Parameter IS_D3_INVERTED bound to: 1'b0 
	Parameter IS_D4_INVERTED bound to: 1'b0 
	Parameter IS_D5_INVERTED bound to: 1'b0 
	Parameter IS_D6_INVERTED bound to: 1'b0 
	Parameter IS_D7_INVERTED bound to: 1'b0 
	Parameter IS_D8_INVERTED bound to: 1'b0 
	Parameter IS_T1_INVERTED bound to: 1'b0 
	Parameter IS_T2_INVERTED bound to: 1'b0 
	Parameter IS_T3_INVERTED bound to: 1'b0 
	Parameter IS_T4_INVERTED bound to: 1'b0 
	Parameter SERDES_MODE bound to: MASTER - type: string 
	Parameter SRVAL_OQ bound to: 1'b0 
	Parameter SRVAL_TQ bound to: 1'b0 
	Parameter TBYTE_CTL bound to: FALSE - type: string 
	Parameter TBYTE_SRC bound to: FALSE - type: string 
	Parameter TRISTATE_WIDTH bound to: 1 - type: integer 
INFO: [Synth 8-113] binding component instance 'SerializerMaster' to cell 'OSERDESE2' [d:/Alinx/Alinx7010/Self_learning/ov5640_mnist/ov5640_mnist.srcs/sources_1/ip/rgb2dvi_hdmi/src/OutputSERDES.vhd:92]
	Parameter DATA_RATE_OQ bound to: DDR - type: string 
	Parameter DATA_RATE_TQ bound to: SDR - type: string 
	Parameter DATA_WIDTH bound to: 10 - type: integer 
	Parameter INIT_OQ bound to: 1'b0 
	Parameter INIT_TQ bound to: 1'b0 
	Parameter IS_CLKDIV_INVERTED bound to: 1'b0 
	Parameter IS_CLK_INVERTED bound to: 1'b0 
	Parameter IS_D1_INVERTED bound to: 1'b0 
	Parameter IS_D2_INVERTED bound to: 1'b0 
	Parameter IS_D3_INVERTED bound to: 1'b0 
	Parameter IS_D4_INVERTED bound to: 1'b0 
	Parameter IS_D5_INVERTED bound to: 1'b0 
	Parameter IS_D6_INVERTED bound to: 1'b0 
	Parameter IS_D7_INVERTED bound to: 1'b0 
	Parameter IS_D8_INVERTED bound to: 1'b0 
	Parameter IS_T1_INVERTED bound to: 1'b0 
	Parameter IS_T2_INVERTED bound to: 1'b0 
	Parameter IS_T3_INVERTED bound to: 1'b0 
	Parameter IS_T4_INVERTED bound to: 1'b0 
	Parameter SERDES_MODE bound to: SLAVE - type: string 
	Parameter SRVAL_OQ bound to: 1'b0 
	Parameter SRVAL_TQ bound to: 1'b0 
	Parameter TBYTE_CTL bound to: FALSE - type: string 
	Parameter TBYTE_SRC bound to: FALSE - type: string 
	Parameter TRISTATE_WIDTH bound to: 1 - type: integer 
INFO: [Synth 8-113] binding component instance 'SerializerSlave' to cell 'OSERDESE2' [d:/Alinx/Alinx7010/Self_learning/ov5640_mnist/ov5640_mnist.srcs/sources_1/ip/rgb2dvi_hdmi/src/OutputSERDES.vhd:135]
INFO: [Synth 8-256] done synthesizing module 'OutputSERDES' (3#1) [d:/Alinx/Alinx7010/Self_learning/ov5640_mnist/ov5640_mnist.srcs/sources_1/ip/rgb2dvi_hdmi/src/OutputSERDES.vhd:76]
INFO: [Synth 8-638] synthesizing module 'TMDS_Encoder' [d:/Alinx/Alinx7010/Self_learning/ov5640_mnist/ov5640_mnist.srcs/sources_1/ip/rgb2dvi_hdmi/src/TMDS_Encoder.vhd:80]
INFO: [Synth 8-256] done synthesizing module 'TMDS_Encoder' (4#1) [d:/Alinx/Alinx7010/Self_learning/ov5640_mnist/ov5640_mnist.srcs/sources_1/ip/rgb2dvi_hdmi/src/TMDS_Encoder.vhd:80]
INFO: [Synth 8-256] done synthesizing module 'rgb2dvi' (5#1) [d:/Alinx/Alinx7010/Self_learning/ov5640_mnist/ov5640_mnist.srcs/sources_1/ip/rgb2dvi_hdmi/src/rgb2dvi.vhd:91]
INFO: [Synth 8-256] done synthesizing module 'rgb2dvi_hdmi' (6#1) [d:/Alinx/Alinx7010/Self_learning/ov5640_mnist/ov5640_mnist.srcs/sources_1/ip/rgb2dvi_hdmi/synth/rgb2dvi_hdmi.vhd:73]
WARNING: [Synth 8-3331] design TMDS_Encoder has unconnected port SerialClk
WARNING: [Synth 8-3331] design TMDS_Encoder has unconnected port aRst
WARNING: [Synth 8-3331] design rgb2dvi has unconnected port aRst
---------------------------------------------------------------------------------
Finished RTL Elaboration : Time (s): cpu = 00:00:04 ; elapsed = 00:00:05 . Memory (MB): peak = 455.727 ; gain = 153.109
---------------------------------------------------------------------------------

Report Check Netlist: 
+------+------------------+-------+---------+-------+------------------+
|      |Item              |Errors |Warnings |Status |Description       |
+------+------------------+-------+---------+-------+------------------+
|1     |multi_driven_nets |      0|        0|Passed |Multi driven nets |
+------+------------------+-------+---------+-------+------------------+
---------------------------------------------------------------------------------
Finished RTL Optimization Phase 1 : Time (s): cpu = 00:00:05 ; elapsed = 00:00:05 . Memory (MB): peak = 455.727 ; gain = 153.109
---------------------------------------------------------------------------------
INFO: [Netlist 29-17] Analyzing 4 Unisim elements for replacement
INFO: [Netlist 29-28] Unisim Transformation completed in 0 CPU seconds
INFO: [Device 21-403] Loading part xc7z010clg400-1
INFO: [Project 1-570] Preparing netlist for logic optimization

Processing XDC Constraints
Initializing timing engine
Parsing XDC File [d:/Alinx/Alinx7010/Self_learning/ov5640_mnist/ov5640_mnist.srcs/sources_1/ip/rgb2dvi_hdmi/src/rgb2dvi_ooc.xdc] for cell 'U0'
Finished Parsing XDC File [d:/Alinx/Alinx7010/Self_learning/ov5640_mnist/ov5640_mnist.srcs/sources_1/ip/rgb2dvi_hdmi/src/rgb2dvi_ooc.xdc] for cell 'U0'
Parsing XDC File [d:/Alinx/Alinx7010/Self_learning/ov5640_mnist/ov5640_mnist.srcs/sources_1/ip/rgb2dvi_hdmi/src/rgb2dvi.xdc] for cell 'U0'
Finished Parsing XDC File [d:/Alinx/Alinx7010/Self_learning/ov5640_mnist/ov5640_mnist.srcs/sources_1/ip/rgb2dvi_hdmi/src/rgb2dvi.xdc] for cell 'U0'
Parsing XDC File [D:/Alinx/Alinx7010/Self_learning/ov5640_mnist/ov5640_mnist.runs/rgb2dvi_hdmi_synth_1/dont_touch.xdc]
Finished Parsing XDC File [D:/Alinx/Alinx7010/Self_learning/ov5640_mnist/ov5640_mnist.runs/rgb2dvi_hdmi_synth_1/dont_touch.xdc]
Parsing XDC File [d:/Alinx/Alinx7010/Self_learning/ov5640_mnist/ov5640_mnist.srcs/sources_1/ip/rgb2dvi_hdmi/src/rgb2dvi_clocks.xdc] for cell 'U0'
WARNING: [Constraints 18-619] A clock with name 'SerialClk' already exists, overwriting the previous clock with the same name. [d:/Alinx/Alinx7010/Self_learning/ov5640_mnist/ov5640_mnist.srcs/sources_1/ip/rgb2dvi_hdmi/src/rgb2dvi_clocks.xdc:2]
Finished Parsing XDC File [d:/Alinx/Alinx7010/Self_learning/ov5640_mnist/ov5640_mnist.srcs/sources_1/ip/rgb2dvi_hdmi/src/rgb2dvi_clocks.xdc] for cell 'U0'
Completed Processing XDC Constraints

INFO: [Project 1-111] Unisim Transformation Summary:
No Unisim elements were transformed.

Constraint Validation Runtime : Time (s): cpu = 00:00:00 ; elapsed = 00:00:00.010 . Memory (MB): peak = 790.664 ; gain = 0.000
---------------------------------------------------------------------------------
Finished Constraint Validation : Time (s): cpu = 00:00:13 ; elapsed = 00:00:15 . Memory (MB): peak = 790.664 ; gain = 488.047
---------------------------------------------------------------------------------
---------------------------------------------------------------------------------
Start Loading Part and Timing Information
---------------------------------------------------------------------------------
Loading part: xc7z010clg400-1
---------------------------------------------------------------------------------
Finished Loading Part and Timing Information : Time (s): cpu = 00:00:13 ; elapsed = 00:00:15 . Memory (MB): peak = 790.664 ; gain = 488.047
---------------------------------------------------------------------------------
---------------------------------------------------------------------------------
Start Applying 'set_property' XDC Constraints
---------------------------------------------------------------------------------
Applied set_property DONT_TOUCH = true for U0. (constraint file  D:/Alinx/Alinx7010/Self_learning/ov5640_mnist/ov5640_mnist.runs/rgb2dvi_hdmi_synth_1/dont_touch.xdc, line 9).
---------------------------------------------------------------------------------
Finished applying 'set_property' XDC Constraints : Time (s): cpu = 00:00:13 ; elapsed = 00:00:15 . Memory (MB): peak = 790.664 ; gain = 488.047
---------------------------------------------------------------------------------
INFO: [Synth 8-41] '+' operator could not be merged with '+' operator due to loss of accuracy [d:/Alinx/Alinx7010/Self_learning/ov5640_mnist/ov5640_mnist.srcs/sources_1/ip/rgb2dvi_hdmi/src/TMDS_Encoder.vhd:96]
INFO: [Synth 8-41] '+' operator could not be merged with '+' operator due to loss of accuracy [d:/Alinx/Alinx7010/Self_learning/ov5640_mnist/ov5640_mnist.srcs/sources_1/ip/rgb2dvi_hdmi/src/TMDS_Encoder.vhd:96]
INFO: [Synth 8-41] '+' operator could not be merged with '+' operator due to loss of accuracy [d:/Alinx/Alinx7010/Self_learning/ov5640_mnist/ov5640_mnist.srcs/sources_1/ip/rgb2dvi_hdmi/src/TMDS_Encoder.vhd:96]
INFO: [Synth 8-41] '+' operator could not be merged with '+' operator due to loss of accuracy [d:/Alinx/Alinx7010/Self_learning/ov5640_mnist/ov5640_mnist.srcs/sources_1/ip/rgb2dvi_hdmi/src/TMDS_Encoder.vhd:96]
---------------------------------------------------------------------------------
Finished RTL Optimization Phase 2 : Time (s): cpu = 00:00:14 ; elapsed = 00:00:15 . Memory (MB): peak = 790.664 ; gain = 488.047
---------------------------------------------------------------------------------

Report RTL Partitions: 
+-+--------------+------------+----------+
| |RTL Partition |Replication |Instances |
+-+--------------+------------+----------+
+-+--------------+------------+----------+
---------------------------------------------------------------------------------
Start RTL Component Statistics 
---------------------------------------------------------------------------------
Detailed RTL Component Info : 
+---Adders : 
	   3 Input      5 Bit       Adders := 9     
	   4 Input      5 Bit       Adders := 3     
	   2 Input      5 Bit       Adders := 3     
	   8 Input      4 Bit       Adders := 6     
	   2 Input      4 Bit       Adders := 3     
+---XORs : 
	   2 Input      1 Bit         XORs := 42    
+---Registers : 
	               10 Bit    Registers := 3     
	                9 Bit    Registers := 3     
	                8 Bit    Registers := 3     
	                5 Bit    Registers := 3     
	                4 Bit    Registers := 9     
	                2 Bit    Registers := 1     
	                1 Bit    Registers := 18    
+---Muxes : 
	   4 Input     10 Bit        Muxes := 3     
	   2 Input     10 Bit        Muxes := 9     
	   2 Input      9 Bit        Muxes := 3     
	   2 Input      5 Bit        Muxes := 9     
---------------------------------------------------------------------------------
Finished RTL Component Statistics 
---------------------------------------------------------------------------------
---------------------------------------------------------------------------------
Start RTL Hierarchical Component Statistics 
---------------------------------------------------------------------------------
Hierarchical RTL Component report 
Module SyncAsync 
Detailed RTL Component Info : 
+---Registers : 
	                2 Bit    Registers := 1     
Module TMDS_Encoder 
Detailed RTL Component Info : 
+---Adders : 
	   3 Input      5 Bit       Adders := 3     
	   4 Input      5 Bit       Adders := 1     
	   2 Input      5 Bit       Adders := 1     
	   8 Input      4 Bit       Adders := 2     
	   2 Input      4 Bit       Adders := 1     
+---XORs : 
	   2 Input      1 Bit         XORs := 14    
+---Registers : 
	               10 Bit    Registers := 1     
	                9 Bit    Registers := 1     
	                8 Bit    Registers := 1     
	                5 Bit    Registers := 1     
	                4 Bit    Registers := 3     
	                1 Bit    Registers := 6     
+---Muxes : 
	   4 Input     10 Bit        Muxes := 1     
	   2 Input     10 Bit        Muxes := 3     
	   2 Input      9 Bit        Muxes := 1     
	   2 Input      5 Bit        Muxes := 3     
---------------------------------------------------------------------------------
Finished RTL Hierarchical Component Statistics
---------------------------------------------------------------------------------
---------------------------------------------------------------------------------
Start Part Resource Summary
---------------------------------------------------------------------------------
Part Resources:
DSPs: 80 (col length:40)
BRAMs: 120 (col length: RAMB18 40 RAMB36 20)
---------------------------------------------------------------------------------
Finished Part Resource Summary
---------------------------------------------------------------------------------
---------------------------------------------------------------------------------
Start Cross Boundary and Area Optimization
---------------------------------------------------------------------------------
INFO: [Synth 8-4471] merging register 'DataEncoders[1].DataEncoder/pC1_1_reg' into 'DataEncoders[1].DataEncoder/pC0_1_reg' [d:/Alinx/Alinx7010/Self_learning/ov5640_mnist/ov5640_mnist.srcs/sources_1/ip/rgb2dvi_hdmi/src/TMDS_Encoder.vhd:115]
INFO: [Synth 8-4471] merging register 'DataEncoders[1].DataEncoder/pC1_2_reg' into 'DataEncoders[1].DataEncoder/pC0_2_reg' [d:/Alinx/Alinx7010/Self_learning/ov5640_mnist/ov5640_mnist.srcs/sources_1/ip/rgb2dvi_hdmi/src/TMDS_Encoder.vhd:149]
INFO: [Synth 8-4471] merging register 'DataEncoders[1].DataEncoder/pVde_1_reg' into 'DataEncoders[0].DataEncoder/pVde_1_reg' [d:/Alinx/Alinx7010/Self_learning/ov5640_mnist/ov5640_mnist.srcs/sources_1/ip/rgb2dvi_hdmi/src/TMDS_Encoder.vhd:110]
INFO: [Synth 8-4471] merging register 'DataEncoders[1].DataEncoder/pVde_2_reg' into 'DataEncoders[0].DataEncoder/pVde_2_reg' [d:/Alinx/Alinx7010/Self_learning/ov5640_mnist/ov5640_mnist.srcs/sources_1/ip/rgb2dvi_hdmi/src/TMDS_Encoder.vhd:150]
INFO: [Synth 8-4471] merging register 'DataEncoders[2].DataEncoder/pC0_1_reg' into 'DataEncoders[1].DataEncoder/pC0_1_reg' [d:/Alinx/Alinx7010/Self_learning/ov5640_mnist/ov5640_mnist.srcs/sources_1/ip/rgb2dvi_hdmi/src/TMDS_Encoder.vhd:114]
INFO: [Synth 8-4471] merging register 'DataEncoders[2].DataEncoder/pC0_2_reg' into 'DataEncoders[1].DataEncoder/pC0_2_reg' [d:/Alinx/Alinx7010/Self_learning/ov5640_mnist/ov5640_mnist.srcs/sources_1/ip/rgb2dvi_hdmi/src/TMDS_Encoder.vhd:148]
INFO: [Synth 8-4471] merging register 'DataEncoders[2].DataEncoder/pC1_1_reg' into 'DataEncoders[1].DataEncoder/pC0_1_reg' [d:/Alinx/Alinx7010/Self_learning/ov5640_mnist/ov5640_mnist.srcs/sources_1/ip/rgb2dvi_hdmi/src/TMDS_Encoder.vhd:115]
INFO: [Synth 8-4471] merging register 'DataEncoders[2].DataEncoder/pC1_2_reg' into 'DataEncoders[1].DataEncoder/pC0_2_reg' [d:/Alinx/Alinx7010/Self_learning/ov5640_mnist/ov5640_mnist.srcs/sources_1/ip/rgb2dvi_hdmi/src/TMDS_Encoder.vhd:149]
INFO: [Synth 8-4471] merging register 'DataEncoders[2].DataEncoder/pVde_1_reg' into 'DataEncoders[0].DataEncoder/pVde_1_reg' [d:/Alinx/Alinx7010/Self_learning/ov5640_mnist/ov5640_mnist.srcs/sources_1/ip/rgb2dvi_hdmi/src/TMDS_Encoder.vhd:110]
INFO: [Synth 8-4471] merging register 'DataEncoders[2].DataEncoder/pVde_2_reg' into 'DataEncoders[0].DataEncoder/pVde_2_reg' [d:/Alinx/Alinx7010/Self_learning/ov5640_mnist/ov5640_mnist.srcs/sources_1/ip/rgb2dvi_hdmi/src/TMDS_Encoder.vhd:150]
WARNING: [Synth 8-6014] Unused sequential element DataEncoders[1].DataEncoder/pC1_1_reg was removed.  [d:/Alinx/Alinx7010/Self_learning/ov5640_mnist/ov5640_mnist.srcs/sources_1/ip/rgb2dvi_hdmi/src/TMDS_Encoder.vhd:115]
WARNING: [Synth 8-6014] Unused sequential element DataEncoders[1].DataEncoder/pC1_2_reg was removed.  [d:/Alinx/Alinx7010/Self_learning/ov5640_mnist/ov5640_mnist.srcs/sources_1/ip/rgb2dvi_hdmi/src/TMDS_Encoder.vhd:149]
WARNING: [Synth 8-6014] Unused sequential element DataEncoders[1].DataEncoder/pVde_1_reg was removed.  [d:/Alinx/Alinx7010/Self_learning/ov5640_mnist/ov5640_mnist.srcs/sources_1/ip/rgb2dvi_hdmi/src/TMDS_Encoder.vhd:110]
WARNING: [Synth 8-6014] Unused sequential element DataEncoders[1].DataEncoder/pVde_2_reg was removed.  [d:/Alinx/Alinx7010/Self_learning/ov5640_mnist/ov5640_mnist.srcs/sources_1/ip/rgb2dvi_hdmi/src/TMDS_Encoder.vhd:150]
WARNING: [Synth 8-6014] Unused sequential element DataEncoders[2].DataEncoder/pC0_1_reg was removed.  [d:/Alinx/Alinx7010/Self_learning/ov5640_mnist/ov5640_mnist.srcs/sources_1/ip/rgb2dvi_hdmi/src/TMDS_Encoder.vhd:114]
WARNING: [Synth 8-6014] Unused sequential element DataEncoders[2].DataEncoder/pC0_2_reg was removed.  [d:/Alinx/Alinx7010/Self_learning/ov5640_mnist/ov5640_mnist.srcs/sources_1/ip/rgb2dvi_hdmi/src/TMDS_Encoder.vhd:148]
WARNING: [Synth 8-6014] Unused sequential element DataEncoders[2].DataEncoder/pC1_1_reg was removed.  [d:/Alinx/Alinx7010/Self_learning/ov5640_mnist/ov5640_mnist.srcs/sources_1/ip/rgb2dvi_hdmi/src/TMDS_Encoder.vhd:115]
WARNING: [Synth 8-6014] Unused sequential element DataEncoders[2].DataEncoder/pC1_2_reg was removed.  [d:/Alinx/Alinx7010/Self_learning/ov5640_mnist/ov5640_mnist.srcs/sources_1/ip/rgb2dvi_hdmi/src/TMDS_Encoder.vhd:149]
WARNING: [Synth 8-6014] Unused sequential element DataEncoders[2].DataEncoder/pVde_1_reg was removed.  [d:/Alinx/Alinx7010/Self_learning/ov5640_mnist/ov5640_mnist.srcs/sources_1/ip/rgb2dvi_hdmi/src/TMDS_Encoder.vhd:110]
WARNING: [Synth 8-6014] Unused sequential element DataEncoders[2].DataEncoder/pVde_2_reg was removed.  [d:/Alinx/Alinx7010/Self_learning/ov5640_mnist/ov5640_mnist.srcs/sources_1/ip/rgb2dvi_hdmi/src/TMDS_Encoder.vhd:150]
WARNING: [Synth 8-3331] design rgb2dvi has unconnected port aRst
INFO: [Synth 8-3886] merging instance 'U0/DataEncoders[0].DataEncoder/n0q_m_2_reg[0]' (FD) to 'U0/DataEncoders[0].DataEncoder/n1q_m_2_reg[0]'
INFO: [Synth 8-3886] merging instance 'U0/DataEncoders[1].DataEncoder/n0q_m_2_reg[0]' (FD) to 'U0/DataEncoders[1].DataEncoder/n1q_m_2_reg[0]'
INFO: [Synth 8-3886] merging instance 'U0/DataEncoders[2].DataEncoder/n0q_m_2_reg[0]' (FD) to 'U0/DataEncoders[2].DataEncoder/n1q_m_2_reg[0]'
INFO: [Synth 8-3333] propagating constant 0 across sequential element (U0/\DataEncoders[1].DataEncoder/pC0_1_reg )
INFO: [Synth 8-3886] merging instance 'U0/DataEncoders[1].DataEncoder/pC0_2_reg' (FD) to 'U0/DataEncoders[1].DataEncoder/pC0_1_reg'
INFO: [Synth 8-3333] propagating constant 0 across sequential element (U0/\DataEncoders[1].DataEncoder/pC0_1_reg )
WARNING: [Synth 8-3332] Sequential element (DataEncoders[0].DataEncoder/cnt_t_3_reg[0]) is unused and will be removed from module rgb2dvi.
WARNING: [Synth 8-3332] Sequential element (DataEncoders[1].DataEncoder/pC0_1_reg) is unused and will be removed from module rgb2dvi.
WARNING: [Synth 8-3332] Sequential element (DataEncoders[1].DataEncoder/cnt_t_3_reg[0]) is unused and will be removed from module rgb2dvi.
WARNING: [Synth 8-3332] Sequential element (DataEncoders[2].DataEncoder/cnt_t_3_reg[0]) is unused and will be removed from module rgb2dvi.
---------------------------------------------------------------------------------
Finished Cross Boundary and Area Optimization : Time (s): cpu = 00:00:16 ; elapsed = 00:00:17 . Memory (MB): peak = 790.664 ; gain = 488.047
---------------------------------------------------------------------------------

Report RTL Partitions: 
+-+--------------+------------+----------+
| |RTL Partition |Replication |Instances |
+-+--------------+------------+----------+
+-+--------------+------------+----------+
---------------------------------------------------------------------------------
Start Applying XDC Timing Constraints
---------------------------------------------------------------------------------
WARNING: [Synth 8-565] redefining clock 'SerialClk'
---------------------------------------------------------------------------------
Finished Applying XDC Timing Constraints : Time (s): cpu = 00:00:22 ; elapsed = 00:00:24 . Memory (MB): peak = 790.664 ; gain = 488.047
---------------------------------------------------------------------------------
---------------------------------------------------------------------------------
Start Timing Optimization
---------------------------------------------------------------------------------
---------------------------------------------------------------------------------
Finished Timing Optimization : Time (s): cpu = 00:00:23 ; elapsed = 00:00:24 . Memory (MB): peak = 815.855 ; gain = 513.238
---------------------------------------------------------------------------------

Report RTL Partitions: 
+-+--------------+------------+----------+
| |RTL Partition |Replication |Instances |
+-+--------------+------------+----------+
+-+--------------+------------+----------+
---------------------------------------------------------------------------------
Start Technology Mapping
---------------------------------------------------------------------------------
---------------------------------------------------------------------------------
Finished Technology Mapping : Time (s): cpu = 00:00:23 ; elapsed = 00:00:24 . Memory (MB): peak = 825.301 ; gain = 522.684
---------------------------------------------------------------------------------

Report RTL Partitions: 
+-+--------------+------------+----------+
| |RTL Partition |Replication |Instances |
+-+--------------+------------+----------+
+-+--------------+------------+----------+
---------------------------------------------------------------------------------
Start IO Insertion
---------------------------------------------------------------------------------
---------------------------------------------------------------------------------
Start Flattening Before IO Insertion
---------------------------------------------------------------------------------
---------------------------------------------------------------------------------
Finished Flattening Before IO Insertion
---------------------------------------------------------------------------------
---------------------------------------------------------------------------------
Start Final Netlist Cleanup
---------------------------------------------------------------------------------
---------------------------------------------------------------------------------
Finished Final Netlist Cleanup
---------------------------------------------------------------------------------
---------------------------------------------------------------------------------
Finished IO Insertion : Time (s): cpu = 00:00:24 ; elapsed = 00:00:25 . Memory (MB): peak = 825.301 ; gain = 522.684
---------------------------------------------------------------------------------

Report Check Netlist: 
+------+------------------+-------+---------+-------+------------------+
|      |Item              |Errors |Warnings |Status |Description       |
+------+------------------+-------+---------+-------+------------------+
|1     |multi_driven_nets |      0|        0|Passed |Multi driven nets |
+------+------------------+-------+---------+-------+------------------+
---------------------------------------------------------------------------------
Start Renaming Generated Instances
---------------------------------------------------------------------------------
---------------------------------------------------------------------------------
Finished Renaming Generated Instances : Time (s): cpu = 00:00:24 ; elapsed = 00:00:25 . Memory (MB): peak = 825.301 ; gain = 522.684
---------------------------------------------------------------------------------

Report RTL Partitions: 
+-+--------------+------------+----------+
| |RTL Partition |Replication |Instances |
+-+--------------+------------+----------+
+-+--------------+------------+----------+
---------------------------------------------------------------------------------
Start Rebuilding User Hierarchy
---------------------------------------------------------------------------------
---------------------------------------------------------------------------------
Finished Rebuilding User Hierarchy : Time (s): cpu = 00:00:24 ; elapsed = 00:00:25 . Memory (MB): peak = 825.301 ; gain = 522.684
---------------------------------------------------------------------------------
---------------------------------------------------------------------------------
Start Renaming Generated Ports
---------------------------------------------------------------------------------
---------------------------------------------------------------------------------
Finished Renaming Generated Ports : Time (s): cpu = 00:00:24 ; elapsed = 00:00:25 . Memory (MB): peak = 825.301 ; gain = 522.684
---------------------------------------------------------------------------------
---------------------------------------------------------------------------------
Start Handling Custom Attributes
---------------------------------------------------------------------------------
---------------------------------------------------------------------------------
Finished Handling Custom Attributes : Time (s): cpu = 00:00:24 ; elapsed = 00:00:25 . Memory (MB): peak = 825.301 ; gain = 522.684
---------------------------------------------------------------------------------
---------------------------------------------------------------------------------
Start Renaming Generated Nets
---------------------------------------------------------------------------------
---------------------------------------------------------------------------------
Finished Renaming Generated Nets : Time (s): cpu = 00:00:24 ; elapsed = 00:00:25 . Memory (MB): peak = 825.301 ; gain = 522.684
---------------------------------------------------------------------------------
---------------------------------------------------------------------------------
Start Writing Synthesis Report
---------------------------------------------------------------------------------

Report BlackBoxes: 
+-+--------------+----------+
| |BlackBox name |Instances |
+-+--------------+----------+
+-+--------------+----------+

Report Cell Usage: 
+------+------------+------+
|      |Cell        |Count |
+------+------------+------+
|1     |LUT1        |     2|
|2     |LUT2        |    19|
|3     |LUT3        |    31|
|4     |LUT4        |    20|
|5     |LUT5        |    34|
|6     |LUT6        |    85|
|7     |MUXF7       |     3|
|8     |OSERDESE2   |     4|
|9     |OSERDESE2_1 |     4|
|10    |FDPE        |     2|
|11    |FDRE        |   117|
|12    |FDSE        |    15|
|13    |OBUFDS      |     4|
+------+------------+------+

Report Instance Areas: 
+------+-------------------------------------+---------------+------+
|      |Instance                             |Module         |Cells |
+------+-------------------------------------+---------------+------+
|1     |top                                  |               |   340|
|2     |  U0                                 |rgb2dvi        |   340|
|3     |    ClockSerializer                  |OutputSERDES   |     3|
|4     |    \DataEncoders[0].DataEncoder     |TMDS_Encoder   |   115|
|5     |    \DataEncoders[0].DataSerializer  |OutputSERDES_0 |     3|
|6     |    \DataEncoders[1].DataEncoder     |TMDS_Encoder_1 |   105|
|7     |    \DataEncoders[1].DataSerializer  |OutputSERDES_2 |     3|
|8     |    \DataEncoders[2].DataEncoder     |TMDS_Encoder_3 |   105|
|9     |    \DataEncoders[2].DataSerializer  |OutputSERDES_4 |     3|
|10    |    LockLostReset                    |ResetBridge    |     3|
|11    |      SyncAsyncx                     |SyncAsync      |     2|
+------+-------------------------------------+---------------+------+
---------------------------------------------------------------------------------
Finished Writing Synthesis Report : Time (s): cpu = 00:00:24 ; elapsed = 00:00:25 . Memory (MB): peak = 825.301 ; gain = 522.684
---------------------------------------------------------------------------------
Synthesis finished with 0 errors, 0 critical warnings and 16 warnings.
Synthesis Optimization Runtime : Time (s): cpu = 00:00:15 ; elapsed = 00:00:19 . Memory (MB): peak = 825.301 ; gain = 187.746
Synthesis Optimization Complete : Time (s): cpu = 00:00:24 ; elapsed = 00:00:25 . Memory (MB): peak = 825.301 ; gain = 522.684
INFO: [Project 1-571] Translating synthesized netlist
INFO: [Netlist 29-17] Analyzing 7 Unisim elements for replacement
INFO: [Netlist 29-28] Unisim Transformation completed in 0 CPU seconds
INFO: [Project 1-570] Preparing netlist for logic optimization
INFO: [Opt 31-138] Pushed 0 inverter(s) to 0 load pin(s).
INFO: [Project 1-111] Unisim Transformation Summary:
No Unisim elements were transformed.

INFO: [Common 17-83] Releasing license: Synthesis
51 Infos, 20 Warnings, 0 Critical Warnings and 0 Errors encountered.
synth_design completed successfully
synth_design: Time (s): cpu = 00:00:25 ; elapsed = 00:00:27 . Memory (MB): peak = 825.301 ; gain = 534.168
INFO: [Common 17-1381] The checkpoint 'D:/Alinx/Alinx7010/Self_learning/ov5640_mnist/ov5640_mnist.runs/rgb2dvi_hdmi_synth_1/rgb2dvi_hdmi.dcp' has been generated.
INFO: [Coretcl 2-1482] Added synthesis output to IP cache for IP d:/Alinx/Alinx7010/Self_learning/ov5640_mnist/ov5640_mnist.srcs/sources_1/ip/rgb2dvi_hdmi/rgb2dvi_hdmi.xci
INFO: [Coretcl 2-1174] Renamed 10 cell refs.
INFO: [Common 17-1381] The checkpoint 'D:/Alinx/Alinx7010/Self_learning/ov5640_mnist/ov5640_mnist.runs/rgb2dvi_hdmi_synth_1/rgb2dvi_hdmi.dcp' has been generated.
INFO: [runtcl-4] Executing : report_utilization -file rgb2dvi_hdmi_utilization_synth.rpt -pb rgb2dvi_hdmi_utilization_synth.pb
report_utilization: Time (s): cpu = 00:00:00 ; elapsed = 00:00:00.014 . Memory (MB): peak = 825.301 ; gain = 0.000
INFO: [Common 17-206] Exiting Vivado at Tue Dec 27 16:10:32 2022...
